This is XeTeX, Version 3.141592653-2.6-0.999995 (MiKTeX 24.1) (preloaded format=xelatex 2026.4.25)  27 APR 2026 04:47
entering extended mode
 restricted \write18 enabled.
 file:line:error style messages enabled.
 %&-line parsing enabled.
**"d:/1.TUM courses/Masters Thesis/Report_Latex/main.tex"
(d:/1.TUM courses/Masters Thesis/Report_Latex/main.tex
LaTeX2e <2023-11-01> patch level 1
L3 programming layer <2024-01-04>
(C:\Users\aakas\AppData\Local\Programs\MiKTeX\tex/latex/base\report.cls
Document Class: report 2023/05/17 v1.4n Standard LaTeX document class
(C:\Users\aakas\AppData\Local\Programs\MiKTeX\tex/latex/base\size11.clo
File: size11.clo 2023/05/17 v1.4n Standard LaTeX file (size option)
)
\c@part=\count183
\c@chapter=\count184
\c@section=\count185
\c@subsection=\count186
\c@subsubsection=\count187
\c@paragraph=\count188
\c@subparagraph=\count189
\c@figure=\count190
\c@table=\count191
\abovecaptionskip=\skip48
\belowcaptionskip=\skip49
\bibindent=\dimen140
) (C:\Users\aakas\AppData\Local\Programs\MiKTeX\tex/latex/amsmath\amsmath.sty
Package: amsmath 2023/05/13 v2.17o AMS math features
\@mathmargin=\skip50

For additional information on amsmath, use the `?' option.
(C:\Users\aakas\AppData\Local\Programs\MiKTeX\tex/latex/amsmath\amstext.sty
Package: amstext 2021/08/26 v2.01 AMS text
 (C:\Users\aakas\AppData\Local\Programs\MiKTeX\tex/latex/amsmath\amsgen.sty
File: amsgen.sty 1999/11/30 v2.0 generic functions
\@emptytoks=\toks17
\ex@=\dimen141
)) (C:\Users\aakas\AppData\Local\Programs\MiKTeX\tex/latex/amsmath\amsbsy.sty
Package: amsbsy 1999/11/29 v1.2d Bold Symbols
\pmbraise@=\dimen142
) (C:\Users\aakas\AppData\Local\Programs\MiKTeX\tex/latex/amsmath\amsopn.sty
Package: amsopn 2022/04/08 v2.04 operator names
)
\inf@bad=\count192
LaTeX Info: Redefining \frac on input line 234.
\uproot@=\count193
\leftroot@=\count194
LaTeX Info: Redefining \overline on input line 399.
LaTeX Info: Redefining \colon on input line 410.
\classnum@=\count195
\DOTSCASE@=\count196
LaTeX Info: Redefining \ldots on input line 496.
LaTeX Info: Redefining \dots on input line 499.
LaTeX Info: Redefining \cdots on input line 620.
\Mathstrutbox@=\box51
\strutbox@=\box52
LaTeX Info: Redefining \big on input line 722.
LaTeX Info: Redefining \Big on input line 723.
LaTeX Info: Redefining \bigg on input line 724.
LaTeX Info: Redefining \Bigg on input line 725.
\big@size=\dimen143
LaTeX Font Info:    Redeclaring font encoding OML on input line 743.
LaTeX Font Info:    Redeclaring font encoding OMS on input line 744.
\macc@depth=\count197
LaTeX Info: Redefining \bmod on input line 905.
LaTeX Info: Redefining \pmod on input line 910.
LaTeX Info: Redefining \smash on input line 940.
LaTeX Info: Redefining \relbar on input line 970.
LaTeX Info: Redefining \Relbar on input line 971.
\c@MaxMatrixCols=\count198
\dotsspace@=\muskip16
\c@parentequation=\count199
\dspbrk@lvl=\count266
\tag@help=\toks18
\row@=\count267
\column@=\count268
\maxfields@=\count269
\andhelp@=\toks19
\eqnshift@=\dimen144
\alignsep@=\dimen145
\tagshift@=\dimen146
\tagwidth@=\dimen147
\totwidth@=\dimen148
\lineht@=\dimen149
\@envbody=\toks20
\multlinegap=\skip51
\multlinetaggap=\skip52
\mathdisplay@stack=\toks21
LaTeX Info: Redefining \[ on input line 2953.
LaTeX Info: Redefining \] on input line 2954.
) (C:\Users\aakas\AppData\Local\Programs\MiKTeX\tex/latex/amsfonts\amssymb.sty
Package: amssymb 2013/01/14 v3.01 AMS font symbols
 (C:\Users\aakas\AppData\Local\Programs\MiKTeX\tex/latex/amsfonts\amsfonts.sty
Package: amsfonts 2013/01/14 v3.01 Basic AMSFonts support
\symAMSa=\mathgroup4
\symAMSb=\mathgroup5
LaTeX Font Info:    Redeclaring math symbol \hbar on input line 98.
LaTeX Font Info:    Overwriting math alphabet `\mathfrak' in version `bold'
(Font)                  U/euf/m/n --> U/euf/b/n on input line 106.
)) (C:\Users\aakas\AppData\Local\Programs\MiKTeX\tex/latex/geometry\geometry.sty
Package: geometry 2020/01/02 v5.9 Page Geometry
 (C:\Users\aakas\AppData\Local\Programs\MiKTeX\tex/latex/graphics\keyval.sty
Package: keyval 2022/05/29 v1.15 key=value parser (DPC)
\KV@toks@=\toks22
) (C:\Users\aakas\AppData\Local\Programs\MiKTeX\tex/generic/iftex\ifvtex.sty
Package: ifvtex 2019/10/25 v1.7 ifvtex legacy package. Use iftex instead.
 (C:\Users\aakas\AppData\Local\Programs\MiKTeX\tex/generic/iftex\iftex.sty
Package: iftex 2022/02/03 v1.0f TeX engine tests
))
\Gm@cnth=\count270
\Gm@cntv=\count271
\c@Gm@tempcnt=\count272
\Gm@bindingoffset=\dimen150
\Gm@wd@mp=\dimen151
\Gm@odd@mp=\dimen152
\Gm@even@mp=\dimen153
\Gm@layoutwidth=\dimen154
\Gm@layoutheight=\dimen155
\Gm@layouthoffset=\dimen156
\Gm@layoutvoffset=\dimen157
\Gm@dimlist=\toks23
 (C:\Users\aakas\AppData\Local\Programs\MiKTeX\tex/latex/geometry\geometry.cfg)) (C:\Users\aakas\AppData\Local\Programs\MiKTeX\tex/latex/graphics\graphicx.sty
Package: graphicx 2021/09/16 v1.2d Enhanced LaTeX Graphics (DPC,SPQR)
 (C:\Users\aakas\AppData\Local\Programs\MiKTeX\tex/latex/graphics\graphics.sty
Package: graphics 2022/03/10 v1.4e Standard LaTeX Graphics (DPC,SPQR)
 (C:\Users\aakas\AppData\Local\Programs\MiKTeX\tex/latex/graphics\trig.sty
Package: trig 2021/08/11 v1.11 sin cos tan (DPC)
) (C:\Users\aakas\AppData\Local\Programs\MiKTeX\tex/latex/graphics-cfg\graphics.cfg
File: graphics.cfg 2016/06/04 v1.11 sample graphics configuration
)
Package graphics Info: Driver file: xetex.def on input line 107.
 (C:\Users\aakas\AppData\Local\Programs\MiKTeX\tex/latex/graphics-def\xetex.def
File: xetex.def 2022/09/22 v5.0n Graphics/color driver for xetex
))
\Gin@req@height=\dimen158
\Gin@req@width=\dimen159
) (C:\Users\aakas\AppData\Local\Programs\MiKTeX\tex/latex/caption\subcaption.sty
Package: subcaption 2023/07/28 v1.6b Sub-captions (AR)
 (C:\Users\aakas\AppData\Local\Programs\MiKTeX\tex/latex/caption\caption.sty
Package: caption 2023/08/05 v3.6o Customizing captions (AR)
 (C:\Users\aakas\AppData\Local\Programs\MiKTeX\tex/latex/caption\caption3.sty
Package: caption3 2023/07/31 v2.4d caption3 kernel (AR)
\caption@tempdima=\dimen160
\captionmargin=\dimen161
\caption@leftmargin=\dimen162
\caption@rightmargin=\dimen163
\caption@width=\dimen164
\caption@indent=\dimen165
\caption@parindent=\dimen166
\caption@hangindent=\dimen167
Package caption Info: Standard document class detected.
)
\c@caption@flags=\count273
\c@continuedfloat=\count274
)
Package caption Info: New subtype `subfigure' on input line 238.
\c@subfigure=\count275
Package caption Info: New subtype `subtable' on input line 238.
\c@subtable=\count276
) (C:\Users\aakas\AppData\Local\Programs\MiKTeX\tex/latex/float\float.sty
Package: float 2001/11/08 v1.3d Float enhancements (AL)
\c@float@type=\count277
\float@exts=\toks24
\float@box=\box53
\@float@everytoks=\toks25
\@floatcapt=\box54
) (C:\Users\aakas\AppData\Local\Programs\MiKTeX\tex/latex/tools\array.sty
Package: array 2023/10/16 v2.5g Tabular extension package (FMi)
\col@sep=\dimen168
\ar@mcellbox=\box55
\extrarowheight=\dimen169
\NC@list=\toks26
\extratabsurround=\skip53
\backup@length=\skip54
\ar@cellbox=\box56
) (C:\Users\aakas\AppData\Local\Programs\MiKTeX\tex/latex/booktabs\booktabs.sty
Package: booktabs 2020/01/12 v1.61803398 Publication quality tables
\heavyrulewidth=\dimen170
\lightrulewidth=\dimen171
\cmidrulewidth=\dimen172
\belowrulesep=\dimen173
\belowbottomsep=\dimen174
\aboverulesep=\dimen175
\abovetopsep=\dimen176
\cmidrulesep=\dimen177
\cmidrulekern=\dimen178
\defaultaddspace=\dimen179
\@cmidla=\count278
\@cmidlb=\count279
\@aboverulesep=\dimen180
\@belowrulesep=\dimen181
\@thisruleclass=\count280
\@lastruleclass=\count281
\@thisrulewidth=\dimen182
) (C:\Users\aakas\AppData\Local\Programs\MiKTeX\tex/latex/subfiles\subfiles.sty
Package: subfiles 2020/11/14 v2.2 Multi-file projects (package)
 (C:\Users\aakas\AppData\Local\Programs\MiKTeX\tex/latex/import\import.sty
Package: import 2020/04/01  v 6.2
)) (C:\Users\aakas\AppData\Local\Programs\MiKTeX\tex/latex/titlesec\titlesec.sty
Package: titlesec 2025/01/04 v2.17 Sectioning titles
\ttl@box=\box57
\beforetitleunit=\skip55
\aftertitleunit=\skip56
\ttl@plus=\dimen183
\ttl@minus=\dimen184
\ttl@toksa=\toks27
\titlewidth=\dimen185
\titlewidthlast=\dimen186
\titlewidthfirst=\dimen187
) (C:\Users\aakas\AppData\Local\Programs\MiKTeX\tex/latex/hyperref\hyperref.sty
Package: hyperref 2023-11-26 v7.01g Hypertext links for LaTeX
 (C:\Users\aakas\AppData\Local\Programs\MiKTeX\tex/generic/infwarerr\infwarerr.sty
Package: infwarerr 2019/12/03 v1.5 Providing info/warning/error messages (HO)
) (C:\Users\aakas\AppData\Local\Programs\MiKTeX\tex/latex/kvsetkeys\kvsetkeys.sty
Package: kvsetkeys 2022-10-05 v1.19 Key value parser (HO)
) (C:\Users\aakas\AppData\Local\Programs\MiKTeX\tex/generic/kvdefinekeys\kvdefinekeys.sty
Package: kvdefinekeys 2019-12-19 v1.6 Define keys (HO)
) (C:\Users\aakas\AppData\Local\Programs\MiKTeX\tex/generic/pdfescape\pdfescape.sty
Package: pdfescape 2019/12/09 v1.15 Implements pdfTeX's escape features (HO)
 (C:\Users\aakas\AppData\Local\Programs\MiKTeX\tex/generic/ltxcmds\ltxcmds.sty
Package: ltxcmds 2023-12-04 v1.26 LaTeX kernel commands for general use (HO)
) (C:\Users\aakas\AppData\Local\Programs\MiKTeX\tex/generic/pdftexcmds\pdftexcmds.sty
Package: pdftexcmds 2020-06-27 v0.33 Utility functions of pdfTeX for LuaTeX (HO)
Package pdftexcmds Info: \pdf@primitive is available.
Package pdftexcmds Info: \pdf@ifprimitive is available.
Package pdftexcmds Info: \pdfdraftmode not found.
)) (C:\Users\aakas\AppData\Local\Programs\MiKTeX\tex/latex/hycolor\hycolor.sty
Package: hycolor 2020-01-27 v1.10 Color options for hyperref/bookmark (HO)
) (C:\Users\aakas\AppData\Local\Programs\MiKTeX\tex/latex/letltxmacro\letltxmacro.sty
Package: letltxmacro 2019/12/03 v1.6 Let assignment for LaTeX macros (HO)
) (C:\Users\aakas\AppData\Local\Programs\MiKTeX\tex/latex/auxhook\auxhook.sty
Package: auxhook 2019-12-17 v1.6 Hooks for auxiliary files (HO)
) (C:\Users\aakas\AppData\Local\Programs\MiKTeX\tex/latex/hyperref\nameref.sty
Package: nameref 2023-11-26 v2.56 Cross-referencing by name of section
 (C:\Users\aakas\AppData\Local\Programs\MiKTeX\tex/latex/refcount\refcount.sty
Package: refcount 2019/12/15 v3.6 Data extraction from label references (HO)
) (C:\Users\aakas\AppData\Local\Programs\MiKTeX\tex/generic/gettitlestring\gettitlestring.sty
Package: gettitlestring 2019/12/15 v1.6 Cleanup title references (HO)
 (C:\Users\aakas\AppData\Local\Programs\MiKTeX\tex/latex/kvoptions\kvoptions.sty
Package: kvoptions 2022-06-15 v3.15 Key value format for package options (HO)
))
\c@section@level=\count282
) (C:\Users\aakas\AppData\Local\Programs\MiKTeX\tex/latex/etoolbox\etoolbox.sty
Package: etoolbox 2020/10/05 v2.5k e-TeX tools for LaTeX (JAW)
\etb@tempcnta=\count283
)
\@linkdim=\dimen188
\Hy@linkcounter=\count284
\Hy@pagecounter=\count285
 (C:\Users\aakas\AppData\Local\Programs\MiKTeX\tex/latex/hyperref\pd1enc.def
File: pd1enc.def 2023-11-26 v7.01g Hyperref: PDFDocEncoding definition (HO)
) (C:\Users\aakas\AppData\Local\Programs\MiKTeX\tex/generic/intcalc\intcalc.sty
Package: intcalc 2019/12/15 v1.3 Expandable calculations with integers (HO)
)
\Hy@SavedSpaceFactor=\count286
 (C:\Users\aakas\AppData\Local\Programs\MiKTeX\tex/latex/hyperref\puenc.def
File: puenc.def 2023-11-26 v7.01g Hyperref: PDF Unicode definition (HO)
)
Package hyperref Info: Hyper figures OFF on input line 4181.
Package hyperref Info: Link nesting OFF on input line 4186.
Package hyperref Info: Hyper index ON on input line 4189.
Package hyperref Info: Plain pages OFF on input line 4196.
Package hyperref Info: Backreferencing OFF on input line 4201.
Package hyperref Info: Implicit mode ON; LaTeX internals redefined.
Package hyperref Info: Bookmarks ON on input line 4448.
\c@Hy@tempcnt=\count287
 (C:\Users\aakas\AppData\Local\Programs\MiKTeX\tex/latex/url\url.sty
\Urlmuskip=\muskip17
Package: url 2013/09/16  ver 3.4  Verb mode for urls, etc.
)
LaTeX Info: Redefining \url on input line 4786.
\XeTeXLinkMargin=\dimen189
 (C:\Users\aakas\AppData\Local\Programs\MiKTeX\tex/generic/bitset\bitset.sty
Package: bitset 2019/12/09 v1.3 Handle bit-vector datatype (HO)
 (C:\Users\aakas\AppData\Local\Programs\MiKTeX\tex/generic/bigintcalc\bigintcalc.sty
Package: bigintcalc 2019/12/15 v1.5 Expandable calculations on big integers (HO)
))
\Fld@menulength=\count288
\Field@Width=\dimen190
\Fld@charsize=\dimen191
Package hyperref Info: Hyper figures OFF on input line 6065.
Package hyperref Info: Link nesting OFF on input line 6070.
Package hyperref Info: Hyper index ON on input line 6073.
Package hyperref Info: backreferencing OFF on input line 6080.
Package hyperref Info: Link coloring OFF on input line 6085.
Package hyperref Info: Link coloring with OCG OFF on input line 6090.
Package hyperref Info: PDF/A mode OFF on input line 6095.
 (C:\Users\aakas\AppData\Local\Programs\MiKTeX\tex/latex/base\atbegshi-ltx.sty
Package: atbegshi-ltx 2021/01/10 v1.0c Emulation of the original atbegshi
package with kernel methods
)
\Hy@abspage=\count289
\c@Item=\count290
\c@Hfootnote=\count291
)
Package hyperref Info: Driver (autodetected): hxetex.
 (C:\Users\aakas\AppData\Local\Programs\MiKTeX\tex/latex/hyperref\hxetex.def
File: hxetex.def 2023-11-26 v7.01g Hyperref driver for XeTeX
 (C:\Users\aakas\AppData\Local\Programs\MiKTeX\tex/generic/stringenc\stringenc.sty
Package: stringenc 2019/11/29 v1.12 Convert strings between diff. encodings (HO)
)
\pdfm@box=\box58
\c@Hy@AnnotLevel=\count292
\HyField@AnnotCount=\count293
\Fld@listcount=\count294
\c@bookmark@seq@number=\count295
 (C:\Users\aakas\AppData\Local\Programs\MiKTeX\tex/latex/rerunfilecheck\rerunfilecheck.sty
Package: rerunfilecheck 2025-06-21 v1.11 Rerun checks for auxiliary files (HO)
 (C:\Users\aakas\AppData\Local\Programs\MiKTeX\tex/generic/uniquecounter\uniquecounter.sty
Package: uniquecounter 2019/12/15 v1.4 Provide unlimited unique counter (HO)
)
Package uniquecounter Info: New unique counter `rerunfilecheck' on input line 284.
)
\Hy@SectionHShift=\skip57
) (C:\Users\aakas\AppData\Local\Programs\MiKTeX\tex/latex/placeins\placeins.sty
Package: placeins 2005/04/18  v 2.2
) (C:\Users\aakas\AppData\Local\Programs\MiKTeX\tex/latex/multirow\multirow.sty
Package: multirow 2024/11/12 v2.9 Span multiple rows of a table
\multirow@colwidth=\skip58
\multirow@cntb=\count296
\multirow@dima=\skip59
\bigstrutjot=\dimen192
) (C:\Users\aakas\AppData\Local\Programs\MiKTeX\tex/latex/doi\doi.sty
Package: doi 2018/09/09 handle doi numbers
) (C:\Users\aakas\AppData\Local\Programs\MiKTeX\tex/latex/pgf/frontendlayer\tikz.sty (C:\Users\aakas\AppData\Local\Programs\MiKTeX\tex/latex/pgf/basiclayer\pgf.sty (C:\Users\aakas\AppData\Local\Programs\MiKTeX\tex/latex/pgf/utilities\pgfrcs.sty (C:\Users\aakas\AppData\Local\Programs\MiKTeX\tex/generic/pgf/utilities\pgfutil-common.tex
\pgfutil@everybye=\toks28
\pgfutil@tempdima=\dimen193
\pgfutil@tempdimb=\dimen194
) (C:\Users\aakas\AppData\Local\Programs\MiKTeX\tex/generic/pgf/utilities\pgfutil-latex.def
\pgfutil@abb=\box59
) (C:\Users\aakas\AppData\Local\Programs\MiKTeX\tex/generic/pgf/utilities\pgfrcs.code.tex (C:\Users\aakas\AppData\Local\Programs\MiKTeX\tex/generic/pgf\pgf.revision.tex)
Package: pgfrcs 2023-01-15 v3.1.10 (3.1.10)
))
Package: pgf 2023-01-15 v3.1.10 (3.1.10)
 (C:\Users\aakas\AppData\Local\Programs\MiKTeX\tex/latex/pgf/basiclayer\pgfcore.sty (C:\Users\aakas\AppData\Local\Programs\MiKTeX\tex/latex/pgf/systemlayer\pgfsys.sty (C:\Users\aakas\AppData\Local\Programs\MiKTeX\tex/generic/pgf/systemlayer\pgfsys.code.tex
Package: pgfsys 2023-01-15 v3.1.10 (3.1.10)
 (C:\Users\aakas\AppData\Local\Programs\MiKTeX\tex/generic/pgf/utilities\pgfkeys.code.tex
\pgfkeys@pathtoks=\toks29
\pgfkeys@temptoks=\toks30
 (C:\Users\aakas\AppData\Local\Programs\MiKTeX\tex/generic/pgf/utilities\pgfkeyslibraryfiltered.code.tex
\pgfkeys@tmptoks=\toks31
))
\pgf@x=\dimen195
\pgf@y=\dimen196
\pgf@xa=\dimen197
\pgf@ya=\dimen198
\pgf@xb=\dimen199
\pgf@yb=\dimen256
\pgf@xc=\dimen257
\pgf@yc=\dimen258
\pgf@xd=\dimen259
\pgf@yd=\dimen260
\w@pgf@writea=\write3
\r@pgf@reada=\read2
\c@pgf@counta=\count297
\c@pgf@countb=\count298
\c@pgf@countc=\count299
\c@pgf@countd=\count300
\t@pgf@toka=\toks32
\t@pgf@tokb=\toks33
\t@pgf@tokc=\toks34
\pgf@sys@id@count=\count301
 (C:\Users\aakas\AppData\Local\Programs\MiKTeX\tex/generic/pgf/systemlayer\pgf.cfg
File: pgf.cfg 2023-01-15 v3.1.10 (3.1.10)
)
Driver file for pgf: pgfsys-xetex.def
 (C:\Users\aakas\AppData\Local\Programs\MiKTeX\tex/generic/pgf/systemlayer\pgfsys-xetex.def
File: pgfsys-xetex.def 2023-01-15 v3.1.10 (3.1.10)
 (C:\Users\aakas\AppData\Local\Programs\MiKTeX\tex/generic/pgf/systemlayer\pgfsys-dvipdfmx.def
File: pgfsys-dvipdfmx.def 2023-01-15 v3.1.10 (3.1.10)
 (C:\Users\aakas\AppData\Local\Programs\MiKTeX\tex/generic/pgf/systemlayer\pgfsys-common-pdf.def
File: pgfsys-common-pdf.def 2023-01-15 v3.1.10 (3.1.10)
)
\pgfsys@objnum=\count302
))) (C:\Users\aakas\AppData\Local\Programs\MiKTeX\tex/generic/pgf/systemlayer\pgfsyssoftpath.code.tex
File: pgfsyssoftpath.code.tex 2023-01-15 v3.1.10 (3.1.10)
\pgfsyssoftpath@smallbuffer@items=\count303
\pgfsyssoftpath@bigbuffer@items=\count304
) (C:\Users\aakas\AppData\Local\Programs\MiKTeX\tex/generic/pgf/systemlayer\pgfsysprotocol.code.tex
File: pgfsysprotocol.code.tex 2023-01-15 v3.1.10 (3.1.10)
)) (C:\Users\aakas\AppData\Local\Programs\MiKTeX\tex/latex/xcolor\xcolor.sty
Package: xcolor 2023/11/15 v3.01 LaTeX color extensions (UK)
 (C:\Users\aakas\AppData\Local\Programs\MiKTeX\tex/latex/graphics-cfg\color.cfg
File: color.cfg 2016/01/02 v1.6 sample color configuration
)
Package xcolor Info: Driver file: xetex.def on input line 274.
 (C:\Users\aakas\AppData\Local\Programs\MiKTeX\tex/latex/graphics\mathcolor.ltx)
Package xcolor Info: Model `cmy' substituted by `cmy0' on input line 1350.
Package xcolor Info: Model `RGB' extended on input line 1366.
Package xcolor Info: Model `HTML' substituted by `rgb' on input line 1368.
Package xcolor Info: Model `Hsb' substituted by `hsb' on input line 1369.
Package xcolor Info: Model `tHsb' substituted by `hsb' on input line 1370.
Package xcolor Info: Model `HSB' substituted by `hsb' on input line 1371.
Package xcolor Info: Model `Gray' substituted by `gray' on input line 1372.
Package xcolor Info: Model `wave' substituted by `hsb' on input line 1373.
) (C:\Users\aakas\AppData\Local\Programs\MiKTeX\tex/generic/pgf/basiclayer\pgfcore.code.tex
Package: pgfcore 2023-01-15 v3.1.10 (3.1.10)
 (C:\Users\aakas\AppData\Local\Programs\MiKTeX\tex/generic/pgf/math\pgfmath.code.tex (C:\Users\aakas\AppData\Local\Programs\MiKTeX\tex/generic/pgf/math\pgfmathutil.code.tex) (C:\Users\aakas\AppData\Local\Programs\MiKTeX\tex/generic/pgf/math\pgfmathparser.code.tex
\pgfmath@dimen=\dimen261
\pgfmath@count=\count305
\pgfmath@box=\box60
\pgfmath@toks=\toks35
\pgfmath@stack@operand=\toks36
\pgfmath@stack@operation=\toks37
) (C:\Users\aakas\AppData\Local\Programs\MiKTeX\tex/generic/pgf/math\pgfmathfunctions.code.tex) (C:\Users\aakas\AppData\Local\Programs\MiKTeX\tex/generic/pgf/math\pgfmathfunctions.basic.code.tex) (C:\Users\aakas\AppData\Local\Programs\MiKTeX\tex/generic/pgf/math\pgfmathfunctions.trigonometric.code.tex) (C:\Users\aakas\AppData\Local\Programs\MiKTeX\tex/generic/pgf/math\pgfmathfunctions.random.code.tex) (C:\Users\aakas\AppData\Local\Programs\MiKTeX\tex/generic/pgf/math\pgfmathfunctions.comparison.code.tex) (C:\Users\aakas\AppData\Local\Programs\MiKTeX\tex/generic/pgf/math\pgfmathfunctions.base.code.tex) (C:\Users\aakas\AppData\Local\Programs\MiKTeX\tex/generic/pgf/math\pgfmathfunctions.round.code.tex) (C:\Users\aakas\AppData\Local\Programs\MiKTeX\tex/generic/pgf/math\pgfmathfunctions.misc.code.tex) (C:\Users\aakas\AppData\Local\Programs\MiKTeX\tex/generic/pgf/math\pgfmathfunctions.integerarithmetics.code.tex) (C:\Users\aakas\AppData\Local\Programs\MiKTeX\tex/generic/pgf/math\pgfmathcalc.code.tex) (C:\Users\aakas\AppData\Local\Programs\MiKTeX\tex/generic/pgf/math\pgfmathfloat.code.tex
\c@pgfmathroundto@lastzeros=\count306
)) (C:\Users\aakas\AppData\Local\Programs\MiKTeX\tex/generic/pgf/math\pgfint.code.tex) (C:\Users\aakas\AppData\Local\Programs\MiKTeX\tex/generic/pgf/basiclayer\pgfcorepoints.code.tex
File: pgfcorepoints.code.tex 2023-01-15 v3.1.10 (3.1.10)
\pgf@picminx=\dimen262
\pgf@picmaxx=\dimen263
\pgf@picminy=\dimen264
\pgf@picmaxy=\dimen265
\pgf@pathminx=\dimen266
\pgf@pathmaxx=\dimen267
\pgf@pathminy=\dimen268
\pgf@pathmaxy=\dimen269
\pgf@xx=\dimen270
\pgf@xy=\dimen271
\pgf@yx=\dimen272
\pgf@yy=\dimen273
\pgf@zx=\dimen274
\pgf@zy=\dimen275
) (C:\Users\aakas\AppData\Local\Programs\MiKTeX\tex/generic/pgf/basiclayer\pgfcorepathconstruct.code.tex
File: pgfcorepathconstruct.code.tex 2023-01-15 v3.1.10 (3.1.10)
\pgf@path@lastx=\dimen276
\pgf@path@lasty=\dimen277
) (C:\Users\aakas\AppData\Local\Programs\MiKTeX\tex/generic/pgf/basiclayer\pgfcorepathusage.code.tex
File: pgfcorepathusage.code.tex 2023-01-15 v3.1.10 (3.1.10)
\pgf@shorten@end@additional=\dimen278
\pgf@shorten@start@additional=\dimen279
) (C:\Users\aakas\AppData\Local\Programs\MiKTeX\tex/generic/pgf/basiclayer\pgfcorescopes.code.tex
File: pgfcorescopes.code.tex 2023-01-15 v3.1.10 (3.1.10)
\pgfpic=\box61
\pgf@hbox=\box62
\pgf@layerbox@main=\box63
\pgf@picture@serial@count=\count307
) (C:\Users\aakas\AppData\Local\Programs\MiKTeX\tex/generic/pgf/basiclayer\pgfcoregraphicstate.code.tex
File: pgfcoregraphicstate.code.tex 2023-01-15 v3.1.10 (3.1.10)
\pgflinewidth=\dimen280
) (C:\Users\aakas\AppData\Local\Programs\MiKTeX\tex/generic/pgf/basiclayer\pgfcoretransformations.code.tex
File: pgfcoretransformations.code.tex 2023-01-15 v3.1.10 (3.1.10)
\pgf@pt@x=\dimen281
\pgf@pt@y=\dimen282
\pgf@pt@temp=\dimen283
) (C:\Users\aakas\AppData\Local\Programs\MiKTeX\tex/generic/pgf/basiclayer\pgfcorequick.code.tex
File: pgfcorequick.code.tex 2023-01-15 v3.1.10 (3.1.10)
) (C:\Users\aakas\AppData\Local\Programs\MiKTeX\tex/generic/pgf/basiclayer\pgfcoreobjects.code.tex
File: pgfcoreobjects.code.tex 2023-01-15 v3.1.10 (3.1.10)
) (C:\Users\aakas\AppData\Local\Programs\MiKTeX\tex/generic/pgf/basiclayer\pgfcorepathprocessing.code.tex
File: pgfcorepathprocessing.code.tex 2023-01-15 v3.1.10 (3.1.10)
) (C:\Users\aakas\AppData\Local\Programs\MiKTeX\tex/generic/pgf/basiclayer\pgfcorearrows.code.tex
File: pgfcorearrows.code.tex 2023-01-15 v3.1.10 (3.1.10)
\pgfarrowsep=\dimen284
) (C:\Users\aakas\AppData\Local\Programs\MiKTeX\tex/generic/pgf/basiclayer\pgfcoreshade.code.tex
File: pgfcoreshade.code.tex 2023-01-15 v3.1.10 (3.1.10)
\pgf@max=\dimen285
\pgf@sys@shading@range@num=\count308
\pgf@shadingcount=\count309
) (C:\Users\aakas\AppData\Local\Programs\MiKTeX\tex/generic/pgf/basiclayer\pgfcoreimage.code.tex
File: pgfcoreimage.code.tex 2023-01-15 v3.1.10 (3.1.10)
) (C:\Users\aakas\AppData\Local\Programs\MiKTeX\tex/generic/pgf/basiclayer\pgfcoreexternal.code.tex
File: pgfcoreexternal.code.tex 2023-01-15 v3.1.10 (3.1.10)
\pgfexternal@startupbox=\box64
) (C:\Users\aakas\AppData\Local\Programs\MiKTeX\tex/generic/pgf/basiclayer\pgfcorelayers.code.tex
File: pgfcorelayers.code.tex 2023-01-15 v3.1.10 (3.1.10)
) (C:\Users\aakas\AppData\Local\Programs\MiKTeX\tex/generic/pgf/basiclayer\pgfcoretransparency.code.tex
File: pgfcoretransparency.code.tex 2023-01-15 v3.1.10 (3.1.10)
) (C:\Users\aakas\AppData\Local\Programs\MiKTeX\tex/generic/pgf/basiclayer\pgfcorepatterns.code.tex
File: pgfcorepatterns.code.tex 2023-01-15 v3.1.10 (3.1.10)
) (C:\Users\aakas\AppData\Local\Programs\MiKTeX\tex/generic/pgf/basiclayer\pgfcorerdf.code.tex
File: pgfcorerdf.code.tex 2023-01-15 v3.1.10 (3.1.10)
))) (C:\Users\aakas\AppData\Local\Programs\MiKTeX\tex/generic/pgf/modules\pgfmoduleshapes.code.tex
File: pgfmoduleshapes.code.tex 2023-01-15 v3.1.10 (3.1.10)
\pgfnodeparttextbox=\box65
) (C:\Users\aakas\AppData\Local\Programs\MiKTeX\tex/generic/pgf/modules\pgfmoduleplot.code.tex
File: pgfmoduleplot.code.tex 2023-01-15 v3.1.10 (3.1.10)
) (C:\Users\aakas\AppData\Local\Programs\MiKTeX\tex/latex/pgf/compatibility\pgfcomp-version-0-65.sty
Package: pgfcomp-version-0-65 2023-01-15 v3.1.10 (3.1.10)
\pgf@nodesepstart=\dimen286
\pgf@nodesepend=\dimen287
) (C:\Users\aakas\AppData\Local\Programs\MiKTeX\tex/latex/pgf/compatibility\pgfcomp-version-1-18.sty
Package: pgfcomp-version-1-18 2023-01-15 v3.1.10 (3.1.10)
)) (C:\Users\aakas\AppData\Local\Programs\MiKTeX\tex/latex/pgf/utilities\pgffor.sty (C:\Users\aakas\AppData\Local\Programs\MiKTeX\tex/latex/pgf/utilities\pgfkeys.sty (C:\Users\aakas\AppData\Local\Programs\MiKTeX\tex/generic/pgf/utilities\pgfkeys.code.tex))
(C:\Users\aakas\AppData\Local\Programs\MiKTeX\tex/latex/pgf/math\pgfmath.sty (C:\Users\aakas\AppData\Local\Programs\MiKTeX\tex/generic/pgf/math\pgfmath.code.tex)) (C:\Users\aakas\AppData\Local\Programs\MiKTeX\tex/generic/pgf/utilities\pgffor.code.tex
Package: pgffor 2023-01-15 v3.1.10 (3.1.10)
\pgffor@iter=\dimen288
\pgffor@skip=\dimen289
\pgffor@stack=\toks38
\pgffor@toks=\toks39
)) (C:\Users\aakas\AppData\Local\Programs\MiKTeX\tex/generic/pgf/frontendlayer/tikz\tikz.code.tex
Package: tikz 2023-01-15 v3.1.10 (3.1.10)
 (C:\Users\aakas\AppData\Local\Programs\MiKTeX\tex/generic/pgf/libraries\pgflibraryplothandlers.code.tex
File: pgflibraryplothandlers.code.tex 2023-01-15 v3.1.10 (3.1.10)
\pgf@plot@mark@count=\count310
\pgfplotmarksize=\dimen290
)
\tikz@lastx=\dimen291
\tikz@lasty=\dimen292
\tikz@lastxsaved=\dimen293
\tikz@lastysaved=\dimen294
\tikz@lastmovetox=\dimen295
\tikz@lastmovetoy=\dimen296
\tikzleveldistance=\dimen297
\tikzsiblingdistance=\dimen298
\tikz@figbox=\box66
\tikz@figbox@bg=\box67
\tikz@tempbox=\box68
\tikz@tempbox@bg=\box69
\tikztreelevel=\count311
\tikznumberofchildren=\count312
\tikznumberofcurrentchild=\count313
\tikz@fig@count=\count314
 (C:\Users\aakas\AppData\Local\Programs\MiKTeX\tex/generic/pgf/modules\pgfmodulematrix.code.tex
File: pgfmodulematrix.code.tex 2023-01-15 v3.1.10 (3.1.10)
\pgfmatrixcurrentrow=\count315
\pgfmatrixcurrentcolumn=\count316
\pgf@matrix@numberofcolumns=\count317
)
\tikz@expandcount=\count318
 (C:\Users\aakas\AppData\Local\Programs\MiKTeX\tex/generic/pgf/frontendlayer/tikz/libraries\tikzlibrarytopaths.code.tex
File: tikzlibrarytopaths.code.tex 2023-01-15 v3.1.10 (3.1.10)
))) (C:\Users\aakas\AppData\Local\Programs\MiKTeX\tex/generic/pgf/libraries\pgflibraryarrows.meta.code.tex
File: pgflibraryarrows.meta.code.tex 2023-01-15 v3.1.10 (3.1.10)
\pgfarrowinset=\dimen299
\pgfarrowlength=\dimen300
\pgfarrowwidth=\dimen301
\pgfarrowlinewidth=\dimen302
) (C:\Users\aakas\AppData\Local\Programs\MiKTeX\tex/generic/pgf/frontendlayer/tikz/libraries\tikzlibrarypositioning.code.tex
File: tikzlibrarypositioning.code.tex 2023-01-15 v3.1.10 (3.1.10)
) (C:\Users\aakas\AppData\Local\Programs\MiKTeX\tex/latex/setspace\setspace.sty
Package: setspace 2022/12/04 v6.7b set line spacing
) (C:\Users\aakas\AppData\Local\Programs\MiKTeX\tex/latex/anyfontsize\anyfontsize.sty
Invalid UTF-8 byte or sequence at line 3 replaced by U+FFFD.
Invalid UTF-8 byte or sequence at line 3 replaced by U+FFFD.
Package: anyfontsize 2007/11/22 anyfontsize.sty by pts
) (C:\Users\aakas\AppData\Local\Programs\MiKTeX\tex/latex/fontspec\fontspec.sty (C:\Users\aakas\AppData\Local\Programs\MiKTeX\tex/latex/l3packages/xparse\xparse.sty (C:\Users\aakas\AppData\Local\Programs\MiKTeX\tex/latex/l3kernel\expl3.sty
Package: expl3 2024-01-04 L3 programming layer (loader) 
 (C:\Users\aakas\AppData\Local\Programs\MiKTeX\tex/latex/l3backend\l3backend-xetex.def
File: l3backend-xetex.def 2024-01-04 L3 backend support: XeTeX
\g__graphics_track_int=\count319
\l__pdf_internal_box=\box70
\g__pdf_backend_object_int=\count320
\g__pdf_backend_annotation_int=\count321
\g__pdf_backend_link_int=\count322
))
Package: xparse 2023-10-10 L3 Experimental document command parser
)
Package: fontspec 2022/01/15 v2.8a Font selection for XeLaTeX and LuaLaTeX
 (C:\Users\aakas\AppData\Local\Programs\MiKTeX\tex/latex/fontspec\fontspec-xetex.sty
Package: fontspec-xetex 2022/01/15 v2.8a Font selection for XeLaTeX and LuaLaTeX
\l__fontspec_script_int=\count323
\l__fontspec_language_int=\count324
\l__fontspec_strnum_int=\count325
\l__fontspec_tmp_int=\count326
\l__fontspec_tmpa_int=\count327
\l__fontspec_tmpb_int=\count328
\l__fontspec_tmpc_int=\count329
\l__fontspec_em_int=\count330
\l__fontspec_emdef_int=\count331
\l__fontspec_strong_int=\count332
\l__fontspec_strongdef_int=\count333
\l__fontspec_tmpa_dim=\dimen303
\l__fontspec_tmpb_dim=\dimen304
\l__fontspec_tmpc_dim=\dimen305
 (C:\Users\aakas\AppData\Local\Programs\MiKTeX\tex/latex/base\fontenc.sty
Package: fontenc 2021/04/29 v2.0v Standard LaTeX package
) (C:\Users\aakas\AppData\Local\Programs\MiKTeX\tex/latex/fontspec\fontspec.cfg)))

Package fontspec Info: Font family 'TimesNewRoman(0)' created for font 'Times
(fontspec)             New Roman' with options [Ligatures=TeX].
(fontspec)              
(fontspec)              This font family consists of the following NFSS
(fontspec)             series/shapes:
(fontspec)              
(fontspec)             - 'normal' (m/n) with NFSS spec.: <->"Times New
(fontspec)             Roman/OT:script=latn;language=dflt;mapping=tex-text;"
(fontspec)             - 'small caps'  (m/sc) with NFSS spec.: <->"Times New
(fontspec)             Roman/OT:script=latn;language=dflt;+smcp;mapping=tex-text;"
(fontspec)             - 'bold' (b/n) with NFSS spec.: <->"Times New
(fontspec)             Roman/B/OT:script=latn;language=dflt;mapping=tex-text;"
(fontspec)             - 'bold small caps'  (b/sc) with NFSS spec.: <->"Times
(fontspec)             New
(fontspec)             Roman/B/OT:script=latn;language=dflt;+smcp;mapping=tex-text;"
(fontspec)             - 'italic' (m/it) with NFSS spec.: <->"Times New
(fontspec)             Roman/I/OT:script=latn;language=dflt;mapping=tex-text;"
(fontspec)             - 'italic small caps'  (m/scit) with NFSS spec.:
(fontspec)             <->"Times New
(fontspec)             Roman/I/OT:script=latn;language=dflt;+smcp;mapping=tex-text;"
(fontspec)             - 'bold italic' (b/it) with NFSS spec.: <->"Times New
(fontspec)             Roman/BI/OT:script=latn;language=dflt;mapping=tex-text;"
(fontspec)             - 'bold italic small caps'  (b/scit) with NFSS spec.:
(fontspec)             <->"Times New
(fontspec)             Roman/BI/OT:script=latn;language=dflt;+smcp;mapping=tex-text;"

 (C:\Users\aakas\AppData\Local\Programs\MiKTeX\tex/latex/textpos\textpos.sty
Package: textpos 2022/07/23 v1.10.1
Package textpos Info: choosing support for LaTeX3 on input line 60.
\TP@textbox=\box71
\TP@holdbox=\box72
\TPHorizModule=\dimen306
\TPVertModule=\dimen307
\TP@margin=\dimen308
\TP@absmargin=\dimen309

Grid set 16 x 16 = 37.34424pt x 52.81541pt
\TPboxrulesize=\dimen310
\TP@ox=\dimen311
\TP@oy=\dimen312
\TP@tbargs=\toks40
TextBlockOrigin set to 0pt x 0pt
) (C:\Users\aakas\AppData\Local\Programs\MiKTeX\tex/latex/pdfpages\pdfpages.sty
Package: pdfpages 2026/03/30 v0.6h Insert pages of external PDF documents (AM)
 (C:\Users\aakas\AppData\Local\Programs\MiKTeX\tex/latex/base\ifthen.sty
Package: ifthen 2022/04/13 v1.1d Standard LaTeX ifthen package (DPC)
) (C:\Users\aakas\AppData\Local\Programs\MiKTeX\tex/latex/tools\calc.sty
Package: calc 2023/07/08 v4.3 Infix arithmetic (KKT,FJ)
\calc@Acount=\count334
\calc@Bcount=\count335
\calc@Adimen=\dimen313
\calc@Bdimen=\dimen314
\calc@Askip=\skip60
\calc@Bskip=\skip61
LaTeX Info: Redefining \setlength on input line 80.
LaTeX Info: Redefining \addtolength on input line 81.
\calc@Ccount=\count336
\calc@Cskip=\skip62
) (C:\Users\aakas\AppData\Local\Programs\MiKTeX\tex/latex/eso-pic\eso-pic.sty
Package: eso-pic 2025/12/10 v3.0d eso-pic (RN)
\ESO@tempdima=\dimen315
\ESO@tempdimb=\dimen316
)
\AM@pagewidth=\dimen317
\AM@pageheight=\dimen318
\AM@fboxrule=\dimen319
 (C:\Users\aakas\AppData\Local\Programs\MiKTeX\tex/latex/pdfpages\ppxetex.def
File: ppxetex.def 2026/03/30 v0.6h Pdfpages driver for XeTeX (AM)
)
\pdfpages@includegraphics@status=\count337
\AM@pagebox=\box73
\AM@global@opts=\toks41
\AM@pagecnt=\count338
\AM@toc@title=\toks42
\AM@lof@heading=\toks43
\c@AM@survey=\count339
\AM@templatesizebox=\box74
) (main.aux

LaTeX Warning: Label `' multiply defined.


LaTeX Warning: Label `fig:Model_3_CFD_Output' multiply defined.


LaTeX Warning: Label `fig:Pitch_PhaseMx_vs_Amplitude' multiply defined.


LaTeX Warning: Label `sub@fig:Pitch_PhaseMx_vs_Amplitude' multiply defined.


LaTeX Warning: Label `fig:Heave_DFT_Fy_amplitude_Scheme_6' multiply defined.


LaTeX Warning: Label `sub@fig:Heave_DFT_Fy_amplitude_Scheme_6' multiply defined.


LaTeX Warning: Label `fig:Heave_DFT_moment_amplitude_Scheme_6' multiply defined.


LaTeX Warning: Label `sub@fig:Heave_DFT_moment_amplitude_Scheme_6' multiply defined.


LaTeX Warning: Label `fig:Pitch_DFT_Fy_amplitude_Scheme_3' multiply defined.


LaTeX Warning: Label `sub@fig:Pitch_DFT_Fy_amplitude_Scheme_3' multiply defined.


LaTeX Warning: Label `fig:Pitch_DFT_moment_amplitude_Scheme_3' multiply defined.


LaTeX Warning: Label `sub@fig:Pitch_DFT_moment_amplitude_Scheme_3' multiply defined.


LaTeX Warning: Label `fig:Pitch_DFT_Fy_amplitude_Scheme_4' multiply defined.


LaTeX Warning: Label `sub@fig:Pitch_DFT_Fy_amplitude_Scheme_4' multiply defined.


LaTeX Warning: Label `fig:Pitch_DFT_moment_amplitude_Scheme_4' multiply defined.


LaTeX Warning: Label `sub@fig:Pitch_DFT_moment_amplitude_Scheme_4' multiply defined.


LaTeX Warning: Label `fig:Compiled_Heave_Moment_vs_Amplitude' multiply defined.


LaTeX Warning: Label `sub@fig:Compiled_Heave_Moment_vs_Amplitude' multiply defined.


LaTeX Warning: Label `fig:Compiled_Pitch_Moment_vs_Amplitude' multiply defined.


LaTeX Warning: Label `sub@fig:Compiled_Pitch_Moment_vs_Amplitude' multiply defined.


LaTeX Warning: Label `fig:Compiled_Heave_PhaseMx_vs_Amplitude' multiply defined.


LaTeX Warning: Label `sub@fig:Compiled_Heave_PhaseMx_vs_Amplitude' multiply defined.


LaTeX Warning: Label `fig:Compiled_Pitch_PhaseMx_vs_Amplitude' multiply defined.


LaTeX Warning: Label `sub@fig:Compiled_Pitch_PhaseMx_vs_Amplitude' multiply defined.


LaTeX Warning: Label `fig:MF1_Compiled_Heave_PhaseLiftForce_Error_vs_Superpositions' multiply defined.


LaTeX Warning: Label `sub@fig:MF1_Compiled_Heave_PhaseLiftForce_Error_vs_Superpositions' multiply defined.


LaTeX Warning: Label `fig:MF1_Compiled_Heave_Moment_vs_Superpositions' multiply defined.


LaTeX Warning: Label `sub@fig:MF1_Compiled_Heave_Moment_vs_Superpositions' multiply defined.


LaTeX Warning: Label `fig:MF1_Compiled_Pitch_Moment_vs_Superpositions' multiply defined.


LaTeX Warning: Label `sub@fig:MF1_Compiled_Pitch_Moment_vs_Superpositions' multiply defined.


LaTeX Warning: Label `fig:MF1_Compiled_Pitch_PhaseMoment_Error_vs_Superpositions' multiply defined.


LaTeX Warning: Label `sub@fig:MF1_Compiled_Pitch_PhaseMoment_Error_vs_Superpositions' multiply defined.


LaTeX Warning: Label `fig:MF1_Compiled_Displacement_Vs_Force' multiply defined.


LaTeX Warning: Label `fig:Heave_DFT_Fy_amplitude_case_6' multiply defined.


LaTeX Warning: Label `sub@fig:Heave_DFT_Fy_amplitude_case_6' multiply defined.


LaTeX Warning: Label `fig:Heave_DFT_moment_amplitude_case_6' multiply defined.


LaTeX Warning: Label `sub@fig:Heave_DFT_moment_amplitude_case_6' multiply defined.


LaTeX Warning: Label `fig:Pitch_DFT_Fy_amplitude_case_6_MF1' multiply defined.


LaTeX Warning: Label `sub@fig:Pitch_DFT_Fy_amplitude_case_6_MF1' multiply defined.


LaTeX Warning: Label `fig:Pitch_DFT_moment_amplitude_case_6_MF1' multiply defined.


LaTeX Warning: Label `sub@fig:Pitch_DFT_moment_amplitude_case_6_MF1' multiply defined.


LaTeX Warning: Label `fig:Heave_DFT_Fy_amplitude_case_6_MF2' multiply defined.


LaTeX Warning: Label `sub@fig:Heave_DFT_Fy_amplitude_case_6_MF2' multiply defined.


LaTeX Warning: Label `fig:Heave_DFT_moment_amplitude_case_6_MF2' multiply defined.


LaTeX Warning: Label `sub@fig:Heave_DFT_moment_amplitude_case_6_MF2' multiply defined.


LaTeX Warning: Label `fig:Pitch_DFT_Fy_amplitude_case_6_MF2' multiply defined.


LaTeX Warning: Label `sub@fig:Pitch_DFT_Fy_amplitude_case_6_MF2' multiply defined.


LaTeX Warning: Label `fig:Pitch_DFT_moment_amplitude_case_6_MF2' multiply defined.


LaTeX Warning: Label `sub@fig:Pitch_DFT_moment_amplitude_case_6_MF2' multiply defined.

)
\openout1 = `main.aux'.

LaTeX Font Info:    Checking defaults for OML/cmm/m/it on input line 133.
LaTeX Font Info:    ... okay on input line 133.
LaTeX Font Info:    Checking defaults for OMS/cmsy/m/n on input line 133.
LaTeX Font Info:    ... okay on input line 133.
LaTeX Font Info:    Checking defaults for OT1/cmr/m/n on input line 133.
LaTeX Font Info:    ... okay on input line 133.
LaTeX Font Info:    Checking defaults for T1/cmr/m/n on input line 133.
LaTeX Font Info:    ... okay on input line 133.
LaTeX Font Info:    Checking defaults for TS1/cmr/m/n on input line 133.
LaTeX Font Info:    Trying to load font information for TS1+cmr on input line 133.
 (C:\Users\aakas\AppData\Local\Programs\MiKTeX\tex/latex/base\ts1cmr.fd
File: ts1cmr.fd 2023/04/13 v2.5m Standard LaTeX font definitions
)
LaTeX Font Info:    ... okay on input line 133.
LaTeX Font Info:    Checking defaults for TU/lmr/m/n on input line 133.
LaTeX Font Info:    ... okay on input line 133.
LaTeX Font Info:    Checking defaults for OMX/cmex/m/n on input line 133.
LaTeX Font Info:    ... okay on input line 133.
LaTeX Font Info:    Checking defaults for U/cmr/m/n on input line 133.
LaTeX Font Info:    ... okay on input line 133.
LaTeX Font Info:    Checking defaults for PD1/pdf/m/n on input line 133.
LaTeX Font Info:    ... okay on input line 133.
LaTeX Font Info:    Checking defaults for PU/pdf/m/n on input line 133.
LaTeX Font Info:    ... okay on input line 133.

*geometry* driver: auto-detecting
*geometry* detected driver: xetex
*geometry* verbose mode - [ preamble ] result:
* driver: xetex
* paper: a4paper
* layout: <same size as paper>
* layoutoffset:(h,v)=(0.0pt,0.0pt)
* modes: 
* h-part:(L,W,R)=(72.26999pt, 452.9679pt, 72.26999pt)
* v-part:(T,H,B)=(72.26999pt, 700.50687pt, 72.26999pt)
* \paperwidth=597.50787pt
* \paperheight=845.04684pt
* \textwidth=452.9679pt
* \textheight=700.50687pt
* \oddsidemargin=0.0pt
* \evensidemargin=0.0pt
* \topmargin=-37.0pt
* \headheight=12.0pt
* \headsep=25.0pt
* \topskip=11.0pt
* \footskip=30.0pt
* \marginparwidth=50.0pt
* \marginparsep=10.0pt
* \columnsep=10.0pt
* \skip\footins=10.0pt plus 4.0pt minus 2.0pt
* \hoffset=0.0pt
* \voffset=0.0pt
* \mag=1000
* \@twocolumnfalse
* \@twosidefalse
* \@mparswitchfalse
* \@reversemarginfalse
* (1in=72.27pt=25.4mm, 1cm=28.453pt)

Package caption Info: Begin \AtBeginDocument code.
Package caption Info: float package is loaded.
Package caption Info: hyperref package is loaded.
Package caption Info: End \AtBeginDocument code.
Package hyperref Info: Link coloring OFF on input line 133.
(main.out) (main.out)
\@outlinefile=\write4
\openout4 = `main.out'.


Package fontspec Info: Adjusting the maths setup (use [no-math] to avoid
(fontspec)             this).

\symlegacymaths=\mathgroup6
LaTeX Font Info:    Overwriting symbol font `legacymaths' in version `bold'
(Font)                  OT1/cmr/m/n --> OT1/cmr/bx/n on input line 133.
LaTeX Font Info:    Redeclaring math accent \acute on input line 133.
LaTeX Font Info:    Redeclaring math accent \grave on input line 133.
LaTeX Font Info:    Redeclaring math accent \ddot on input line 133.
LaTeX Font Info:    Redeclaring math accent \tilde on input line 133.
LaTeX Font Info:    Redeclaring math accent \bar on input line 133.
LaTeX Font Info:    Redeclaring math accent \breve on input line 133.
LaTeX Font Info:    Redeclaring math accent \check on input line 133.
LaTeX Font Info:    Redeclaring math accent \hat on input line 133.
LaTeX Font Info:    Redeclaring math accent \dot on input line 133.
LaTeX Font Info:    Redeclaring math accent \mathring on input line 133.
LaTeX Font Info:    Redeclaring math symbol \Gamma on input line 133.
LaTeX Font Info:    Redeclaring math symbol \Delta on input line 133.
LaTeX Font Info:    Redeclaring math symbol \Theta on input line 133.
LaTeX Font Info:    Redeclaring math symbol \Lambda on input line 133.
LaTeX Font Info:    Redeclaring math symbol \Xi on input line 133.
LaTeX Font Info:    Redeclaring math symbol \Pi on input line 133.
LaTeX Font Info:    Redeclaring math symbol \Sigma on input line 133.
LaTeX Font Info:    Redeclaring math symbol \Upsilon on input line 133.
LaTeX Font Info:    Redeclaring math symbol \Phi on input line 133.
LaTeX Font Info:    Redeclaring math symbol \Psi on input line 133.
LaTeX Font Info:    Redeclaring math symbol \Omega on input line 133.
LaTeX Font Info:    Redeclaring math symbol \mathdollar on input line 133.
LaTeX Font Info:    Redeclaring symbol font `operators' on input line 133.
LaTeX Font Info:    Encoding `OT1' has changed to `TU' for symbol font
(Font)              `operators' in the math version `normal' on input line 133.
LaTeX Font Info:    Overwriting symbol font `operators' in version `normal'
(Font)                  OT1/cmr/m/n --> TU/TimesNewRoman(0)/m/n on input line 133.
LaTeX Font Info:    Encoding `OT1' has changed to `TU' for symbol font
(Font)              `operators' in the math version `bold' on input line 133.
LaTeX Font Info:    Overwriting symbol font `operators' in version `bold'
(Font)                  OT1/cmr/bx/n --> TU/TimesNewRoman(0)/m/n on input line 133.
LaTeX Font Info:    Overwriting symbol font `operators' in version `normal'
(Font)                  TU/TimesNewRoman(0)/m/n --> TU/TimesNewRoman(0)/m/n on input line 133.
LaTeX Font Info:    Overwriting math alphabet `\mathit' in version `normal'
(Font)                  OT1/cmr/m/it --> TU/TimesNewRoman(0)/m/it on input line 133.
LaTeX Font Info:    Overwriting math alphabet `\mathbf' in version `normal'
(Font)                  OT1/cmr/bx/n --> TU/TimesNewRoman(0)/b/n on input line 133.
LaTeX Font Info:    Overwriting math alphabet `\mathsf' in version `normal'
(Font)                  OT1/cmss/m/n --> TU/lmss/m/n on input line 133.
LaTeX Font Info:    Overwriting math alphabet `\mathtt' in version `normal'
(Font)                  OT1/cmtt/m/n --> TU/lmtt/m/n on input line 133.
LaTeX Font Info:    Overwriting symbol font `operators' in version `bold'
(Font)                  TU/TimesNewRoman(0)/m/n --> TU/TimesNewRoman(0)/b/n on input line 133.
LaTeX Font Info:    Overwriting math alphabet `\mathit' in version `bold'
(Font)                  OT1/cmr/bx/it --> TU/TimesNewRoman(0)/b/it on input line 133.
LaTeX Font Info:    Overwriting math alphabet `\mathsf' in version `bold'
(Font)                  OT1/cmss/bx/n --> TU/lmss/b/n on input line 133.
LaTeX Font Info:    Overwriting math alphabet `\mathtt' in version `bold'
(Font)                  OT1/cmtt/m/n --> TU/lmtt/b/n on input line 133.
 (C:\Users\aakas\AppData\Local\Programs\MiKTeX\tex/latex/pdflscape\pdflscape.sty
Package: pdflscape 2022-10-27 v0.13 Display of landscape pages in PDF
 (C:\Users\aakas\AppData\Local\Programs\MiKTeX\tex/latex/pdflscape\pdflscape-nometadata.sty
Package: pdflscape-nometadata 2022-10-28 v0.13 Display of landscape pages in PDF (HO)
 (C:\Users\aakas\AppData\Local\Programs\MiKTeX\tex/latex/graphics\lscape.sty
Package: lscape 2020/05/28 v3.02 Landscape Pages (DPC)
)
Package pdflscape Info: Auto-detected driver: dvipdfm (xetex) on input line 98.
))
File: Front_Page.pdf Graphic file (type pdf)
<use Front_Page.pdf>
File: Front_Page.pdf Graphic file (type pdf)
<use Front_Page.pdf, page 1>
File: Front_Page.pdf Graphic file (type pdf)
<use Front_Page.pdf, page 1>
File: Front_Page.pdf Graphic file (type pdf)
<use Front_Page.pdf, page 1>
File: Front_Page.pdf Graphic file (type pdf)
<use Front_Page.pdf, page 1>
File: Front_Page.pdf Graphic file (type pdf)
<use Front_Page.pdf, page 1>
 [1


]
*geometry* verbose mode - [ newgeometry ] result:
* driver: xetex
* paper: a4paper
* layout: <same size as paper>
* layoutoffset:(h,v)=(0.0pt,0.0pt)
* modes: 
* h-part:(L,W,R)=(56.9055pt, 483.69687pt, 56.9055pt)
* v-part:(T,H,B)=(123.76949pt, 692.82462pt, 28.45274pt)
* \paperwidth=597.50787pt
* \paperheight=845.04684pt
* \textwidth=483.69687pt
* \textheight=692.82462pt
* \oddsidemargin=-15.36449pt
* \evensidemargin=-15.36449pt
* \topmargin=14.4995pt
* \headheight=12.0pt
* \headsep=25.0pt
* \topskip=11.0pt
* \footskip=30.0pt
* \marginparwidth=50.0pt
* \marginparsep=10.0pt
* \columnsep=10.0pt
* \skip\footins=10.0pt plus 4.0pt minus 2.0pt
* \hoffset=0.0pt
* \voffset=0.0pt
* \mag=1000
* \@twocolumnfalse
* \@twosidefalse
* \@mparswitchfalse
* \@reversemarginfalse
* (1in=72.27pt=25.4mm, 1cm=28.453pt)

File: TUM_Logo.png Graphic file (type bmp)
<TUM_Logo.png>
 [1

] (Abstract/Abstract.tex
LaTeX Font Info:    Trying to load font information for U+msa on input line 15.
 (C:\Users\aakas\AppData\Local\Programs\MiKTeX\tex/latex/amsfonts\umsa.fd
File: umsa.fd 2013/01/14 v3.01 AMS symbols A
)
LaTeX Font Info:    Trying to load font information for U+msb on input line 15.
 (C:\Users\aakas\AppData\Local\Programs\MiKTeX\tex/latex/amsfonts\umsb.fd
File: umsb.fd 2013/01/14 v3.01 AMS symbols B
)) [1


] (main.toc [1

] [2])
\tf@toc=\write5
\openout5 = `main.toc'.

 [3] (Chap_1/Chapt_1.tex
Chapter 1.

Underfull \hbox (badness 10000) in paragraph at lines 14--19

 []


Underfull \hbox (badness 10000) in paragraph at lines 20--27

 []


Underfull \hbox (badness 10000) in paragraph at lines 28--34

 []


Underfull \hbox (badness 10000) in paragraph at lines 35--39

 []


Underfull \hbox (badness 10000) in paragraph at lines 40--49

 []

[1


] [2]) (Chap_2/Chapt_2.tex [3]
Chapter 2.

Underfull \hbox (badness 10000) in paragraph at lines 20--22

 []


Underfull \hbox (badness 10000) in paragraph at lines 23--26

 []


Underfull \hbox (badness 10000) in paragraph at lines 27--33

 []


Underfull \hbox (badness 10000) in paragraph at lines 34--37

 []


Underfull \hbox (badness 10000) in paragraph at lines 73--76

 []

[4

]
File: Chap_2/Figures/Atmospheric_Boundary_Layer.png Graphic file (type bmp)
<Chap_2/Figures/Atmospheric_Boundary_Layer.png>
File: Chap_2/Figures/Wind_speed_vs_time_1.png Graphic file (type bmp)
<Chap_2/Figures/Wind_speed_vs_time_1.png>

Underfull \hbox (badness 10000) in paragraph at lines 94--99

 []


Underfull \hbox (badness 10000) in paragraph at lines 100--103

 []


Underfull \hbox (badness 10000) in paragraph at lines 104--107

 []

[5]
Underfull \hbox (badness 10000) in paragraph at lines 108--113

 []


Underfull \hbox (badness 10000) in paragraph at lines 114--119

 []


Underfull \hbox (badness 10000) in paragraph at lines 120--124

 []

File: Chap_2/Figures/Vander_Hoven_Spectrum.png Graphic file (type bmp)
<Chap_2/Figures/Vander_Hoven_Spectrum.png>
File: Chap_2/Figures/Wind_speed_vs_response_abbas.png Graphic file (type bmp)
<Chap_2/Figures/Wind_speed_vs_response_abbas.png>

Underfull \hbox (badness 10000) in paragraph at lines 142--152

 []

[6]
Underfull \hbox (badness 10000) in paragraph at lines 153--159

 []


Underfull \hbox (badness 10000) in paragraph at lines 160--169

 []


Underfull \hbox (badness 10000) in paragraph at lines 170--173

 []

[7] [8]
File: Chap_2/Figures/Galloping_2.png Graphic file (type bmp)
<Chap_2/Figures/Galloping_2.png>

Underfull \hbox (badness 10000) in paragraph at lines 269--273

 []

[9]
File: Chap_2/Figures/Flutter_1.png Graphic file (type bmp)
<Chap_2/Figures/Flutter_1.png>

Underfull \hbox (badness 10000) in paragraph at lines 281--285

 []

File: Chap_2/Figures/Flutter_2_1_1.png Graphic file (type bmp)
<Chap_2/Figures/Flutter_2_1_1.png>
File: Chap_2/Figures/Flutter_2_1_2.png Graphic file (type bmp)
<Chap_2/Figures/Flutter_2_1_2.png>
File: Chap_2/Figures/Flutter_2_1_3.png Graphic file (type bmp)
<Chap_2/Figures/Flutter_2_1_3.png>

Underfull \hbox (badness 10000) in paragraph at lines 311--315

 []

[10]
Underfull \hbox (badness 10000) in paragraph at lines 325--335

 []


Underfull \hbox (badness 10000) in paragraph at lines 346--354

 []


Underfull \hbox (badness 10000) in paragraph at lines 355--365

 []

[11] [12]
File: Chap_2/Figures/Single_Frequency.png Graphic file (type bmp)
<Chap_2/Figures/Single_Frequency.png>
File: Chap_2/Figures/MultiFrequency_Explanation.png Graphic file (type bmp)
<Chap_2/Figures/MultiFrequency_Explanation.png>
 [13] [14]
Underfull \hbox (badness 10000) in paragraph at lines 547--555

 []


Underfull \hbox (badness 10000) in paragraph at lines 568--575

 []

[15]
File: Chap_2/Figures/Flutter_Decay_Solution_Plot.png Graphic file (type bmp)
<Chap_2/Figures/Flutter_Decay_Solution_Plot.png>
File: Chap_2/Figures/Flutter_Growth_Solution_Plot.png Graphic file (type bmp)
<Chap_2/Figures/Flutter_Growth_Solution_Plot.png>

Overfull \hbox (3.50847pt too wide) in paragraph at lines 610--612
[]\TU/TimesNewRoman(0)/m/n/10.95 Flutter derivatives corresponding to that reduced velocity are interpolated from the flutter-derivative
 []


LaTeX Warning: Reference `fig:Theodorsen_Flutter_Derivatives' on page 16 undefined on input line 656.


Underfull \hbox (badness 10000) in paragraph at lines 649--657

 []

File: Chap_2/Figures/Validation/Eigen_Frequency_Vs_Reduced_Velocity.png Graphic file (type bmp)
<Chap_2/Figures/Validation/Eigen_Frequency_Vs_Reduced_Velocity.png>
[16] [17]) (Chap_3/Chapt_3.tex [18]
Chapter 3.

Underfull \hbox (badness 10000) in paragraph at lines 12--16

 []


Underfull \hbox (badness 10000) in paragraph at lines 17--24

 []


Underfull \hbox (badness 10000) in paragraph at lines 25--30

 []


Underfull \hbox (badness 10000) in paragraph at lines 31--37

 []

[19

]
Underfull \hbox (badness 10000) in paragraph at lines 70--74

 []


Underfull \hbox (badness 10000) in paragraph at lines 82--89

 []


Underfull \hbox (badness 10000) in paragraph at lines 90--93

 []

[20]
File: Chap_3/Figures/SingleFrequency/1_Input_Signal.png Graphic file (type bmp)
<Chap_3/Figures/SingleFrequency/1_Input_Signal.png>
File: Chap_3/Figures/SingleFrequency/1_Spectrum.png Graphic file (type bmp)
<Chap_3/Figures/SingleFrequency/1_Spectrum.png>
File: Chap_3/Figures/SingleFrequency/2_Input_Signal.png Graphic file (type bmp)
<Chap_3/Figures/SingleFrequency/2_Input_Signal.png>
File: Chap_3/Figures/SingleFrequency/2_Spectrum.png Graphic file (type bmp)
<Chap_3/Figures/SingleFrequency/2_Spectrum.png>
File: Chap_3/Figures/SingleFrequency/3_Input_Signal.png Graphic file (type bmp)
<Chap_3/Figures/SingleFrequency/3_Input_Signal.png>
File: Chap_3/Figures/SingleFrequency/3_Spectrum.png Graphic file (type bmp)
<Chap_3/Figures/SingleFrequency/3_Spectrum.png>
 [21]
Underfull \hbox (badness 10000) in paragraph at lines 228--232

 []


Underfull \hbox (badness 10000) in paragraph at lines 233--239

 []


Underfull \hbox (badness 10000) in paragraph at lines 240--250

 []

[22]
Underfull \hbox (badness 10000) in paragraph at lines 260--264

 []

File: Chap_3/Figures/MultiFrequency/1_Input_Signal.png Graphic file (type bmp)
<Chap_3/Figures/MultiFrequency/1_Input_Signal.png>
File: Chap_3/Figures/MultiFrequency/1_Spectrum.png Graphic file (type bmp)
<Chap_3/Figures/MultiFrequency/1_Spectrum.png>
[23]
File: Chap_3/Figures/MultiFrequency/2_Input_Signal.png Graphic file (type bmp)
<Chap_3/Figures/MultiFrequency/2_Input_Signal.png>
File: Chap_3/Figures/MultiFrequency/2_Spectrum.png Graphic file (type bmp)
<Chap_3/Figures/MultiFrequency/2_Spectrum.png>

Underfull \hbox (badness 10000) in paragraph at lines 392--396

 []

[24]
File: Chap_3/Figures/MultiFrequency/3_Input_Signal.png Graphic file (type bmp)
<Chap_3/Figures/MultiFrequency/3_Input_Signal.png>
File: Chap_3/Figures/MultiFrequency/3_Spectrum.png Graphic file (type bmp)
<Chap_3/Figures/MultiFrequency/3_Spectrum.png>

Underfull \hbox (badness 10000) in paragraph at lines 442--446

 []

[25]
Underfull \hbox (badness 10000) in paragraph at lines 466--469

 []


Underfull \hbox (badness 10000) in paragraph at lines 470--475

 []


Underfull \hbox (badness 10000) in paragraph at lines 476--479

 []

) (Chap_4/Chapt_4.tex [26]
Chapter 4.

Underfull \hbox (badness 10000) in paragraph at lines 25--32

 []

[27

]
Underfull \hbox (badness 10000) in paragraph at lines 65--72

 []


LaTeX Warning: Reference `fig:Kolmogorov_Spectrum' on page 28 undefined on input line 79.

File: Chap_4/Figures/CFD/Energy_Casacade.png Graphic file (type bmp)
<Chap_4/Figures/CFD/Energy_Casacade.png>
File: Chap_4/Figures/CFD/Energy_vs_wave_number.png Graphic file (type bmp)
<Chap_4/Figures/CFD/Energy_vs_wave_number.png>
File: Chap_4/Figures/CFD/DNS_LES_URANS.png Graphic file (type bmp)
<Chap_4/Figures/CFD/DNS_LES_URANS.png>

LaTeX Warning: Float too large for page by 12.97823pt on input line 118.


Underfull \hbox (badness 10000) in paragraph at lines 131--136

 []

[28] [29]
Underfull \hbox (badness 10000) in paragraph at lines 146--150

 []


Underfull \hbox (badness 10000) in paragraph at lines 151--155

 []


Underfull \hbox (badness 10000) in paragraph at lines 156--162

 []

[30]
File: Chap_4/Figures/Mesh_Convergence_Study/Virtual_Wind_Tunnel_Dimensions.png Graphic file (type bmp)
<Chap_4/Figures/Mesh_Convergence_Study/Virtual_Wind_Tunnel_Dimensions.png>
File: Chap_4/Figures/Mesh_Convergence_Study/Sarkic_Section.png Graphic file (type bmp)
<Chap_4/Figures/Mesh_Convergence_Study/Sarkic_Section.png>

Underfull \hbox (badness 10000) in paragraph at lines 223--232

 []

[31]
Underfull \hbox (badness 10000) in paragraph at lines 233--246

 []


Underfull \hbox (badness 10000) in paragraph at lines 247--256

 []


Underfull \hbox (badness 10000) in paragraph at lines 261--266

 []

[32]
File: Chap_4/Figures/Mesh_Convergence_Study/GiD_Model_2.png Graphic file (type bmp)
<Chap_4/Figures/Mesh_Convergence_Study/GiD_Model_2.png>

Underfull \hbox (badness 10000) in paragraph at lines 280--288

 []

File: Chap_4/Figures/Mesh_Convergence_Study/CFD_Result.png Graphic file (type bmp)
<Chap_4/Figures/Mesh_Convergence_Study/CFD_Result.png>
File: Chap_4/Figures/Mesh_Convergence_Study/Model_3_Heave.png Graphic file (type bmp)
<Chap_4/Figures/Mesh_Convergence_Study/Model_3_Heave.png>
File: Chap_4/Figures/Mesh_Convergence_Study/Model_3_Pitch.png Graphic file (type bmp)
<Chap_4/Figures/Mesh_Convergence_Study/Model_3_Pitch.png>
[33] [34]
File: Chap_4/Figures/Mesh_Convergence_Study/H1_and_H4.png Graphic file (type bmp)
<Chap_4/Figures/Mesh_Convergence_Study/H1_and_H4.png>
File: Chap_4/Figures/Mesh_Convergence_Study/A1_and_A4.png Graphic file (type bmp)
<Chap_4/Figures/Mesh_Convergence_Study/A1_and_A4.png>
File: Chap_4/Figures/Mesh_Convergence_Study/H2_and_H3.png Graphic file (type bmp)
<Chap_4/Figures/Mesh_Convergence_Study/H2_and_H3.png>
File: Chap_4/Figures/Mesh_Convergence_Study/A2_and_A3.png Graphic file (type bmp)
<Chap_4/Figures/Mesh_Convergence_Study/A2_and_A3.png>

Underfull \hbox (badness 10000) in paragraph at lines 389--395

 []

[35]
Underfull \hbox (badness 10000) in paragraph at lines 396--401

 []


Underfull \hbox (badness 10000) in paragraph at lines 417--421

 []


Underfull \hbox (badness 10000) in paragraph at lines 466--471

 []

[36]
File: Chap_4/Figures/Influence_of_Amplitude/Combined_Flutter_Derivative.png Graphic file (type bmp)
<Chap_4/Figures/Influence_of_Amplitude/Combined_Flutter_Derivative.png>

Underfull \hbox (badness 10000) in paragraph at lines 484--490

 []


Underfull \hbox (badness 10000) in paragraph at lines 497--504

 []


Underfull \hbox (badness 10000) in paragraph at lines 505--511

 []

[37] [38]
File: Chap_4/Figures/Influence_of_Amplitude/Frequency_Domain_Analysis/Heave/DFT_LiftForce_Amplitude_Scheme_6.png Graphic file (type bmp)
<Chap_4/Figures/Influence_of_Amplitude/Frequency_Domain_Analysis/Heave/DFT_LiftForce_Amplitude_Scheme_6.png>
File: Chap_4/Figures/Influence_of_Amplitude/Frequency_Domain_Analysis/Heave/DFT_Moment_Amplitude_Scheme_6.png Graphic file (type bmp)
<Chap_4/Figures/Influence_of_Amplitude/Frequency_Domain_Analysis/Heave/DFT_Moment_Amplitude_Scheme_6.png>
File: Chap_4/Figures/Influence_of_Amplitude/Frequency_Domain_Analysis/Pitch/DFT_LiftForce_Amplitude_Scheme_3.png Graphic file (type bmp)
<Chap_4/Figures/Influence_of_Amplitude/Frequency_Domain_Analysis/Pitch/DFT_LiftForce_Amplitude_Scheme_3.png>
File: Chap_4/Figures/Influence_of_Amplitude/Frequency_Domain_Analysis/Pitch/DFT_Moment_Amplitude_Scheme_3.png Graphic file (type bmp)
<Chap_4/Figures/Influence_of_Amplitude/Frequency_Domain_Analysis/Pitch/DFT_Moment_Amplitude_Scheme_3.png>
File: Chap_4/Figures/Influence_of_Amplitude/Frequency_Domain_Analysis/Pitch/DFT_LiftForce_Amplitude_Scheme_4.png Graphic file (type bmp)
<Chap_4/Figures/Influence_of_Amplitude/Frequency_Domain_Analysis/Pitch/DFT_LiftForce_Amplitude_Scheme_4.png>
File: Chap_4/Figures/Influence_of_Amplitude/Frequency_Domain_Analysis/Pitch/DFT_Moment_Amplitude_Scheme_4.png Graphic file (type bmp)
<Chap_4/Figures/Influence_of_Amplitude/Frequency_Domain_Analysis/Pitch/DFT_Moment_Amplitude_Scheme_4.png>

Underfull \hbox (badness 10000) in paragraph at lines 568--571

 []


Underfull \hbox (badness 10000) in paragraph at lines 572--579

 []

[39]
Underfull \hbox (badness 10000) in paragraph at lines 580--585

 []


Underfull \hbox (badness 10000) in paragraph at lines 586--595

 []


Underfull \hbox (badness 10000) in paragraph at lines 596--598

 []


Underfull \hbox (badness 10000) in paragraph at lines 599--601

 []


Underfull \hbox (badness 10000) in paragraph at lines 602--610

 []

[40]
Underfull \hbox (badness 10000) in paragraph at lines 611--617

 []


Underfull \hbox (badness 10000) in paragraph at lines 618--622

 []

File: Chap_4/Figures/Influence_of_Amplitude/Displacement_Vs_Force/Heave/Heave_LiftForce_and_Moment_vs_Amplitude.png Graphic file (type bmp)
<Chap_4/Figures/Influence_of_Amplitude/Displacement_Vs_Force/Heave/Heave_LiftForce_and_Moment_vs_Amplitude.png>
File: Chap_4/Figures/Influence_of_Amplitude/Displacement_Vs_Force/Heave/Heave_Phases_vs_Amplitude.png Graphic file (type bmp)
<Chap_4/Figures/Influence_of_Amplitude/Displacement_Vs_Force/Heave/Heave_Phases_vs_Amplitude.png>
File: Chap_4/Figures/Influence_of_Amplitude/Displacement_Vs_Force/Pitch/Pitch_LiftForce_and_Moment_vs_Amplitude.png Graphic file (type bmp)
<Chap_4/Figures/Influence_of_Amplitude/Displacement_Vs_Force/Pitch/Pitch_LiftForce_and_Moment_vs_Amplitude.png>
File: Chap_4/Figures/Influence_of_Amplitude/Displacement_Vs_Force/Pitch/Pitch_Phases_vs_Amplitude.png Graphic file (type bmp)
<Chap_4/Figures/Influence_of_Amplitude/Displacement_Vs_Force/Pitch/Pitch_Phases_vs_Amplitude.png>
File: Chap_4/Figures/Influence_of_Amplitude/Compressed_Displacement_Vs_Force/Heave/NormalizedMoment_vs_Amplitude_Schemes_RelativeToFirst.png Graphic file (type bmp)
<Chap_4/Figures/Influence_of_Amplitude/Compressed_Displacement_Vs_Force/Heave/NormalizedMoment_vs_Amplitude_Schemes_RelativeToFirst.png>
File: Chap_4/Figures/Influence_of_Amplitude/Compressed_Displacement_Vs_Force/Pitch/NormalizedMoment_vs_Amplitude_Schemes_RelativeToFirst.png Graphic file (type bmp)
<Chap_4/Figures/Influence_of_Amplitude/Compressed_Displacement_Vs_Force/Pitch/NormalizedMoment_vs_Amplitude_Schemes_RelativeToFirst.png>
File: Chap_4/Figures/Influence_of_Amplitude/Compressed_Displacement_Vs_Force/Heave/PhaseMx_Error_vs_Amplitude_Schemes.png Graphic file (type bmp)
<Chap_4/Figures/Influence_of_Amplitude/Compressed_Displacement_Vs_Force/Heave/PhaseMx_Error_vs_Amplitude_Schemes.png>
File: Chap_4/Figures/Influence_of_Amplitude/Compressed_Displacement_Vs_Force/Pitch/PhaseMx_Error_vs_Amplitude_Schemes.png Graphic file (type bmp)
<Chap_4/Figures/Influence_of_Amplitude/Compressed_Displacement_Vs_Force/Pitch/PhaseMx_Error_vs_Amplitude_Schemes.png>

Underfull \hbox (badness 10000) in paragraph at lines 700--705

 []


Underfull \hbox (badness 10000) in paragraph at lines 706--712

 []


Underfull \hbox (badness 10000) in paragraph at lines 713--716

 []

[41] [42]
Underfull \hbox (badness 10000) in paragraph at lines 726--734

 []

File: Chap_4/Figures/Influence_of_Amplitude/Pitch_Study/Prescribed Displacement_marked.png Graphic file (type bmp)
<Chap_4/Figures/Influence_of_Amplitude/Pitch_Study/Prescribed Displacement_marked.png>
File: Chap_4/Figures/Influence_of_Amplitude/Pitch_Study/Amp_0/Comparative_Amp0_vs_Amp6_Pitch_ComparativePressure_Amp0_vs_Amp6_t32.000.png Graphic file (type bmp)
<Chap_4/Figures/Influence_of_Amplitude/Pitch_Study/Amp_0/Comparative_Amp0_vs_Amp6_Pitch_ComparativePressure_Amp0_vs_Amp6_t32.000.png>
File: Chap_4/Figures/Influence_of_Amplitude/Pitch_Study/Amp_0/Comparative_Amp0_vs_Amp6_Pitch_ComparativePressure_Amp0_vs_Amp6_t34.000.png Graphic file (type bmp)
<Chap_4/Figures/Influence_of_Amplitude/Pitch_Study/Amp_0/Comparative_Amp0_vs_Amp6_Pitch_ComparativePressure_Amp0_vs_Amp6_t34.000.png>
File: Chap_4/Figures/Influence_of_Amplitude/Pitch_Study/Amp_0/Comparative_Amp0_vs_Amp6_Pitch_ComparativePressure_Amp0_vs_Amp6_t36.000.png Graphic file (type bmp)
<Chap_4/Figures/Influence_of_Amplitude/Pitch_Study/Amp_0/Comparative_Amp0_vs_Amp6_Pitch_ComparativePressure_Amp0_vs_Amp6_t36.000.png>
File: Chap_4/Figures/Influence_of_Amplitude/Pitch_Study/Amp_0/Comparative_Amp0_vs_Amp6_Pitch_ComparativePressure_Amp0_vs_Amp6_t38.000.png Graphic file (type bmp)
<Chap_4/Figures/Influence_of_Amplitude/Pitch_Study/Amp_0/Comparative_Amp0_vs_Amp6_Pitch_ComparativePressure_Amp0_vs_Amp6_t38.000.png>

Underfull \hbox (badness 10000) in paragraph at lines 853--857

 []

[43]
Underfull \hbox (badness 10000) in paragraph at lines 858--866

 []

File: Chap_4/Figures/Influence_of_Amplitude/CriticalVelocity_vs__Amplitude_Scheme.png Graphic file (type bmp)
<Chap_4/Figures/Influence_of_Amplitude/CriticalVelocity_vs__Amplitude_Scheme.png>
File: Chap_4/Figures/Influence_of_Amplitude/ReducedVelocity_Vs__Amplitude_Scheme.png Graphic file (type bmp)
<Chap_4/Figures/Influence_of_Amplitude/ReducedVelocity_Vs__Amplitude_Scheme.png>
[44]) (Chap_5/Chapt_5.tex [45]
Chapter 5.

Underfull \hbox (badness 10000) in paragraph at lines 45--46

 []


Underfull \hbox (badness 10000) in paragraph at lines 47--54

 []


Underfull \hbox (badness 10000) in paragraph at lines 60--69

 []

[46

]
Underfull \hbox (badness 10000) in paragraph at lines 70--84

 []


Underfull \hbox (badness 10000) in paragraph at lines 85--86

 []


Underfull \hbox (badness 10000) in paragraph at lines 98--99

 []


Underfull \hbox (badness 10000) in paragraph at lines 100--103

 []


Underfull \hbox (badness 10000) in paragraph at lines 104--111

 []

[47]
Underfull \hbox (badness 10000) in paragraph at lines 112--118

 []

[48]
Underfull \hbox (badness 10000) in paragraph at lines 259--261

 []


Underfull \hbox (badness 10000) in paragraph at lines 262--265

 []

[49]
File: Chap_5/Figures/MultiFrequency_Study_1/Procedure_Explanation/2_Individual_Component_ForcedMotion.PNG Graphic file (type bmp)
<Chap_5/Figures/MultiFrequency_Study_1/Procedure_Explanation/2_Individual_Component_ForcedMotion.PNG>
File: Chap_5/Figures/MultiFrequency_Study_1/Procedure_Explanation/2_Superimposed_ForcedMotion.png Graphic file (type bmp)
<Chap_5/Figures/MultiFrequency_Study_1/Procedure_Explanation/2_Superimposed_ForcedMotion.png>


LaTeX Warning: Reference `fig:MF1_AeroMoment_TimeDomain' on page 50 undefined on input line 285.


Underfull \hbox (badness 10000) in paragraph at lines 281--286

 []

File: Chap_5/Figures/MultiFrequency_Study_1/Procedure_Explanation/3_Computed_Aerodynamic_Lift_Force.png Graphic file (type bmp)
<Chap_5/Figures/MultiFrequency_Study_1/Procedure_Explanation/3_Computed_Aerodynamic_Lift_Force.png>
File: Chap_5/Figures/MultiFrequency_Study_1/Procedure_Explanation/3_DFT_LiftForce_Superposition_Scheme_4.png Graphic file (type bmp)
<Chap_5/Figures/MultiFrequency_Study_1/Procedure_Explanation/3_DFT_LiftForce_Superposition_Scheme_4.png>

Underfull \hbox (badness 10000) in paragraph at lines 303--309

 []

[50]

LaTeX Warning: Reference `fig:MF1_AeroMoment_TimeDomain' on page 51 undefined on input line 313.


LaTeX Warning: Reference `fig:MF1_IndividualHarmonicMoment' on page 51 undefined on input line 313.


Underfull \hbox (badness 10000) in paragraph at lines 310--314

 []

File: Chap_5/Figures/MultiFrequency_Study_1/Procedure_Explanation/3_Individual_Harmonic_Lift_Force.png Graphic file (type bmp)
<Chap_5/Figures/MultiFrequency_Study_1/Procedure_Explanation/3_Individual_Harmonic_Lift_Force.png>
[51]
File: Chap_5/Figures/MultiFrequency_Study_1/Combined_Flutter_Derivative.png Graphic file (type bmp)
<Chap_5/Figures/MultiFrequency_Study_1/Combined_Flutter_Derivative.png>

Underfull \hbox (badness 10000) in paragraph at lines 372--380

 []


Underfull \hbox (badness 10000) in paragraph at lines 381--386

 []


Underfull \hbox (badness 10000) in paragraph at lines 387--392

 []


Underfull \hbox (badness 10000) in paragraph at lines 393--395

 []

[52] [53] [54]
Underfull \hbox (badness 10000) in paragraph at lines 398--402

 []


Underfull \hbox (badness 10000) in paragraph at lines 403--409

 []


Underfull \hbox (badness 10000) in paragraph at lines 410--418

 []


Underfull \hbox (badness 10000) in paragraph at lines 419--425

 []

File: Chap_5/Figures/MultiFrequency_Study_1/Combined_Amplitude_Errors.png Graphic file (type bmp)
<Chap_5/Figures/MultiFrequency_Study_1/Combined_Amplitude_Errors.png>

Underfull \hbox (badness 10000) in paragraph at lines 433--436

 []

File: Chap_5/Figures/MultiFrequency_Study_1/Combined_Phase_Errors.png Graphic file (type bmp)
<Chap_5/Figures/MultiFrequency_Study_1/Combined_Phase_Errors.png>

Underfull \hbox (badness 10000) in paragraph at lines 444--448

 []


Underfull \hbox (badness 10000) in paragraph at lines 466--469

 []

[55] [56]
File: Chap_5/Figures/MultiFrequency_Study_1/Compressed_Displacement_Vs_Force/Heave/NormalizedMoment_vs_Superpositions_RelativeToFirst.png Graphic file (type bmp)
<Chap_5/Figures/MultiFrequency_Study_1/Compressed_Displacement_Vs_Force/Heave/NormalizedMoment_vs_Superpositions_RelativeToFirst.png>
File: Chap_5/Figures/MultiFrequency_Study_1/Compressed_Displacement_Vs_Force/Pitch/NormalizedMoment_vs_Superpositions_RelativeToFirst.png Graphic file (type bmp)
<Chap_5/Figures/MultiFrequency_Study_1/Compressed_Displacement_Vs_Force/Pitch/NormalizedMoment_vs_Superpositions_RelativeToFirst.png>
File: Chap_5/Figures/MultiFrequency_Study_1/Compressed_Displacement_Vs_Force/Heave/PhaseLiftForce_Error_vs_Superpositions.png Graphic file (type bmp)
<Chap_5/Figures/MultiFrequency_Study_1/Compressed_Displacement_Vs_Force/Heave/PhaseLiftForce_Error_vs_Superpositions.png>
File: Chap_5/Figures/MultiFrequency_Study_1/Compressed_Displacement_Vs_Force/Pitch/PhaseMoment_Error_vs_Superpositions.png Graphic file (type bmp)
<Chap_5/Figures/MultiFrequency_Study_1/Compressed_Displacement_Vs_Force/Pitch/PhaseMoment_Error_vs_Superpositions.png>

Underfull \hbox (badness 10000) in paragraph at lines 508--512

 []


Underfull \hbox (badness 10000) in paragraph at lines 513--519

 []


Underfull \hbox (badness 10000) in paragraph at lines 520--525

 []

[57]
File: Chap_5/Figures/MultiFrequency_Study_1/Frequency_Domain_Analysis/Heave/DFT_LiftForce_Superposition_Scheme_4.png Graphic file (type bmp)
<Chap_5/Figures/MultiFrequency_Study_1/Frequency_Domain_Analysis/Heave/DFT_LiftForce_Superposition_Scheme_4.png>
File: Chap_5/Figures/MultiFrequency_Study_1/Frequency_Domain_Analysis/Heave/DFT_Moment_Superposition_Scheme_4.png Graphic file (type bmp)
<Chap_5/Figures/MultiFrequency_Study_1/Frequency_Domain_Analysis/Heave/DFT_Moment_Superposition_Scheme_4.png>
File: Chap_5/Figures/MultiFrequency_Study_1/Frequency_Domain_Analysis/Pitch/DFT_LiftForce_Superposition_Scheme_4.png Graphic file (type bmp)
<Chap_5/Figures/MultiFrequency_Study_1/Frequency_Domain_Analysis/Pitch/DFT_LiftForce_Superposition_Scheme_4.png>
File: Chap_5/Figures/MultiFrequency_Study_1/Frequency_Domain_Analysis/Pitch/DFT_Moment_Superposition_Scheme_4.png Graphic file (type bmp)
<Chap_5/Figures/MultiFrequency_Study_1/Frequency_Domain_Analysis/Pitch/DFT_Moment_Superposition_Scheme_4.png>

Underfull \hbox (badness 10000) in paragraph at lines 566--570

 []


Underfull \hbox (badness 10000) in paragraph at lines 571--577

 []


Underfull \hbox (badness 10000) in paragraph at lines 584--591

 []

[58]
File: Chap_5/Figures/MultiFrequency_Study_1/Heave_Pitch_Amplitude_Plots.png Graphic file (type bmp)
<Chap_5/Figures/MultiFrequency_Study_1/Heave_Pitch_Amplitude_Plots.png>

Underfull \hbox (badness 10000) in paragraph at lines 602--605

 []


Underfull \hbox (badness 10000) in paragraph at lines 606--609

 []


Underfull \hbox (badness 10000) in paragraph at lines 610--615

 []

[59]
File: Chap_5/Figures/MultiFrequency_Study_1/CriticalVelocity_vs_Number_of_Superpositions.png Graphic file (type bmp)
<Chap_5/Figures/MultiFrequency_Study_1/CriticalVelocity_vs_Number_of_Superpositions.png>
File: Chap_5/Figures/MultiFrequency_Study_1/ReducedVelocity_vs_Number_of_Superpositions.png Graphic file (type bmp)
<Chap_5/Figures/MultiFrequency_Study_1/ReducedVelocity_vs_Number_of_Superpositions.png>

Underfull \hbox (badness 10000) in paragraph at lines 645--648

 []

File: Chap_5/Figures/MultiFrequency_Study_2/Combined_Flutter_Derivative.png Graphic file (type bmp)
<Chap_5/Figures/MultiFrequency_Study_2/Combined_Flutter_Derivative.png>

Underfull \hbox (badness 10000) in paragraph at lines 674--681

 []

[60] [61]
Underfull \hbox (badness 10000) in paragraph at lines 684--688

 []

File: Chap_5/Figures/MultiFrequency_Study_2/Combined_Amplitude_Errors.png Graphic file (type bmp)
<Chap_5/Figures/MultiFrequency_Study_2/Combined_Amplitude_Errors.png>
File: Chap_5/Figures/MultiFrequency_Study_2/Combined_Phase_Errors.png Graphic file (type bmp)
<Chap_5/Figures/MultiFrequency_Study_2/Combined_Phase_Errors.png>
[62]
Underfull \hbox (badness 10000) in paragraph at lines 705--709

 []

File: Chap_5/Figures/MultiFrequency_Study_2/Frequency_Domain_Analysis/Heave/DFT_LiftForce_Superposition_Scheme_4.png Graphic file (type bmp)
<Chap_5/Figures/MultiFrequency_Study_2/Frequency_Domain_Analysis/Heave/DFT_LiftForce_Superposition_Scheme_4.png>
File: Chap_5/Figures/MultiFrequency_Study_2/Frequency_Domain_Analysis/Heave/DFT_Moment_Superposition_Scheme_4.png Graphic file (type bmp)
<Chap_5/Figures/MultiFrequency_Study_2/Frequency_Domain_Analysis/Heave/DFT_Moment_Superposition_Scheme_4.png>

Underfull \hbox (badness 10000) in paragraph at lines 730--736

 []

File: Chap_5/Figures/MultiFrequency_Study_2/Frequency_Domain_Analysis/Pitch/DFT_LiftForce_Superposition_Scheme_4.png Graphic file (type bmp)
<Chap_5/Figures/MultiFrequency_Study_2/Frequency_Domain_Analysis/Pitch/DFT_LiftForce_Superposition_Scheme_4.png>
File: Chap_5/Figures/MultiFrequency_Study_2/Frequency_Domain_Analysis/Pitch/DFT_Moment_Superposition_Scheme_4.png Graphic file (type bmp)
<Chap_5/Figures/MultiFrequency_Study_2/Frequency_Domain_Analysis/Pitch/DFT_Moment_Superposition_Scheme_4.png>
[63]

LaTeX Warning: Reference `fig:ReducedVelocity_Vs_Number_of_Superpositions_MF2' on page 64 undefined on input line 763.


Underfull \hbox (badness 10000) in paragraph at lines 759--764

 []

File: Chap_5/Figures/MultiFrequency_Study_2/CriticalVelocity_vs_Number_of_Superpositions.png Graphic file (type bmp)
<Chap_5/Figures/MultiFrequency_Study_2/CriticalVelocity_vs_Number_of_Superpositions.png>
[64]
File: Chap_5/Figures/Simulation_Time_1.png Graphic file (type bmp)
<Chap_5/Figures/Simulation_Time_1.png>
File: Chap_5/Figures/Simulation_Time_2.png Graphic file (type bmp)
<Chap_5/Figures/Simulation_Time_2.png>
 [65]) (Chap_6/Chapt_6.tex [66]
Chapter 6.

Underfull \hbox (badness 10000) in paragraph at lines 13--44

 []

[67

]
Underfull \hbox (badness 10000) in paragraph at lines 53--58

 []

) (Chap_A/Chapt_A.tex [68]
Appendix A.
File: Chap_A/Figures/Chap_4/Frequency_Domain_Analysis/Heave/DFT_LiftForce_Amplitude_Scheme_0.png Graphic file (type bmp)
<Chap_A/Figures/Chap_4/Frequency_Domain_Analysis/Heave/DFT_LiftForce_Amplitude_Scheme_0.png>
File: Chap_A/Figures/Chap_4/Frequency_Domain_Analysis/Heave/DFT_Moment_Amplitude_Scheme_0.png Graphic file (type bmp)
<Chap_A/Figures/Chap_4/Frequency_Domain_Analysis/Heave/DFT_Moment_Amplitude_Scheme_0.png>
File: Chap_A/Figures/Chap_4/Frequency_Domain_Analysis/Heave/DFT_LiftForce_Amplitude_Scheme_1.png Graphic file (type bmp)
<Chap_A/Figures/Chap_4/Frequency_Domain_Analysis/Heave/DFT_LiftForce_Amplitude_Scheme_1.png>
File: Chap_A/Figures/Chap_4/Frequency_Domain_Analysis/Heave/DFT_Moment_Amplitude_Scheme_1.png Graphic file (type bmp)
<Chap_A/Figures/Chap_4/Frequency_Domain_Analysis/Heave/DFT_Moment_Amplitude_Scheme_1.png>
File: Chap_A/Figures/Chap_4/Frequency_Domain_Analysis/Heave/DFT_LiftForce_Amplitude_Scheme_2.png Graphic file (type bmp)
<Chap_A/Figures/Chap_4/Frequency_Domain_Analysis/Heave/DFT_LiftForce_Amplitude_Scheme_2.png>
File: Chap_A/Figures/Chap_4/Frequency_Domain_Analysis/Heave/DFT_Moment_Amplitude_Scheme_2.png Graphic file (type bmp)
<Chap_A/Figures/Chap_4/Frequency_Domain_Analysis/Heave/DFT_Moment_Amplitude_Scheme_2.png>
File: Chap_A/Figures/Chap_4/Frequency_Domain_Analysis/Heave/DFT_LiftForce_Amplitude_Scheme_3.png Graphic file (type bmp)
<Chap_A/Figures/Chap_4/Frequency_Domain_Analysis/Heave/DFT_LiftForce_Amplitude_Scheme_3.png>
File: Chap_A/Figures/Chap_4/Frequency_Domain_Analysis/Heave/DFT_Moment_Amplitude_Scheme_3.png Graphic file (type bmp)
<Chap_A/Figures/Chap_4/Frequency_Domain_Analysis/Heave/DFT_Moment_Amplitude_Scheme_3.png>
File: Chap_A/Figures/Chap_4/Frequency_Domain_Analysis/Heave/DFT_LiftForce_Amplitude_Scheme_4.png Graphic file (type bmp)
<Chap_A/Figures/Chap_4/Frequency_Domain_Analysis/Heave/DFT_LiftForce_Amplitude_Scheme_4.png>
File: Chap_A/Figures/Chap_4/Frequency_Domain_Analysis/Heave/DFT_Moment_Amplitude_Scheme_4.png Graphic file (type bmp)
<Chap_A/Figures/Chap_4/Frequency_Domain_Analysis/Heave/DFT_Moment_Amplitude_Scheme_4.png>
File: Chap_A/Figures/Chap_4/Frequency_Domain_Analysis/Heave/DFT_LiftForce_Amplitude_Scheme_5.png Graphic file (type bmp)
<Chap_A/Figures/Chap_4/Frequency_Domain_Analysis/Heave/DFT_LiftForce_Amplitude_Scheme_5.png>
File: Chap_A/Figures/Chap_4/Frequency_Domain_Analysis/Heave/DFT_Moment_Amplitude_Scheme_5.png Graphic file (type bmp)
<Chap_A/Figures/Chap_4/Frequency_Domain_Analysis/Heave/DFT_Moment_Amplitude_Scheme_5.png>
File: Chap_A/Figures/Chap_4/Frequency_Domain_Analysis/Heave/DFT_LiftForce_Amplitude_Scheme_6.png Graphic file (type bmp)
<Chap_A/Figures/Chap_4/Frequency_Domain_Analysis/Heave/DFT_LiftForce_Amplitude_Scheme_6.png>
File: Chap_A/Figures/Chap_4/Frequency_Domain_Analysis/Heave/DFT_Moment_Amplitude_Scheme_6.png Graphic file (type bmp)
<Chap_A/Figures/Chap_4/Frequency_Domain_Analysis/Heave/DFT_Moment_Amplitude_Scheme_6.png>
File: Chap_A/Figures/Chap_4/Frequency_Domain_Analysis/Pitch/DFT_LiftForce_Amplitude_Scheme_0.png Graphic file (type bmp)
<Chap_A/Figures/Chap_4/Frequency_Domain_Analysis/Pitch/DFT_LiftForce_Amplitude_Scheme_0.png>
File: Chap_A/Figures/Chap_4/Frequency_Domain_Analysis/Pitch/DFT_Moment_Amplitude_Scheme_0.png Graphic file (type bmp)
<Chap_A/Figures/Chap_4/Frequency_Domain_Analysis/Pitch/DFT_Moment_Amplitude_Scheme_0.png>
File: Chap_A/Figures/Chap_4/Frequency_Domain_Analysis/Pitch/DFT_LiftForce_Amplitude_Scheme_1.png Graphic file (type bmp)
<Chap_A/Figures/Chap_4/Frequency_Domain_Analysis/Pitch/DFT_LiftForce_Amplitude_Scheme_1.png>
File: Chap_A/Figures/Chap_4/Frequency_Domain_Analysis/Pitch/DFT_Moment_Amplitude_Scheme_1.png Graphic file (type bmp)
<Chap_A/Figures/Chap_4/Frequency_Domain_Analysis/Pitch/DFT_Moment_Amplitude_Scheme_1.png>
File: Chap_A/Figures/Chap_4/Frequency_Domain_Analysis/Pitch/DFT_LiftForce_Amplitude_Scheme_2.png Graphic file (type bmp)
<Chap_A/Figures/Chap_4/Frequency_Domain_Analysis/Pitch/DFT_LiftForce_Amplitude_Scheme_2.png>
File: Chap_A/Figures/Chap_4/Frequency_Domain_Analysis/Pitch/DFT_Moment_Amplitude_Scheme_2.png Graphic file (type bmp)
<Chap_A/Figures/Chap_4/Frequency_Domain_Analysis/Pitch/DFT_Moment_Amplitude_Scheme_2.png>
File: Chap_A/Figures/Chap_4/Frequency_Domain_Analysis/Pitch/DFT_LiftForce_Amplitude_Scheme_3.png Graphic file (type bmp)
<Chap_A/Figures/Chap_4/Frequency_Domain_Analysis/Pitch/DFT_LiftForce_Amplitude_Scheme_3.png>
File: Chap_A/Figures/Chap_4/Frequency_Domain_Analysis/Pitch/DFT_Moment_Amplitude_Scheme_3.png Graphic file (type bmp)
<Chap_A/Figures/Chap_4/Frequency_Domain_Analysis/Pitch/DFT_Moment_Amplitude_Scheme_3.png>
File: Chap_A/Figures/Chap_4/Frequency_Domain_Analysis/Pitch/DFT_LiftForce_Amplitude_Scheme_4.png Graphic file (type bmp)
<Chap_A/Figures/Chap_4/Frequency_Domain_Analysis/Pitch/DFT_LiftForce_Amplitude_Scheme_4.png>
File: Chap_A/Figures/Chap_4/Frequency_Domain_Analysis/Pitch/DFT_Moment_Amplitude_Scheme_4.png Graphic file (type bmp)
<Chap_A/Figures/Chap_4/Frequency_Domain_Analysis/Pitch/DFT_Moment_Amplitude_Scheme_4.png>
File: Chap_A/Figures/Chap_4/Frequency_Domain_Analysis/Pitch/DFT_LiftForce_Amplitude_Scheme_5.png Graphic file (type bmp)
<Chap_A/Figures/Chap_4/Frequency_Domain_Analysis/Pitch/DFT_LiftForce_Amplitude_Scheme_5.png>
File: Chap_A/Figures/Chap_4/Frequency_Domain_Analysis/Pitch/DFT_Moment_Amplitude_Scheme_5.png Graphic file (type bmp)
<Chap_A/Figures/Chap_4/Frequency_Domain_Analysis/Pitch/DFT_Moment_Amplitude_Scheme_5.png>
File: Chap_A/Figures/Chap_4/Frequency_Domain_Analysis/Pitch/DFT_LiftForce_Amplitude_Scheme_6.png Graphic file (type bmp)
<Chap_A/Figures/Chap_4/Frequency_Domain_Analysis/Pitch/DFT_LiftForce_Amplitude_Scheme_6.png>
File: Chap_A/Figures/Chap_4/Frequency_Domain_Analysis/Pitch/DFT_Moment_Amplitude_Scheme_6.png Graphic file (type bmp)
<Chap_A/Figures/Chap_4/Frequency_Domain_Analysis/Pitch/DFT_Moment_Amplitude_Scheme_6.png>
File: Chap_A/Figures/Chap_4/Compressed_Displacement_Vs_Force/Heave/NormalizedLift_Force_vs_Amplitude_Schemes_RelativeToFirst.png Graphic file (type bmp)
<Chap_A/Figures/Chap_4/Compressed_Displacement_Vs_Force/Heave/NormalizedLift_Force_vs_Amplitude_Schemes_RelativeToFirst.png>
File: Chap_A/Figures/Chap_4/Compressed_Displacement_Vs_Force/Pitch/NormalizedLift_Force_vs_Amplitude_Schemes_RelativeToFirst.png Graphic file (type bmp)
<Chap_A/Figures/Chap_4/Compressed_Displacement_Vs_Force/Pitch/NormalizedLift_Force_vs_Amplitude_Schemes_RelativeToFirst.png>
File: Chap_A/Figures/Chap_4/Compressed_Displacement_Vs_Force/Heave/PhaseLift_Force_Error_vs_Amplitude_Schemes.png Graphic file (type bmp)
<Chap_A/Figures/Chap_4/Compressed_Displacement_Vs_Force/Heave/PhaseLift_Force_Error_vs_Amplitude_Schemes.png>
File: Chap_A/Figures/Chap_4/Compressed_Displacement_Vs_Force/Pitch/PhaseLift_Force_Error_vs_Amplitude_Schemes.png Graphic file (type bmp)
<Chap_A/Figures/Chap_4/Compressed_Displacement_Vs_Force/Pitch/PhaseLift_Force_Error_vs_Amplitude_Schemes.png>
File: Chap_A/Figures/Chap_4/Compressed_Displacement_Vs_Force/Heave/NormalizedMoment_vs_Amplitude_Schemes_RelativeToFirst.png Graphic file (type bmp)
<Chap_A/Figures/Chap_4/Compressed_Displacement_Vs_Force/Heave/NormalizedMoment_vs_Amplitude_Schemes_RelativeToFirst.png>
File: Chap_A/Figures/Chap_4/Compressed_Displacement_Vs_Force/Pitch/NormalizedMoment_vs_Amplitude_Schemes_RelativeToFirst.png Graphic file (type bmp)
<Chap_A/Figures/Chap_4/Compressed_Displacement_Vs_Force/Pitch/NormalizedMoment_vs_Amplitude_Schemes_RelativeToFirst.png>
File: Chap_A/Figures/Chap_4/Compressed_Displacement_Vs_Force/Heave/PhaseMx_Error_vs_Amplitude_Schemes.png Graphic file (type bmp)
<Chap_A/Figures/Chap_4/Compressed_Displacement_Vs_Force/Heave/PhaseMx_Error_vs_Amplitude_Schemes.png>
File: Chap_A/Figures/Chap_4/Compressed_Displacement_Vs_Force/Pitch/PhaseMx_Error_vs_Amplitude_Schemes.png Graphic file (type bmp)
<Chap_A/Figures/Chap_4/Compressed_Displacement_Vs_Force/Pitch/PhaseMx_Error_vs_Amplitude_Schemes.png>
File: Chap_A/Figures/Chap_5/MultiFrequency_Study_1/Compressed_Displacement_Vs_Force/Heave/NormalizedLiftForce_vs_Superpositions_RelativeToFirst.png Graphic file (type bmp)
<Chap_A/Figures/Chap_5/MultiFrequency_Study_1/Compressed_Displacement_Vs_Force/Heave/NormalizedLiftForce_vs_Superpositions_RelativeToFirst.png>
File: Chap_A/Figures/Chap_5/MultiFrequency_Study_1/Compressed_Displacement_Vs_Force/Pitch/NormalizedLiftForce_vs_Superpositions_RelativeToFirst.png Graphic file (type bmp)
<Chap_A/Figures/Chap_5/MultiFrequency_Study_1/Compressed_Displacement_Vs_Force/Pitch/NormalizedLiftForce_vs_Superpositions_RelativeToFirst.png>
File: Chap_A/Figures/Chap_5/MultiFrequency_Study_1/Compressed_Displacement_Vs_Force/Heave/PhaseLiftForce_Error_vs_Superpositions.png Graphic file (type bmp)
<Chap_A/Figures/Chap_5/MultiFrequency_Study_1/Compressed_Displacement_Vs_Force/Heave/PhaseLiftForce_Error_vs_Superpositions.png>
File: Chap_A/Figures/Chap_5/MultiFrequency_Study_1/Compressed_Displacement_Vs_Force/Pitch/PhaseLiftForce_Error_vs_Superpositions.png Graphic file (type bmp)
<Chap_A/Figures/Chap_5/MultiFrequency_Study_1/Compressed_Displacement_Vs_Force/Pitch/PhaseLiftForce_Error_vs_Superpositions.png>
File: Chap_A/Figures/Chap_5/MultiFrequency_Study_1/Compressed_Displacement_Vs_Force/Heave/NormalizedMoment_vs_Superpositions_RelativeToFirst.png Graphic file (type bmp)
<Chap_A/Figures/Chap_5/MultiFrequency_Study_1/Compressed_Displacement_Vs_Force/Heave/NormalizedMoment_vs_Superpositions_RelativeToFirst.png>
File: Chap_A/Figures/Chap_5/MultiFrequency_Study_1/Compressed_Displacement_Vs_Force/Pitch/NormalizedMoment_vs_Superpositions_RelativeToFirst.png Graphic file (type bmp)
<Chap_A/Figures/Chap_5/MultiFrequency_Study_1/Compressed_Displacement_Vs_Force/Pitch/NormalizedMoment_vs_Superpositions_RelativeToFirst.png>
File: Chap_A/Figures/Chap_5/MultiFrequency_Study_1/Compressed_Displacement_Vs_Force/Heave/PhaseLiftForce_Error_vs_Superpositions.png Graphic file (type bmp)
<Chap_A/Figures/Chap_5/MultiFrequency_Study_1/Compressed_Displacement_Vs_Force/Heave/PhaseLiftForce_Error_vs_Superpositions.png>
File: Chap_A/Figures/Chap_5/MultiFrequency_Study_1/Compressed_Displacement_Vs_Force/Pitch/PhaseMoment_Error_vs_Superpositions.png Graphic file (type bmp)
<Chap_A/Figures/Chap_5/MultiFrequency_Study_1/Compressed_Displacement_Vs_Force/Pitch/PhaseMoment_Error_vs_Superpositions.png>
[69

]
File: Chap_A/Figures/Chap_5/MultiFrequency_Study_1/Frequency_Domain_Analysis/Heave/DFT_LiftForce_Superposition_Scheme_1.png Graphic file (type bmp)
<Chap_A/Figures/Chap_5/MultiFrequency_Study_1/Frequency_Domain_Analysis/Heave/DFT_LiftForce_Superposition_Scheme_1.png>
File: Chap_A/Figures/Chap_5/MultiFrequency_Study_1/Frequency_Domain_Analysis/Heave/DFT_Moment_Superposition_Scheme_1.png Graphic file (type bmp)
<Chap_A/Figures/Chap_5/MultiFrequency_Study_1/Frequency_Domain_Analysis/Heave/DFT_Moment_Superposition_Scheme_1.png>
File: Chap_A/Figures/Chap_5/MultiFrequency_Study_1/Frequency_Domain_Analysis/Heave/DFT_LiftForce_Superposition_Scheme_2.png Graphic file (type bmp)
<Chap_A/Figures/Chap_5/MultiFrequency_Study_1/Frequency_Domain_Analysis/Heave/DFT_LiftForce_Superposition_Scheme_2.png>
File: Chap_A/Figures/Chap_5/MultiFrequency_Study_1/Frequency_Domain_Analysis/Heave/DFT_Moment_Superposition_Scheme_2.png Graphic file (type bmp)
<Chap_A/Figures/Chap_5/MultiFrequency_Study_1/Frequency_Domain_Analysis/Heave/DFT_Moment_Superposition_Scheme_2.png>
File: Chap_A/Figures/Chap_5/MultiFrequency_Study_1/Frequency_Domain_Analysis/Heave/DFT_LiftForce_Superposition_Scheme_3.png Graphic file (type bmp)
<Chap_A/Figures/Chap_5/MultiFrequency_Study_1/Frequency_Domain_Analysis/Heave/DFT_LiftForce_Superposition_Scheme_3.png>
File: Chap_A/Figures/Chap_5/MultiFrequency_Study_1/Frequency_Domain_Analysis/Heave/DFT_Moment_Superposition_Scheme_3.png Graphic file (type bmp)
<Chap_A/Figures/Chap_5/MultiFrequency_Study_1/Frequency_Domain_Analysis/Heave/DFT_Moment_Superposition_Scheme_3.png>
File: Chap_A/Figures/Chap_5/MultiFrequency_Study_1/Frequency_Domain_Analysis/Heave/DFT_LiftForce_Superposition_Scheme_4.png Graphic file (type bmp)
<Chap_A/Figures/Chap_5/MultiFrequency_Study_1/Frequency_Domain_Analysis/Heave/DFT_LiftForce_Superposition_Scheme_4.png>
File: Chap_A/Figures/Chap_5/MultiFrequency_Study_1/Frequency_Domain_Analysis/Heave/DFT_Moment_Superposition_Scheme_4.png Graphic file (type bmp)
<Chap_A/Figures/Chap_5/MultiFrequency_Study_1/Frequency_Domain_Analysis/Heave/DFT_Moment_Superposition_Scheme_4.png>
File: Chap_A/Figures/Chap_5/MultiFrequency_Study_1/Frequency_Domain_Analysis/Pitch/DFT_LiftForce_Superposition_Scheme_1.png Graphic file (type bmp)
<Chap_A/Figures/Chap_5/MultiFrequency_Study_1/Frequency_Domain_Analysis/Pitch/DFT_LiftForce_Superposition_Scheme_1.png>
File: Chap_A/Figures/Chap_5/MultiFrequency_Study_1/Frequency_Domain_Analysis/Pitch/DFT_Moment_Superposition_Scheme_1.png Graphic file (type bmp)
<Chap_A/Figures/Chap_5/MultiFrequency_Study_1/Frequency_Domain_Analysis/Pitch/DFT_Moment_Superposition_Scheme_1.png>
File: Chap_A/Figures/Chap_5/MultiFrequency_Study_1/Frequency_Domain_Analysis/Pitch/DFT_LiftForce_Superposition_Scheme_2.png Graphic file (type bmp)
<Chap_A/Figures/Chap_5/MultiFrequency_Study_1/Frequency_Domain_Analysis/Pitch/DFT_LiftForce_Superposition_Scheme_2.png>
File: Chap_A/Figures/Chap_5/MultiFrequency_Study_1/Frequency_Domain_Analysis/Pitch/DFT_Moment_Superposition_Scheme_2.png Graphic file (type bmp)
<Chap_A/Figures/Chap_5/MultiFrequency_Study_1/Frequency_Domain_Analysis/Pitch/DFT_Moment_Superposition_Scheme_2.png>
File: Chap_A/Figures/Chap_5/MultiFrequency_Study_1/Frequency_Domain_Analysis/Pitch/DFT_LiftForce_Superposition_Scheme_3.png Graphic file (type bmp)
<Chap_A/Figures/Chap_5/MultiFrequency_Study_1/Frequency_Domain_Analysis/Pitch/DFT_LiftForce_Superposition_Scheme_3.png>
File: Chap_A/Figures/Chap_5/MultiFrequency_Study_1/Frequency_Domain_Analysis/Pitch/DFT_Moment_Superposition_Scheme_3.png Graphic file (type bmp)
<Chap_A/Figures/Chap_5/MultiFrequency_Study_1/Frequency_Domain_Analysis/Pitch/DFT_Moment_Superposition_Scheme_3.png>
File: Chap_A/Figures/Chap_5/MultiFrequency_Study_1/Frequency_Domain_Analysis/Pitch/DFT_LiftForce_Superposition_Scheme_4.png Graphic file (type bmp)
<Chap_A/Figures/Chap_5/MultiFrequency_Study_1/Frequency_Domain_Analysis/Pitch/DFT_LiftForce_Superposition_Scheme_4.png>
File: Chap_A/Figures/Chap_5/MultiFrequency_Study_1/Frequency_Domain_Analysis/Pitch/DFT_Moment_Superposition_Scheme_4.png Graphic file (type bmp)
<Chap_A/Figures/Chap_5/MultiFrequency_Study_1/Frequency_Domain_Analysis/Pitch/DFT_Moment_Superposition_Scheme_4.png>
 [70] [71] [72] [73] [74] [75] [76] [77

] [78]
File: Chap_A/Figures/Chap_5/MultiFrequency_Study_2/Frequency_Domain_Analysis/Heave/DFT_LiftForce_Superposition_Scheme_1.png Graphic file (type bmp)
<Chap_A/Figures/Chap_5/MultiFrequency_Study_2/Frequency_Domain_Analysis/Heave/DFT_LiftForce_Superposition_Scheme_1.png>
File: Chap_A/Figures/Chap_5/MultiFrequency_Study_2/Frequency_Domain_Analysis/Heave/DFT_Moment_Superposition_Scheme_1.png Graphic file (type bmp)
<Chap_A/Figures/Chap_5/MultiFrequency_Study_2/Frequency_Domain_Analysis/Heave/DFT_Moment_Superposition_Scheme_1.png>
File: Chap_A/Figures/Chap_5/MultiFrequency_Study_2/Frequency_Domain_Analysis/Heave/DFT_LiftForce_Superposition_Scheme_2.png Graphic file (type bmp)
<Chap_A/Figures/Chap_5/MultiFrequency_Study_2/Frequency_Domain_Analysis/Heave/DFT_LiftForce_Superposition_Scheme_2.png>
File: Chap_A/Figures/Chap_5/MultiFrequency_Study_2/Frequency_Domain_Analysis/Heave/DFT_Moment_Superposition_Scheme_2.png Graphic file (type bmp)
<Chap_A/Figures/Chap_5/MultiFrequency_Study_2/Frequency_Domain_Analysis/Heave/DFT_Moment_Superposition_Scheme_2.png>
File: Chap_A/Figures/Chap_5/MultiFrequency_Study_2/Frequency_Domain_Analysis/Heave/DFT_LiftForce_Superposition_Scheme_3.png Graphic file (type bmp)
<Chap_A/Figures/Chap_5/MultiFrequency_Study_2/Frequency_Domain_Analysis/Heave/DFT_LiftForce_Superposition_Scheme_3.png>
File: Chap_A/Figures/Chap_5/MultiFrequency_Study_2/Frequency_Domain_Analysis/Heave/DFT_Moment_Superposition_Scheme_3.png Graphic file (type bmp)
<Chap_A/Figures/Chap_5/MultiFrequency_Study_2/Frequency_Domain_Analysis/Heave/DFT_Moment_Superposition_Scheme_3.png>
File: Chap_A/Figures/Chap_5/MultiFrequency_Study_2/Frequency_Domain_Analysis/Heave/DFT_LiftForce_Superposition_Scheme_4.png Graphic file (type bmp)
<Chap_A/Figures/Chap_5/MultiFrequency_Study_2/Frequency_Domain_Analysis/Heave/DFT_LiftForce_Superposition_Scheme_4.png>
File: Chap_A/Figures/Chap_5/MultiFrequency_Study_2/Frequency_Domain_Analysis/Heave/DFT_Moment_Superposition_Scheme_4.png Graphic file (type bmp)
<Chap_A/Figures/Chap_5/MultiFrequency_Study_2/Frequency_Domain_Analysis/Heave/DFT_Moment_Superposition_Scheme_4.png>
File: Chap_A/Figures/Chap_5/MultiFrequency_Study_2/Frequency_Domain_Analysis/Pitch/DFT_LiftForce_Superposition_Scheme_1.png Graphic file (type bmp)
<Chap_A/Figures/Chap_5/MultiFrequency_Study_2/Frequency_Domain_Analysis/Pitch/DFT_LiftForce_Superposition_Scheme_1.png>
File: Chap_A/Figures/Chap_5/MultiFrequency_Study_2/Frequency_Domain_Analysis/Pitch/DFT_Moment_Superposition_Scheme_1.png Graphic file (type bmp)
<Chap_A/Figures/Chap_5/MultiFrequency_Study_2/Frequency_Domain_Analysis/Pitch/DFT_Moment_Superposition_Scheme_1.png>
File: Chap_A/Figures/Chap_5/MultiFrequency_Study_2/Frequency_Domain_Analysis/Pitch/DFT_LiftForce_Superposition_Scheme_2.png Graphic file (type bmp)
<Chap_A/Figures/Chap_5/MultiFrequency_Study_2/Frequency_Domain_Analysis/Pitch/DFT_LiftForce_Superposition_Scheme_2.png>
File: Chap_A/Figures/Chap_5/MultiFrequency_Study_2/Frequency_Domain_Analysis/Pitch/DFT_Moment_Superposition_Scheme_2.png Graphic file (type bmp)
<Chap_A/Figures/Chap_5/MultiFrequency_Study_2/Frequency_Domain_Analysis/Pitch/DFT_Moment_Superposition_Scheme_2.png>
File: Chap_A/Figures/Chap_5/MultiFrequency_Study_2/Frequency_Domain_Analysis/Pitch/DFT_LiftForce_Superposition_Scheme_3.png Graphic file (type bmp)
<Chap_A/Figures/Chap_5/MultiFrequency_Study_2/Frequency_Domain_Analysis/Pitch/DFT_LiftForce_Superposition_Scheme_3.png>
File: Chap_A/Figures/Chap_5/MultiFrequency_Study_2/Frequency_Domain_Analysis/Pitch/DFT_Moment_Superposition_Scheme_3.png Graphic file (type bmp)
<Chap_A/Figures/Chap_5/MultiFrequency_Study_2/Frequency_Domain_Analysis/Pitch/DFT_Moment_Superposition_Scheme_3.png>
File: Chap_A/Figures/Chap_5/MultiFrequency_Study_2/Frequency_Domain_Analysis/Pitch/DFT_LiftForce_Superposition_Scheme_4.png Graphic file (type bmp)
<Chap_A/Figures/Chap_5/MultiFrequency_Study_2/Frequency_Domain_Analysis/Pitch/DFT_LiftForce_Superposition_Scheme_4.png>
File: Chap_A/Figures/Chap_5/MultiFrequency_Study_2/Frequency_Domain_Analysis/Pitch/DFT_Moment_Superposition_Scheme_4.png Graphic file (type bmp)
<Chap_A/Figures/Chap_5/MultiFrequency_Study_2/Frequency_Domain_Analysis/Pitch/DFT_Moment_Superposition_Scheme_4.png>
) [79] [80] [81] (main.lof [82

]
Overfull \hbox (2.08699pt too wide) in paragraph at lines 35--35
 [][] [][]\TU/TimesNewRoman(0)/m/n/10.95 Normalized aerodynamic force/moment and relative phase error versus amplitude scheme 
 []


Overfull \hbox (16.73688pt too wide) in paragraph at lines 49--49
 [][] [][]\TU/TimesNewRoman(0)/m/n/10.95 Normalised aerodynamic moment magnitudes and phase errors across superposition schemes 
 []

[83])
\tf@lof=\write6
\openout6 = `main.lof'.

 [84] (main.lot)
\tf@lot=\write7
\openout7 = `main.lot'.

 [85

] (main.bbl
Underfull \hbox (badness 10000) in paragraph at lines 70--78
[] [] [][][][][][][][] [] [][][][][][][] [] [][][] [] [][][][] [] [][][][][][][][] [] [][][][] [] [][] [] [] [] [][][][][][][][][][] [] [][][][] [] [][][] [] [][][][] []
 []

[86

]
Underfull \hbox (badness 10000) in paragraph at lines 143--149
[] [] [][][] [] [][][][][][][][][][][][] [] [][][] [] [][][][][][][][] [] [][][][][][][][][][] [] [][][][][][] [] [][][][][][][][][][] [] [][][][] [] [][][] [] [][][]$[]\TU/TimesNewRoman(0)/m/n/10.95 ,
 []


Underfull \hbox (badness 10000) in paragraph at lines 184--192
[]\TU/TimesNewRoman(0)/m/n/10.95 Lin Huang and Haili Liao.  NONLINEAR AERODYNAMIC FORCES ON THE
 []


Underfull \hbox (badness 5832) in paragraph at lines 184--192
\TU/TimesNewRoman(0)/m/n/10.95 FLAT PLATE IN LARGE AMPLITUDE OSCILLATION.  05(04):1350039.  URL:
 []


Underfull \hbox (badness 10000) in paragraph at lines 184--192
[]$[][][][][] [] [] [] [][][] [] [][][][][][][][][][][][][][][] [] [][][] [] [][][] [] [][][] [] [][] [] [][][][] [] [][][][][][][][][][][][][][][][][]$[]\TU/TimesNewRoman(0)/m/n/10.95 ,
 []

[87] [88]
Underfull \hbox (badness 3209) in paragraph at lines 330--337
\TU/TimesNewRoman(0)/m/it/10.95 nal of Structural Engineering\TU/TimesNewRoman(0)/m/n/10.95 , 123(2):232–236, February 1997.  []$[][][] [] [][] [] [][][][] [] [][][][][] []
 []

) (Declaration/Declaration.tex [89]) [90

] (main.aux)
 ***********
LaTeX2e <2023-11-01> patch level 1
L3 programming layer <2024-01-04>
 ***********


LaTeX Warning: There were undefined references.


LaTeX Warning: There were multiply-defined labels.

Package rerunfilecheck Info: File `main.out' has not changed.
(rerunfilecheck)             Checksum: 5CE80FC783F5BCA3E8B252EE3F5F22C7;13117.
 ) 
Here is how much of TeX's memory you used:
 28699 strings out of 411570
 704909 string characters out of 5806423
 1947191 words of memory out of 5000000
 50029 multiletter control sequences out of 15000+600000
 565072 words of font info for 100 fonts, out of 8000000 for 9000
 14 hyphenation exceptions out of 8191
 84i,23n,104p,586b,889s stack positions out of 10000i,1000n,20000p,200000b,200000s

Output written on main.xdv (96 pages, 1804180 bytes).
