This is pdfTeX, Version 3.141592653-2.6-1.40.25 (MiKTeX 24.1) (preloaded format=pdflatex 2026.2.11)  17 MAR 2026 14:34
entering extended mode
 restricted \write18 enabled.
 file:line:error style messages enabled.
 %&-line parsing enabled.
**"d:/1.TUM courses/Masters Thesis/Report_Latex/Delete/Chapt_4.tex"
(d:/1.TUM courses/Masters Thesis/Report_Latex/Delete/Chapt_4.tex
LaTeX2e <2023-11-01> patch level 1
L3 programming layer <2024-01-04>
(C:\Users\aakas\AppData\Local\Programs\MiKTeX\tex/latex/base\report.cls
Document Class: report 2023/05/17 v1.4n Standard LaTeX document class
(C:\Users\aakas\AppData\Local\Programs\MiKTeX\tex/latex/base\size12.clo
File: size12.clo 2023/05/17 v1.4n Standard LaTeX file (size option)
)
\c@part=\count187
\c@chapter=\count188
\c@section=\count189
\c@subsection=\count190
\c@subsubsection=\count191
\c@paragraph=\count192
\c@subparagraph=\count193
\c@figure=\count194
\c@table=\count195
\abovecaptionskip=\skip48
\belowcaptionskip=\skip49
\bibindent=\dimen140
) (C:\Users\aakas\AppData\Local\Programs\MiKTeX\tex/latex/amsmath\amsmath.sty
Package: amsmath 2023/05/13 v2.17o AMS math features
\@mathmargin=\skip50

For additional information on amsmath, use the `?' option.
(C:\Users\aakas\AppData\Local\Programs\MiKTeX\tex/latex/amsmath\amstext.sty
Package: amstext 2021/08/26 v2.01 AMS text
 (C:\Users\aakas\AppData\Local\Programs\MiKTeX\tex/latex/amsmath\amsgen.sty
File: amsgen.sty 1999/11/30 v2.0 generic functions
\@emptytoks=\toks17
\ex@=\dimen141
)) (C:\Users\aakas\AppData\Local\Programs\MiKTeX\tex/latex/amsmath\amsbsy.sty
Package: amsbsy 1999/11/29 v1.2d Bold Symbols
\pmbraise@=\dimen142
) (C:\Users\aakas\AppData\Local\Programs\MiKTeX\tex/latex/amsmath\amsopn.sty
Package: amsopn 2022/04/08 v2.04 operator names
)
\inf@bad=\count196
LaTeX Info: Redefining \frac on input line 234.
\uproot@=\count197
\leftroot@=\count198
LaTeX Info: Redefining \overline on input line 399.
LaTeX Info: Redefining \colon on input line 410.
\classnum@=\count199
\DOTSCASE@=\count266
LaTeX Info: Redefining \ldots on input line 496.
LaTeX Info: Redefining \dots on input line 499.
LaTeX Info: Redefining \cdots on input line 620.
\Mathstrutbox@=\box51
\strutbox@=\box52
LaTeX Info: Redefining \big on input line 722.
LaTeX Info: Redefining \Big on input line 723.
LaTeX Info: Redefining \bigg on input line 724.
LaTeX Info: Redefining \Bigg on input line 725.
\big@size=\dimen143
LaTeX Font Info:    Redeclaring font encoding OML on input line 743.
LaTeX Font Info:    Redeclaring font encoding OMS on input line 744.
\macc@depth=\count267
LaTeX Info: Redefining \bmod on input line 905.
LaTeX Info: Redefining \pmod on input line 910.
LaTeX Info: Redefining \smash on input line 940.
LaTeX Info: Redefining \relbar on input line 970.
LaTeX Info: Redefining \Relbar on input line 971.
\c@MaxMatrixCols=\count268
\dotsspace@=\muskip16
\c@parentequation=\count269
\dspbrk@lvl=\count270
\tag@help=\toks18
\row@=\count271
\column@=\count272
\maxfields@=\count273
\andhelp@=\toks19
\eqnshift@=\dimen144
\alignsep@=\dimen145
\tagshift@=\dimen146
\tagwidth@=\dimen147
\totwidth@=\dimen148
\lineht@=\dimen149
\@envbody=\toks20
\multlinegap=\skip51
\multlinetaggap=\skip52
\mathdisplay@stack=\toks21
LaTeX Info: Redefining \[ on input line 2953.
LaTeX Info: Redefining \] on input line 2954.
) (C:\Users\aakas\AppData\Local\Programs\MiKTeX\tex/latex/amsfonts\amssymb.sty
Package: amssymb 2013/01/14 v3.01 AMS font symbols
 (C:\Users\aakas\AppData\Local\Programs\MiKTeX\tex/latex/amsfonts\amsfonts.sty
Package: amsfonts 2013/01/14 v3.01 Basic AMSFonts support
\symAMSa=\mathgroup4
\symAMSb=\mathgroup5
LaTeX Font Info:    Redeclaring math symbol \hbar on input line 98.
LaTeX Font Info:    Overwriting math alphabet `\mathfrak' in version `bold'
(Font)                  U/euf/m/n --> U/euf/b/n on input line 106.
)) (C:\Users\aakas\AppData\Local\Programs\MiKTeX\tex/latex/geometry\geometry.sty
Package: geometry 2020/01/02 v5.9 Page Geometry
 (C:\Users\aakas\AppData\Local\Programs\MiKTeX\tex/latex/graphics\keyval.sty
Package: keyval 2022/05/29 v1.15 key=value parser (DPC)
\KV@toks@=\toks22
) (C:\Users\aakas\AppData\Local\Programs\MiKTeX\tex/generic/iftex\ifvtex.sty
Package: ifvtex 2019/10/25 v1.7 ifvtex legacy package. Use iftex instead.
 (C:\Users\aakas\AppData\Local\Programs\MiKTeX\tex/generic/iftex\iftex.sty
Package: iftex 2022/02/03 v1.0f TeX engine tests
))
\Gm@cnth=\count274
\Gm@cntv=\count275
\c@Gm@tempcnt=\count276
\Gm@bindingoffset=\dimen150
\Gm@wd@mp=\dimen151
\Gm@odd@mp=\dimen152
\Gm@even@mp=\dimen153
\Gm@layoutwidth=\dimen154
\Gm@layoutheight=\dimen155
\Gm@layouthoffset=\dimen156
\Gm@layoutvoffset=\dimen157
\Gm@dimlist=\toks23
 (C:\Users\aakas\AppData\Local\Programs\MiKTeX\tex/latex/geometry\geometry.cfg)) (C:\Users\aakas\AppData\Local\Programs\MiKTeX\tex/latex/hyperref\hyperref.sty
Package: hyperref 2023-11-26 v7.01g Hypertext links for LaTeX
 (C:\Users\aakas\AppData\Local\Programs\MiKTeX\tex/generic/infwarerr\infwarerr.sty
Package: infwarerr 2019/12/03 v1.5 Providing info/warning/error messages (HO)
) (C:\Users\aakas\AppData\Local\Programs\MiKTeX\tex/latex/kvsetkeys\kvsetkeys.sty
Package: kvsetkeys 2022-10-05 v1.19 Key value parser (HO)
) (C:\Users\aakas\AppData\Local\Programs\MiKTeX\tex/generic/kvdefinekeys\kvdefinekeys.sty
Package: kvdefinekeys 2019-12-19 v1.6 Define keys (HO)
) (C:\Users\aakas\AppData\Local\Programs\MiKTeX\tex/generic/pdfescape\pdfescape.sty
Package: pdfescape 2019/12/09 v1.15 Implements pdfTeX's escape features (HO)
 (C:\Users\aakas\AppData\Local\Programs\MiKTeX\tex/generic/ltxcmds\ltxcmds.sty
Package: ltxcmds 2023-12-04 v1.26 LaTeX kernel commands for general use (HO)
) (C:\Users\aakas\AppData\Local\Programs\MiKTeX\tex/generic/pdftexcmds\pdftexcmds.sty
Package: pdftexcmds 2020-06-27 v0.33 Utility functions of pdfTeX for LuaTeX (HO)
Package pdftexcmds Info: \pdf@primitive is available.
Package pdftexcmds Info: \pdf@ifprimitive is available.
Package pdftexcmds Info: \pdfdraftmode found.
)) (C:\Users\aakas\AppData\Local\Programs\MiKTeX\tex/latex/hycolor\hycolor.sty
Package: hycolor 2020-01-27 v1.10 Color options for hyperref/bookmark (HO)
) (C:\Users\aakas\AppData\Local\Programs\MiKTeX\tex/latex/letltxmacro\letltxmacro.sty
Package: letltxmacro 2019/12/03 v1.6 Let assignment for LaTeX macros (HO)
) (C:\Users\aakas\AppData\Local\Programs\MiKTeX\tex/latex/auxhook\auxhook.sty
Package: auxhook 2019-12-17 v1.6 Hooks for auxiliary files (HO)
) (C:\Users\aakas\AppData\Local\Programs\MiKTeX\tex/latex/hyperref\nameref.sty
Package: nameref 2023-11-26 v2.56 Cross-referencing by name of section
 (C:\Users\aakas\AppData\Local\Programs\MiKTeX\tex/latex/refcount\refcount.sty
Package: refcount 2019/12/15 v3.6 Data extraction from label references (HO)
) (C:\Users\aakas\AppData\Local\Programs\MiKTeX\tex/generic/gettitlestring\gettitlestring.sty
Package: gettitlestring 2019/12/15 v1.6 Cleanup title references (HO)
 (C:\Users\aakas\AppData\Local\Programs\MiKTeX\tex/latex/kvoptions\kvoptions.sty
Package: kvoptions 2022-06-15 v3.15 Key value format for package options (HO)
))
\c@section@level=\count277
) (C:\Users\aakas\AppData\Local\Programs\MiKTeX\tex/latex/etoolbox\etoolbox.sty
Package: etoolbox 2020/10/05 v2.5k e-TeX tools for LaTeX (JAW)
\etb@tempcnta=\count278
)
\@linkdim=\dimen158
\Hy@linkcounter=\count279
\Hy@pagecounter=\count280
 (C:\Users\aakas\AppData\Local\Programs\MiKTeX\tex/latex/hyperref\pd1enc.def
File: pd1enc.def 2023-11-26 v7.01g Hyperref: PDFDocEncoding definition (HO)
Now handling font encoding PD1 ...
... no UTF-8 mapping file for font encoding PD1
) (C:\Users\aakas\AppData\Local\Programs\MiKTeX\tex/generic/intcalc\intcalc.sty
Package: intcalc 2019/12/15 v1.3 Expandable calculations with integers (HO)
)
\Hy@SavedSpaceFactor=\count281
 (C:\Users\aakas\AppData\Local\Programs\MiKTeX\tex/latex/hyperref\puenc.def
File: puenc.def 2023-11-26 v7.01g Hyperref: PDF Unicode definition (HO)
Now handling font encoding PU ...
... no UTF-8 mapping file for font encoding PU
)
Package hyperref Info: Hyper figures OFF on input line 4181.
Package hyperref Info: Link nesting OFF on input line 4186.
Package hyperref Info: Hyper index ON on input line 4189.
Package hyperref Info: Plain pages OFF on input line 4196.
Package hyperref Info: Backreferencing OFF on input line 4201.
Package hyperref Info: Implicit mode ON; LaTeX internals redefined.
Package hyperref Info: Bookmarks ON on input line 4448.
\c@Hy@tempcnt=\count282
 (C:\Users\aakas\AppData\Local\Programs\MiKTeX\tex/latex/url\url.sty
\Urlmuskip=\muskip17
Package: url 2013/09/16  ver 3.4  Verb mode for urls, etc.
)
LaTeX Info: Redefining \url on input line 4786.
\XeTeXLinkMargin=\dimen159
 (C:\Users\aakas\AppData\Local\Programs\MiKTeX\tex/generic/bitset\bitset.sty
Package: bitset 2019/12/09 v1.3 Handle bit-vector datatype (HO)
 (C:\Users\aakas\AppData\Local\Programs\MiKTeX\tex/generic/bigintcalc\bigintcalc.sty
Package: bigintcalc 2019/12/15 v1.5 Expandable calculations on big integers (HO)
))
\Fld@menulength=\count283
\Field@Width=\dimen160
\Fld@charsize=\dimen161
Package hyperref Info: Hyper figures OFF on input line 6065.
Package hyperref Info: Link nesting OFF on input line 6070.
Package hyperref Info: Hyper index ON on input line 6073.
Package hyperref Info: backreferencing OFF on input line 6080.
Package hyperref Info: Link coloring OFF on input line 6085.
Package hyperref Info: Link coloring with OCG OFF on input line 6090.
Package hyperref Info: PDF/A mode OFF on input line 6095.
 (C:\Users\aakas\AppData\Local\Programs\MiKTeX\tex/latex/base\atbegshi-ltx.sty
Package: atbegshi-ltx 2021/01/10 v1.0c Emulation of the original atbegshi
package with kernel methods
)
\Hy@abspage=\count284
\c@Item=\count285
\c@Hfootnote=\count286
)
Package hyperref Info: Driver (autodetected): hpdftex.
 (C:\Users\aakas\AppData\Local\Programs\MiKTeX\tex/latex/hyperref\hpdftex.def
File: hpdftex.def 2023-11-26 v7.01g Hyperref driver for pdfTeX
 (C:\Users\aakas\AppData\Local\Programs\MiKTeX\tex/latex/base\atveryend-ltx.sty
Package: atveryend-ltx 2020/08/19 v1.0a Emulation of the original atveryend package
with kernel methods
)
\Fld@listcount=\count287
\c@bookmark@seq@number=\count288
 (C:\Users\aakas\AppData\Local\Programs\MiKTeX\tex/latex/rerunfilecheck\rerunfilecheck.sty
Package: rerunfilecheck 2025-06-21 v1.11 Rerun checks for auxiliary files (HO)
 (C:\Users\aakas\AppData\Local\Programs\MiKTeX\tex/generic/uniquecounter\uniquecounter.sty
Package: uniquecounter 2019/12/15 v1.4 Provide unlimited unique counter (HO)
)
Package uniquecounter Info: New unique counter `rerunfilecheck' on input line 284.
)
\Hy@SectionHShift=\skip53
) (C:\Users\aakas\AppData\Local\Programs\MiKTeX\tex/latex/graphics\graphicx.sty
Package: graphicx 2021/09/16 v1.2d Enhanced LaTeX Graphics (DPC,SPQR)
 (C:\Users\aakas\AppData\Local\Programs\MiKTeX\tex/latex/graphics\graphics.sty
Package: graphics 2022/03/10 v1.4e Standard LaTeX Graphics (DPC,SPQR)
 (C:\Users\aakas\AppData\Local\Programs\MiKTeX\tex/latex/graphics\trig.sty
Package: trig 2021/08/11 v1.11 sin cos tan (DPC)
) (C:\Users\aakas\AppData\Local\Programs\MiKTeX\tex/latex/graphics-cfg\graphics.cfg
File: graphics.cfg 2016/06/04 v1.11 sample graphics configuration
)
Package graphics Info: Driver file: pdftex.def on input line 107.
 (C:\Users\aakas\AppData\Local\Programs\MiKTeX\tex/latex/graphics-def\pdftex.def
File: pdftex.def 2022/09/22 v1.2b Graphics/color driver for pdftex
))
\Gin@req@height=\dimen162
\Gin@req@width=\dimen163
) (C:\Users\aakas\AppData\Local\Programs\MiKTeX\tex/latex/caption\subcaption.sty
Package: subcaption 2023/07/28 v1.6b Sub-captions (AR)
 (C:\Users\aakas\AppData\Local\Programs\MiKTeX\tex/latex/caption\caption.sty
Package: caption 2023/08/05 v3.6o Customizing captions (AR)
 (C:\Users\aakas\AppData\Local\Programs\MiKTeX\tex/latex/caption\caption3.sty
Package: caption3 2023/07/31 v2.4d caption3 kernel (AR)
\caption@tempdima=\dimen164
\captionmargin=\dimen165
\caption@leftmargin=\dimen166
\caption@rightmargin=\dimen167
\caption@width=\dimen168
\caption@indent=\dimen169
\caption@parindent=\dimen170
\caption@hangindent=\dimen171
Package caption Info: Standard document class detected.
)
\c@caption@flags=\count289
\c@continuedfloat=\count290
Package caption Info: hyperref package is loaded.
)
Package caption Info: New subtype `subfigure' on input line 238.
\c@subfigure=\count291
Package caption Info: New subtype `subtable' on input line 238.
\c@subtable=\count292
) (C:\Users\aakas\AppData\Local\Programs\MiKTeX\tex/latex/float\float.sty
Package: float 2001/11/08 v1.3d Float enhancements (AL)
\c@float@type=\count293
\float@exts=\toks24
\float@box=\box53
\@float@everytoks=\toks25
\@floatcapt=\box54
) (C:\Users\aakas\AppData\Local\Programs\MiKTeX\tex/latex/tools\array.sty
Package: array 2023/10/16 v2.5g Tabular extension package (FMi)
\col@sep=\dimen172
\ar@mcellbox=\box55
\extrarowheight=\dimen173
\NC@list=\toks26
\extratabsurround=\skip54
\backup@length=\skip55
\ar@cellbox=\box56
) (C:\Users\aakas\AppData\Local\Programs\MiKTeX\tex/latex/booktabs\booktabs.sty
Package: booktabs 2020/01/12 v1.61803398 Publication quality tables
\heavyrulewidth=\dimen174
\lightrulewidth=\dimen175
\cmidrulewidth=\dimen176
\belowrulesep=\dimen177
\belowbottomsep=\dimen178
\aboverulesep=\dimen179
\abovetopsep=\dimen180
\cmidrulesep=\dimen181
\cmidrulekern=\dimen182
\defaultaddspace=\dimen183
\@cmidla=\count294
\@cmidlb=\count295
\@aboverulesep=\dimen184
\@belowrulesep=\dimen185
\@thisruleclass=\count296
\@lastruleclass=\count297
\@thisrulewidth=\dimen186
) (C:\Users\aakas\AppData\Local\Programs\MiKTeX\tex/latex/l3backend\l3backend-pdftex.def
File: l3backend-pdftex.def 2024-01-04 L3 backend support: PDF output (pdfTeX)
\l__color_backend_stack_int=\count298
\l__pdf_internal_box=\box57
)
No file Chapt_4.aux.
\openout1 = `Chapt_4.aux'.

LaTeX Font Info:    Checking defaults for OML/cmm/m/it on input line 19.
LaTeX Font Info:    ... okay on input line 19.
LaTeX Font Info:    Checking defaults for OMS/cmsy/m/n on input line 19.
LaTeX Font Info:    ... okay on input line 19.
LaTeX Font Info:    Checking defaults for OT1/cmr/m/n on input line 19.
LaTeX Font Info:    ... okay on input line 19.
LaTeX Font Info:    Checking defaults for T1/cmr/m/n on input line 19.
LaTeX Font Info:    ... okay on input line 19.
LaTeX Font Info:    Checking defaults for TS1/cmr/m/n on input line 19.
LaTeX Font Info:    ... okay on input line 19.
LaTeX Font Info:    Checking defaults for OMX/cmex/m/n on input line 19.
LaTeX Font Info:    ... okay on input line 19.
LaTeX Font Info:    Checking defaults for U/cmr/m/n on input line 19.
LaTeX Font Info:    ... okay on input line 19.
LaTeX Font Info:    Checking defaults for PD1/pdf/m/n on input line 19.
LaTeX Font Info:    ... okay on input line 19.
LaTeX Font Info:    Checking defaults for PU/pdf/m/n on input line 19.
LaTeX Font Info:    ... okay on input line 19.
*geometry* driver: auto-detecting
*geometry* detected driver: pdftex
*geometry* verbose mode - [ preamble ] result:
* driver: pdftex
* paper: a4paper
* layout: <same size as paper>
* layoutoffset:(h,v)=(0.0pt,0.0pt)
* modes: 
* h-part:(L,W,R)=(72.26999pt, 452.9679pt, 72.26999pt)
* v-part:(T,H,B)=(72.26999pt, 700.50687pt, 72.26999pt)
* \paperwidth=597.50787pt
* \paperheight=845.04684pt
* \textwidth=452.9679pt
* \textheight=700.50687pt
* \oddsidemargin=0.0pt
* \evensidemargin=0.0pt
* \topmargin=-37.0pt
* \headheight=12.0pt
* \headsep=25.0pt
* \topskip=12.0pt
* \footskip=30.0pt
* \marginparwidth=35.0pt
* \marginparsep=10.0pt
* \columnsep=10.0pt
* \skip\footins=10.8pt plus 4.0pt minus 2.0pt
* \hoffset=0.0pt
* \voffset=0.0pt
* \mag=1000
* \@twocolumnfalse
* \@twosidefalse
* \@mparswitchfalse
* \@reversemarginfalse
* (1in=72.27pt=25.4mm, 1cm=28.453pt)

Package hyperref Info: Link coloring OFF on input line 19.
\@outlinefile=\write3
\openout3 = `Chapt_4.out'.

(C:\Users\aakas\AppData\Local\Programs\MiKTeX\tex/context/base/mkii\supp-pdf.mkii
[Loading MPS to PDF converter (version 2006.09.02).]
\scratchcounter=\count299
\scratchdimen=\dimen187
\scratchbox=\box58
\nofMPsegments=\count300
\nofMParguments=\count301
\everyMPshowfont=\toks27
\MPscratchCnt=\count302
\MPscratchDim=\dimen188
\MPnumerator=\count303
\makeMPintoPDFobject=\count304
\everyMPtoPDFconversion=\toks28
) (C:\Users\aakas\AppData\Local\Programs\MiKTeX\tex/latex/epstopdf-pkg\epstopdf-base.sty
Package: epstopdf-base 2020-01-24 v2.11 Base part for package epstopdf
Package epstopdf-base Info: Redefining graphics rule for `.eps' on input line 485.
 (C:\Users\aakas\AppData\Local\Programs\MiKTeX\tex/latex/00miktex\epstopdf-sys.cfg
File: epstopdf-sys.cfg 2021/03/18 v2.0 Configuration of epstopdf for MiKTeX
))
Package caption Info: Begin \AtBeginDocument code.
Package caption Info: float package is loaded.
Package caption Info: End \AtBeginDocument code.

Underfull \hbox (badness 10000) in paragraph at lines 23--25

 []


Underfull \hbox (badness 10000) in paragraph at lines 34--42

 []


Underfull \hbox (badness 10000) in paragraph at lines 43--48

 []

LaTeX Font Info:    Trying to load font information for U+msa on input line 56.
(C:\Users\aakas\AppData\Local\Programs\MiKTeX\tex/latex/amsfonts\umsa.fd
File: umsa.fd 2013/01/14 v3.01 AMS symbols A
)
LaTeX Font Info:    Trying to load font information for U+msb on input line 56.
 (C:\Users\aakas\AppData\Local\Programs\MiKTeX\tex/latex/amsfonts\umsb.fd
File: umsb.fd 2013/01/14 v3.01 AMS symbols B
)

LaTeX Warning: Reference `tab:nonlinear_amplitude' on page 1 undefined on input line 59.


Underfull \hbox (badness 10000) in paragraph at lines 55--60

 []

[1


{C:/Users/aakas/AppData/Local/MiKTeX/fonts/map/pdftex/pdftex.map}]

LaTeX Warning: Reference `tab:Reduced velocities' on page 2 undefined on input line 61.


Underfull \hbox (badness 10000) in paragraph at lines 61--64

 []


Overfull \hbox (7.5204pt too wide) in paragraph at lines 94--100
 [][] 
 []


LaTeX Warning: Reference `fig:Combined_Flutter_Derivatives' on page 2 undefined on input line 116.


LaTeX Warning: Reference `fig:Combined_Flutter_Derivatives' on page 2 undefined on input line 122.

[2]

LaTeX Warning: File `Figures/Combined_Flutter_Derivative.png' not found on input line 127.


d:/1.TUM courses/Masters Thesis/Report_Latex/Delete/Chapt_4.tex:127: Package pdftex.def Error: File `Figures/Combined_Flutter_Derivative.png' not found: using draft setting.

See the pdftex.def package documentation for explanation.
Type  H <return>  for immediate help.
 ...                                              
                                                  
l.127 ...{Figures/Combined_Flutter_Derivative.png}
                                                  
Try typing  <return>  to proceed.
If that doesn't work, type  X <return>  to quit.

[3]

LaTeX Warning: Reference `fig:Frequency_Domain_Analysis_Heave' on page 4 undefined on input line 141.


LaTeX Warning: Reference `fig:Frequency_Domain_Analysis_Pitch' on page 4 undefined on input line 144.


Underfull \hbox (badness 10000) in paragraph at lines 144--147

 []


LaTeX Warning: Reference `fig:Combined_Flutter_Derivatives' on page 4 undefined on input line 148.


LaTeX Warning: Reference `fig:Frequency_Domain_Analysis_Pitch' on page 4 undefined on input line 148.


LaTeX Warning: File `Figures/Frequency_Domain_Analysis/Heave/DFT_LiftForce_Amplitude_Case_0.png' not found on input line 157.


d:/1.TUM courses/Masters Thesis/Report_Latex/Delete/Chapt_4.tex:157: Package pdftex.def Error: File `Figures/Frequency_Domain_Analysis/Heave/DFT_LiftForce_Amplitude_Case_0.png' not found: using draft setting.

See the pdftex.def package documentation for explanation.
Type  H <return>  for immediate help.
 ...                                              
                                                  
l.157 ...Heave/DFT_LiftForce_Amplitude_Case_0.png}
                                                  
Try typing  <return>  to proceed.
If that doesn't work, type  X <return>  to quit.


LaTeX Warning: File `Figures/Frequency_Domain_Analysis/Heave/DFT_Moment_Amplitude_Case_0.png' not found on input line 164.


d:/1.TUM courses/Masters Thesis/Report_Latex/Delete/Chapt_4.tex:164: Package pdftex.def Error: File `Figures/Frequency_Domain_Analysis/Heave/DFT_Moment_Amplitude_Case_0.png' not found: using draft setting.

See the pdftex.def package documentation for explanation.
Type  H <return>  for immediate help.
 ...                                              
                                                  
l.164 ...is/Heave/DFT_Moment_Amplitude_Case_0.png}
                                                  
Try typing  <return>  to proceed.
If that doesn't work, type  X <return>  to quit.


LaTeX Warning: File `Figures/Frequency_Domain_Analysis/Heave/DFT_LiftForce_Amplitude_Case_1.png' not found on input line 171.


d:/1.TUM courses/Masters Thesis/Report_Latex/Delete/Chapt_4.tex:171: Package pdftex.def Error: File `Figures/Frequency_Domain_Analysis/Heave/DFT_LiftForce_Amplitude_Case_1.png' not found: using draft setting.

See the pdftex.def package documentation for explanation.
Type  H <return>  for immediate help.
 ...                                              
                                                  
l.171 ...Heave/DFT_LiftForce_Amplitude_Case_1.png}
                                                  
Try typing  <return>  to proceed.
If that doesn't work, type  X <return>  to quit.


LaTeX Warning: File `Figures/Frequency_Domain_Analysis/Heave/DFT_Moment_Amplitude_Case_1.png' not found on input line 178.


d:/1.TUM courses/Masters Thesis/Report_Latex/Delete/Chapt_4.tex:178: Package pdftex.def Error: File `Figures/Frequency_Domain_Analysis/Heave/DFT_Moment_Amplitude_Case_1.png' not found: using draft setting.

See the pdftex.def package documentation for explanation.
Type  H <return>  for immediate help.
 ...                                              
                                                  
l.178 ...is/Heave/DFT_Moment_Amplitude_Case_1.png}
                                                  
Try typing  <return>  to proceed.
If that doesn't work, type  X <return>  to quit.


LaTeX Warning: File `Figures/Frequency_Domain_Analysis/Heave/DFT_LiftForce_Amplitude_Case_2.png' not found on input line 185.


d:/1.TUM courses/Masters Thesis/Report_Latex/Delete/Chapt_4.tex:185: Package pdftex.def Error: File `Figures/Frequency_Domain_Analysis/Heave/DFT_LiftForce_Amplitude_Case_2.png' not found: using draft setting.

See the pdftex.def package documentation for explanation.
Type  H <return>  for immediate help.
 ...                                              
                                                  
l.185 ...Heave/DFT_LiftForce_Amplitude_Case_2.png}
                                                  
Try typing  <return>  to proceed.
If that doesn't work, type  X <return>  to quit.


LaTeX Warning: File `Figures/Frequency_Domain_Analysis/Heave/DFT_Moment_Amplitude_Case_2.png' not found on input line 192.


d:/1.TUM courses/Masters Thesis/Report_Latex/Delete/Chapt_4.tex:192: Package pdftex.def Error: File `Figures/Frequency_Domain_Analysis/Heave/DFT_Moment_Amplitude_Case_2.png' not found: using draft setting.

See the pdftex.def package documentation for explanation.
Type  H <return>  for immediate help.
 ...                                              
                                                  
l.192 ...is/Heave/DFT_Moment_Amplitude_Case_2.png}
                                                  
Try typing  <return>  to proceed.
If that doesn't work, type  X <return>  to quit.


LaTeX Warning: File `Figures/Frequency_Domain_Analysis/Heave/DFT_LiftForce_Amplitude_Case_3.png' not found on input line 199.


d:/1.TUM courses/Masters Thesis/Report_Latex/Delete/Chapt_4.tex:199: Package pdftex.def Error: File `Figures/Frequency_Domain_Analysis/Heave/DFT_LiftForce_Amplitude_Case_3.png' not found: using draft setting.

See the pdftex.def package documentation for explanation.
Type  H <return>  for immediate help.
 ...                                              
                                                  
l.199 ...Heave/DFT_LiftForce_Amplitude_Case_3.png}
                                                  
Try typing  <return>  to proceed.
If that doesn't work, type  X <return>  to quit.


LaTeX Warning: File `Figures/Frequency_Domain_Analysis/Heave/DFT_Moment_Amplitude_Case_3.png' not found on input line 206.


d:/1.TUM courses/Masters Thesis/Report_Latex/Delete/Chapt_4.tex:206: Package pdftex.def Error: File `Figures/Frequency_Domain_Analysis/Heave/DFT_Moment_Amplitude_Case_3.png' not found: using draft setting.

See the pdftex.def package documentation for explanation.
Type  H <return>  for immediate help.
 ...                                              
                                                  
l.206 ...is/Heave/DFT_Moment_Amplitude_Case_3.png}
                                                  
Try typing  <return>  to proceed.
If that doesn't work, type  X <return>  to quit.


LaTeX Warning: File `Figures/Frequency_Domain_Analysis/Heave/DFT_LiftForce_Amplitude_Case_4.png' not found on input line 213.


d:/1.TUM courses/Masters Thesis/Report_Latex/Delete/Chapt_4.tex:213: Package pdftex.def Error: File `Figures/Frequency_Domain_Analysis/Heave/DFT_LiftForce_Amplitude_Case_4.png' not found: using draft setting.

See the pdftex.def package documentation for explanation.
Type  H <return>  for immediate help.
 ...                                              
                                                  
l.213 ...Heave/DFT_LiftForce_Amplitude_Case_4.png}
                                                  
Try typing  <return>  to proceed.
If that doesn't work, type  X <return>  to quit.


LaTeX Warning: File `Figures/Frequency_Domain_Analysis/Heave/DFT_Moment_Amplitude_Case_4.png' not found on input line 220.


d:/1.TUM courses/Masters Thesis/Report_Latex/Delete/Chapt_4.tex:220: Package pdftex.def Error: File `Figures/Frequency_Domain_Analysis/Heave/DFT_Moment_Amplitude_Case_4.png' not found: using draft setting.

See the pdftex.def package documentation for explanation.
Type  H <return>  for immediate help.
 ...                                              
                                                  
l.220 ...is/Heave/DFT_Moment_Amplitude_Case_4.png}
                                                  
Try typing  <return>  to proceed.
If that doesn't work, type  X <return>  to quit.


LaTeX Warning: File `Figures/Frequency_Domain_Analysis/Heave/DFT_LiftForce_Amplitude_Case_5.png' not found on input line 227.


d:/1.TUM courses/Masters Thesis/Report_Latex/Delete/Chapt_4.tex:227: Package pdftex.def Error: File `Figures/Frequency_Domain_Analysis/Heave/DFT_LiftForce_Amplitude_Case_5.png' not found: using draft setting.

See the pdftex.def package documentation for explanation.
Type  H <return>  for immediate help.
 ...                                              
                                                  
l.227 ...Heave/DFT_LiftForce_Amplitude_Case_5.png}
                                                  
Try typing  <return>  to proceed.
If that doesn't work, type  X <return>  to quit.


LaTeX Warning: File `Figures/Frequency_Domain_Analysis/Heave/DFT_Moment_Amplitude_Case_5.png' not found on input line 234.


d:/1.TUM courses/Masters Thesis/Report_Latex/Delete/Chapt_4.tex:234: Package pdftex.def Error: File `Figures/Frequency_Domain_Analysis/Heave/DFT_Moment_Amplitude_Case_5.png' not found: using draft setting.

See the pdftex.def package documentation for explanation.
Type  H <return>  for immediate help.
 ...                                              
                                                  
l.234 ...is/Heave/DFT_Moment_Amplitude_Case_5.png}
                                                  
Try typing  <return>  to proceed.
If that doesn't work, type  X <return>  to quit.


LaTeX Warning: File `Figures/Frequency_Domain_Analysis/Heave/DFT_LiftForce_Amplitude_Case_6.png' not found on input line 241.


d:/1.TUM courses/Masters Thesis/Report_Latex/Delete/Chapt_4.tex:241: Package pdftex.def Error: File `Figures/Frequency_Domain_Analysis/Heave/DFT_LiftForce_Amplitude_Case_6.png' not found: using draft setting.

See the pdftex.def package documentation for explanation.
Type  H <return>  for immediate help.
 ...                                              
                                                  
l.241 ...Heave/DFT_LiftForce_Amplitude_Case_6.png}
                                                  
Try typing  <return>  to proceed.
If that doesn't work, type  X <return>  to quit.


LaTeX Warning: File `Figures/Frequency_Domain_Analysis/Heave/DFT_Moment_Amplitude_Case_6.png' not found on input line 248.


d:/1.TUM courses/Masters Thesis/Report_Latex/Delete/Chapt_4.tex:248: Package pdftex.def Error: File `Figures/Frequency_Domain_Analysis/Heave/DFT_Moment_Amplitude_Case_6.png' not found: using draft setting.

See the pdftex.def package documentation for explanation.
Type  H <return>  for immediate help.
 ...                                              
                                                  
l.248 ...is/Heave/DFT_Moment_Amplitude_Case_6.png}
                                                  
Try typing  <return>  to proceed.
If that doesn't work, type  X <return>  to quit.


LaTeX Warning: Float too large for page by 894.11511pt on input line 255.


LaTeX Warning: File `Figures/Frequency_Domain_Analysis/Pitch/DFT_LiftForce_Amplitude_Case_0.png' not found on input line 261.


d:/1.TUM courses/Masters Thesis/Report_Latex/Delete/Chapt_4.tex:261: Package pdftex.def Error: File `Figures/Frequency_Domain_Analysis/Pitch/DFT_LiftForce_Amplitude_Case_0.png' not found: using draft setting.

See the pdftex.def package documentation for explanation.
Type  H <return>  for immediate help.
 ...                                              
                                                  
l.261 ...Pitch/DFT_LiftForce_Amplitude_Case_0.png}
                                                  
Try typing  <return>  to proceed.
If that doesn't work, type  X <return>  to quit.


LaTeX Warning: File `Figures/Frequency_Domain_Analysis/Pitch/DFT_Moment_Amplitude_Case_0.png' not found on input line 268.


d:/1.TUM courses/Masters Thesis/Report_Latex/Delete/Chapt_4.tex:268: Package pdftex.def Error: File `Figures/Frequency_Domain_Analysis/Pitch/DFT_Moment_Amplitude_Case_0.png' not found: using draft setting.

See the pdftex.def package documentation for explanation.
Type  H <return>  for immediate help.
 ...                                              
                                                  
l.268 ...is/Pitch/DFT_Moment_Amplitude_Case_0.png}
                                                  
Try typing  <return>  to proceed.
If that doesn't work, type  X <return>  to quit.


LaTeX Warning: File `Figures/Frequency_Domain_Analysis/Pitch/DFT_LiftForce_Amplitude_Case_1.png' not found on input line 275.


d:/1.TUM courses/Masters Thesis/Report_Latex/Delete/Chapt_4.tex:275: Package pdftex.def Error: File `Figures/Frequency_Domain_Analysis/Pitch/DFT_LiftForce_Amplitude_Case_1.png' not found: using draft setting.

See the pdftex.def package documentation for explanation.
Type  H <return>  for immediate help.
 ...                                              
                                                  
l.275 ...Pitch/DFT_LiftForce_Amplitude_Case_1.png}
                                                  
Try typing  <return>  to proceed.
If that doesn't work, type  X <return>  to quit.


LaTeX Warning: File `Figures/Frequency_Domain_Analysis/Pitch/DFT_Moment_Amplitude_Case_1.png' not found on input line 282.


d:/1.TUM courses/Masters Thesis/Report_Latex/Delete/Chapt_4.tex:282: Package pdftex.def Error: File `Figures/Frequency_Domain_Analysis/Pitch/DFT_Moment_Amplitude_Case_1.png' not found: using draft setting.

See the pdftex.def package documentation for explanation.
Type  H <return>  for immediate help.
 ...                                              
                                                  
l.282 ...is/Pitch/DFT_Moment_Amplitude_Case_1.png}
                                                  
Try typing  <return>  to proceed.
If that doesn't work, type  X <return>  to quit.


LaTeX Warning: File `Figures/Frequency_Domain_Analysis/Pitch/DFT_LiftForce_Amplitude_Case_2.png' not found on input line 289.


d:/1.TUM courses/Masters Thesis/Report_Latex/Delete/Chapt_4.tex:289: Package pdftex.def Error: File `Figures/Frequency_Domain_Analysis/Pitch/DFT_LiftForce_Amplitude_Case_2.png' not found: using draft setting.

See the pdftex.def package documentation for explanation.
Type  H <return>  for immediate help.
 ...                                              
                                                  
l.289 ...Pitch/DFT_LiftForce_Amplitude_Case_2.png}
                                                  
Try typing  <return>  to proceed.
If that doesn't work, type  X <return>  to quit.


LaTeX Warning: File `Figures/Frequency_Domain_Analysis/Pitch/DFT_Moment_Amplitude_Case_2.png' not found on input line 296.


d:/1.TUM courses/Masters Thesis/Report_Latex/Delete/Chapt_4.tex:296: Package pdftex.def Error: File `Figures/Frequency_Domain_Analysis/Pitch/DFT_Moment_Amplitude_Case_2.png' not found: using draft setting.

See the pdftex.def package documentation for explanation.
Type  H <return>  for immediate help.
 ...                                              
                                                  
l.296 ...is/Pitch/DFT_Moment_Amplitude_Case_2.png}
                                                  
Try typing  <return>  to proceed.
If that doesn't work, type  X <return>  to quit.


LaTeX Warning: File `Figures/Frequency_Domain_Analysis/Pitch/DFT_LiftForce_Amplitude_Case_3.png' not found on input line 303.


d:/1.TUM courses/Masters Thesis/Report_Latex/Delete/Chapt_4.tex:303: Package pdftex.def Error: File `Figures/Frequency_Domain_Analysis/Pitch/DFT_LiftForce_Amplitude_Case_3.png' not found: using draft setting.

See the pdftex.def package documentation for explanation.
Type  H <return>  for immediate help.
 ...                                              
                                                  
l.303 ...Pitch/DFT_LiftForce_Amplitude_Case_3.png}
                                                  
Try typing  <return>  to proceed.
If that doesn't work, type  X <return>  to quit.


LaTeX Warning: File `Figures/Frequency_Domain_Analysis/Pitch/DFT_Moment_Amplitude_Case_3.png' not found on input line 310.


d:/1.TUM courses/Masters Thesis/Report_Latex/Delete/Chapt_4.tex:310: Package pdftex.def Error: File `Figures/Frequency_Domain_Analysis/Pitch/DFT_Moment_Amplitude_Case_3.png' not found: using draft setting.

See the pdftex.def package documentation for explanation.
Type  H <return>  for immediate help.
 ...                                              
                                                  
l.310 ...is/Pitch/DFT_Moment_Amplitude_Case_3.png}
                                                  
Try typing  <return>  to proceed.
If that doesn't work, type  X <return>  to quit.


LaTeX Warning: File `Figures/Frequency_Domain_Analysis/Pitch/DFT_LiftForce_Amplitude_Case_4.png' not found on input line 317.


d:/1.TUM courses/Masters Thesis/Report_Latex/Delete/Chapt_4.tex:317: Package pdftex.def Error: File `Figures/Frequency_Domain_Analysis/Pitch/DFT_LiftForce_Amplitude_Case_4.png' not found: using draft setting.

See the pdftex.def package documentation for explanation.
Type  H <return>  for immediate help.
 ...                                              
                                                  
l.317 ...Pitch/DFT_LiftForce_Amplitude_Case_4.png}
                                                  
Try typing  <return>  to proceed.
If that doesn't work, type  X <return>  to quit.


LaTeX Warning: File `Figures/Frequency_Domain_Analysis/Pitch/DFT_Moment_Amplitude_Case_4.png' not found on input line 324.


d:/1.TUM courses/Masters Thesis/Report_Latex/Delete/Chapt_4.tex:324: Package pdftex.def Error: File `Figures/Frequency_Domain_Analysis/Pitch/DFT_Moment_Amplitude_Case_4.png' not found: using draft setting.

See the pdftex.def package documentation for explanation.
Type  H <return>  for immediate help.
 ...                                              
                                                  
l.324 ...is/Pitch/DFT_Moment_Amplitude_Case_4.png}
                                                  
Try typing  <return>  to proceed.
If that doesn't work, type  X <return>  to quit.


LaTeX Warning: File `Figures/Frequency_Domain_Analysis/Pitch/DFT_LiftForce_Amplitude_Case_5.png' not found on input line 331.


d:/1.TUM courses/Masters Thesis/Report_Latex/Delete/Chapt_4.tex:331: Package pdftex.def Error: File `Figures/Frequency_Domain_Analysis/Pitch/DFT_LiftForce_Amplitude_Case_5.png' not found: using draft setting.

See the pdftex.def package documentation for explanation.
Type  H <return>  for immediate help.
 ...                                              
                                                  
l.331 ...Pitch/DFT_LiftForce_Amplitude_Case_5.png}
                                                  
Try typing  <return>  to proceed.
If that doesn't work, type  X <return>  to quit.


LaTeX Warning: File `Figures/Frequency_Domain_Analysis/Pitch/DFT_Moment_Amplitude_Case_5.png' not found on input line 338.


d:/1.TUM courses/Masters Thesis/Report_Latex/Delete/Chapt_4.tex:338: Package pdftex.def Error: File `Figures/Frequency_Domain_Analysis/Pitch/DFT_Moment_Amplitude_Case_5.png' not found: using draft setting.

See the pdftex.def package documentation for explanation.
Type  H <return>  for immediate help.
 ...                                              
                                                  
l.338 ...is/Pitch/DFT_Moment_Amplitude_Case_5.png}
                                                  
Try typing  <return>  to proceed.
If that doesn't work, type  X <return>  to quit.


LaTeX Warning: File `Figures/Frequency_Domain_Analysis/Pitch/DFT_LiftForce_Amplitude_Case_6.png' not found on input line 345.


d:/1.TUM courses/Masters Thesis/Report_Latex/Delete/Chapt_4.tex:345: Package pdftex.def Error: File `Figures/Frequency_Domain_Analysis/Pitch/DFT_LiftForce_Amplitude_Case_6.png' not found: using draft setting.

See the pdftex.def package documentation for explanation.
Type  H <return>  for immediate help.
 ...                                              
                                                  
l.345 ...Pitch/DFT_LiftForce_Amplitude_Case_6.png}
                                                  
Try typing  <return>  to proceed.
If that doesn't work, type  X <return>  to quit.


LaTeX Warning: File `Figures/Frequency_Domain_Analysis/Pitch/DFT_Moment_Amplitude_Case_6.png' not found on input line 352.


d:/1.TUM courses/Masters Thesis/Report_Latex/Delete/Chapt_4.tex:352: Package pdftex.def Error: File `Figures/Frequency_Domain_Analysis/Pitch/DFT_Moment_Amplitude_Case_6.png' not found: using draft setting.

See the pdftex.def package documentation for explanation.
Type  H <return>  for immediate help.
 ...                                              
                                                  
l.352 ...is/Pitch/DFT_Moment_Amplitude_Case_6.png}
                                                  
Try typing  <return>  to proceed.
If that doesn't work, type  X <return>  to quit.


LaTeX Warning: Float too large for page by 894.11511pt on input line 359.


LaTeX Warning: Reference `fig:Displacement_Vs_Force' on page 4 undefined on input line 367.


Underfull \hbox (badness 10000) in paragraph at lines 367--374

 []


Underfull \hbox (badness 10000) in paragraph at lines 375--381

 []


LaTeX Warning: Reference `fig:Displacement_Vs_Force' on page 4 undefined on input line 382.


LaTeX Warning: Reference `fig:Combined_Flutter_Derivatives' on page 4 undefined on input line 382.


LaTeX Warning: Reference `fig:Displacement_Vs_Force' on page 4 undefined on input line 384.


LaTeX Warning: Reference `fig:Combined_Flutter_Derivatives' on page 4 undefined on input line 385.


Underfull \hbox (badness 10000) in paragraph at lines 382--387

 []


Underfull \hbox (badness 10000) in paragraph at lines 388--392

 []

[4] [5] [6]
Underfull \hbox (badness 10000) in paragraph at lines 393--395

 []


LaTeX Warning: Reference `fig:Compiled_Displacement_Vs_Force' on page 7 undefined on input line 397.


Underfull \hbox (badness 10000) in paragraph at lines 396--404

 []


LaTeX Warning: Reference `fig:Displacement_Vs_Force' on page 7 undefined on input line 408.


LaTeX Warning: Reference `fig:Displacement_Vs_Force' on page 7 undefined on input line 409.


LaTeX Warning: Reference `fig:Combined_Flutter_Derivatives' on page 7 undefined on input line 417.


Underfull \hbox (badness 10000) in paragraph at lines 412--418

 []


Underfull \hbox (badness 10000) in paragraph at lines 419--422

 []


LaTeX Warning: File `Figures/Displacement_Vs_Force/Heave/Fy_vs_Amplitude.png' not found on input line 428.


d:/1.TUM courses/Masters Thesis/Report_Latex/Delete/Chapt_4.tex:428: Package pdftex.def Error: File `Figures/Displacement_Vs_Force/Heave/Fy_vs_Amplitude.png' not found: using draft setting.

See the pdftex.def package documentation for explanation.
Type  H <return>  for immediate help.
 ...                                              
                                                  
l.428 ...ement_Vs_Force/Heave/Fy_vs_Amplitude.png}
                                                  
Try typing  <return>  to proceed.
If that doesn't work, type  X <return>  to quit.


LaTeX Warning: File `Figures/Displacement_Vs_Force/Pitch/Fy_vs_Amplitude.png' not found on input line 435.


d:/1.TUM courses/Masters Thesis/Report_Latex/Delete/Chapt_4.tex:435: Package pdftex.def Error: File `Figures/Displacement_Vs_Force/Pitch/Fy_vs_Amplitude.png' not found: using draft setting.

See the pdftex.def package documentation for explanation.
Type  H <return>  for immediate help.
 ...                                              
                                                  
l.435 ...ement_Vs_Force/Pitch/Fy_vs_Amplitude.png}
                                                  
Try typing  <return>  to proceed.
If that doesn't work, type  X <return>  to quit.


LaTeX Warning: File `Figures/Displacement_Vs_Force/Heave/PhaseFy_vs_Amplitude.png' not found on input line 442.


d:/1.TUM courses/Masters Thesis/Report_Latex/Delete/Chapt_4.tex:442: Package pdftex.def Error: File `Figures/Displacement_Vs_Force/Heave/PhaseFy_vs_Amplitude.png' not found: using draft setting.

See the pdftex.def package documentation for explanation.
Type  H <return>  for immediate help.
 ...                                              
                                                  
l.442 ..._Vs_Force/Heave/PhaseFy_vs_Amplitude.png}
                                                  
Try typing  <return>  to proceed.
If that doesn't work, type  X <return>  to quit.


LaTeX Warning: File `Figures/Displacement_Vs_Force/Pitch/PhaseFy_vs_Amplitude.png' not found on input line 449.


d:/1.TUM courses/Masters Thesis/Report_Latex/Delete/Chapt_4.tex:449: Package pdftex.def Error: File `Figures/Displacement_Vs_Force/Pitch/PhaseFy_vs_Amplitude.png' not found: using draft setting.

See the pdftex.def package documentation for explanation.
Type  H <return>  for immediate help.
 ...                                              
                                                  
l.449 ..._Vs_Force/Pitch/PhaseFy_vs_Amplitude.png}
                                                  
Try typing  <return>  to proceed.
If that doesn't work, type  X <return>  to quit.


LaTeX Warning: File `Figures/Displacement_Vs_Force/Heave/Moment_vs_Amplitude.png' not found on input line 456.


d:/1.TUM courses/Masters Thesis/Report_Latex/Delete/Chapt_4.tex:456: Package pdftex.def Error: File `Figures/Displacement_Vs_Force/Heave/Moment_vs_Amplitude.png' not found: using draft setting.

See the pdftex.def package documentation for explanation.
Type  H <return>  for immediate help.
 ...                                              
                                                  
l.456 ...t_Vs_Force/Heave/Moment_vs_Amplitude.png}
                                                  
Try typing  <return>  to proceed.
If that doesn't work, type  X <return>  to quit.


LaTeX Warning: File `Figures/Displacement_Vs_Force/Pitch/Moment_vs_Amplitude.png' not found on input line 463.


d:/1.TUM courses/Masters Thesis/Report_Latex/Delete/Chapt_4.tex:463: Package pdftex.def Error: File `Figures/Displacement_Vs_Force/Pitch/Moment_vs_Amplitude.png' not found: using draft setting.

See the pdftex.def package documentation for explanation.
Type  H <return>  for immediate help.
 ...                                              
                                                  
l.463 ...t_Vs_Force/Pitch/Moment_vs_Amplitude.png}
                                                  
Try typing  <return>  to proceed.
If that doesn't work, type  X <return>  to quit.


LaTeX Warning: File `Figures/Displacement_Vs_Force/Heave/PhaseMx_vs_Amplitude.png' not found on input line 470.


d:/1.TUM courses/Masters Thesis/Report_Latex/Delete/Chapt_4.tex:470: Package pdftex.def Error: File `Figures/Displacement_Vs_Force/Heave/PhaseMx_vs_Amplitude.png' not found: using draft setting.

See the pdftex.def package documentation for explanation.
Type  H <return>  for immediate help.
 ...                                              
                                                  
l.470 ..._Vs_Force/Heave/PhaseMx_vs_Amplitude.png}
                                                  
Try typing  <return>  to proceed.
If that doesn't work, type  X <return>  to quit.


LaTeX Warning: File `Figures/Displacement_Vs_Force/Pitch/PhaseMx_vs_Amplitude.png' not found on input line 477.


d:/1.TUM courses/Masters Thesis/Report_Latex/Delete/Chapt_4.tex:477: Package pdftex.def Error: File `Figures/Displacement_Vs_Force/Pitch/PhaseMx_vs_Amplitude.png' not found: using draft setting.

See the pdftex.def package documentation for explanation.
Type  H <return>  for immediate help.
 ...                                              
                                                  
l.477 ..._Vs_Force/Pitch/PhaseMx_vs_Amplitude.png}
                                                  
Try typing  <return>  to proceed.
If that doesn't work, type  X <return>  to quit.


LaTeX Warning: Float too large for page by 220.77711pt on input line 484.


LaTeX Warning: File `Figures/Compressed_Displacement_Vs_Force/Heave/NormalizedFy_vs_Amplitude_Case_RelativeToFirst.png' not found on input line 491.


d:/1.TUM courses/Masters Thesis/Report_Latex/Delete/Chapt_4.tex:491: Package pdftex.def Error: File `Figures/Compressed_Displacement_Vs_Force/Heave/NormalizedFy_vs_Amplitude_Case_RelativeToFirst.png' not found: using draft setting.

See the pdftex.def package documentation for explanation.
Type  H <return>  for immediate help.
 ...                                              
                                                  
l.491 ...Fy_vs_Amplitude_Case_RelativeToFirst.png}
                                                  
Try typing  <return>  to proceed.
If that doesn't work, type  X <return>  to quit.


LaTeX Warning: File `Figures/Compressed_Displacement_Vs_Force/Pitch/NormalizedFy_vs_Amplitude_Case_RelativeToFirst.png' not found on input line 498.


d:/1.TUM courses/Masters Thesis/Report_Latex/Delete/Chapt_4.tex:498: Package pdftex.def Error: File `Figures/Compressed_Displacement_Vs_Force/Pitch/NormalizedFy_vs_Amplitude_Case_RelativeToFirst.png' not found: using draft setting.

See the pdftex.def package documentation for explanation.
Type  H <return>  for immediate help.
 ...                                              
                                                  
l.498 ...Fy_vs_Amplitude_Case_RelativeToFirst.png}
                                                  
Try typing  <return>  to proceed.
If that doesn't work, type  X <return>  to quit.


LaTeX Warning: File `Figures/Compressed_Displacement_Vs_Force/Heave/PhaseFy_vs_Amplitude_Case_RelativeToFirst.png' not found on input line 505.


d:/1.TUM courses/Masters Thesis/Report_Latex/Delete/Chapt_4.tex:505: Package pdftex.def Error: File `Figures/Compressed_Displacement_Vs_Force/Heave/PhaseFy_vs_Amplitude_Case_RelativeToFirst.png' not found: using draft setting.

See the pdftex.def package documentation for explanation.
Type  H <return>  for immediate help.
 ...                                              
                                                  
l.505 ...Fy_vs_Amplitude_Case_RelativeToFirst.png}
                                                  
Try typing  <return>  to proceed.
If that doesn't work, type  X <return>  to quit.


LaTeX Warning: File `Figures/Compressed_Displacement_Vs_Force/Pitch/PhaseFy_vs_Amplitude_Case_RelativeToFirst.png' not found on input line 512.


d:/1.TUM courses/Masters Thesis/Report_Latex/Delete/Chapt_4.tex:512: Package pdftex.def Error: File `Figures/Compressed_Displacement_Vs_Force/Pitch/PhaseFy_vs_Amplitude_Case_RelativeToFirst.png' not found: using draft setting.

See the pdftex.def package documentation for explanation.
Type  H <return>  for immediate help.
 ...                                              
                                                  
l.512 ...Fy_vs_Amplitude_Case_RelativeToFirst.png}
                                                  
Try typing  <return>  to proceed.
If that doesn't work, type  X <return>  to quit.


LaTeX Warning: File `Figures/Compressed_Displacement_Vs_Force/Heave/NormalizedMoment_vs_Amplitude_Case_RelativeToFirst.png' not found on input line 519.


d:/1.TUM courses/Masters Thesis/Report_Latex/Delete/Chapt_4.tex:519: Package pdftex.def Error: File `Figures/Compressed_Displacement_Vs_Force/Heave/NormalizedMoment_vs_Amplitude_Case_RelativeToFirst.png' not found: using draft setting.

See the pdftex.def package documentation for explanation.
Type  H <return>  for immediate help.
 ...                                              
                                                  
l.519 ...nt_vs_Amplitude_Case_RelativeToFirst.png}
                                                  
Try typing  <return>  to proceed.
If that doesn't work, type  X <return>  to quit.


LaTeX Warning: File `Figures/Compressed_Displacement_Vs_Force/Pitch/NormalizedMoment_vs_Amplitude_Case_RelativeToFirst.png' not found on input line 526.


d:/1.TUM courses/Masters Thesis/Report_Latex/Delete/Chapt_4.tex:526: Package pdftex.def Error: File `Figures/Compressed_Displacement_Vs_Force/Pitch/NormalizedMoment_vs_Amplitude_Case_RelativeToFirst.png' not found: using draft setting.

See the pdftex.def package documentation for explanation.
Type  H <return>  for immediate help.
 ...                                              
                                                  
l.526 ...nt_vs_Amplitude_Case_RelativeToFirst.png}
                                                  
Try typing  <return>  to proceed.
If that doesn't work, type  X <return>  to quit.


LaTeX Warning: File `Figures/Compressed_Displacement_Vs_Force/Heave/PhaseMx_vs_Amplitude_Case_RelativeToFirst.png' not found on input line 533.


d:/1.TUM courses/Masters Thesis/Report_Latex/Delete/Chapt_4.tex:533: Package pdftex.def Error: File `Figures/Compressed_Displacement_Vs_Force/Heave/PhaseMx_vs_Amplitude_Case_RelativeToFirst.png' not found: using draft setting.

See the pdftex.def package documentation for explanation.
Type  H <return>  for immediate help.
 ...                                              
                                                  
l.533 ...Mx_vs_Amplitude_Case_RelativeToFirst.png}
                                                  
Try typing  <return>  to proceed.
If that doesn't work, type  X <return>  to quit.


LaTeX Warning: File `Figures/Compressed_Displacement_Vs_Force/Pitch/PhaseMx_vs_Amplitude_Case_RelativeToFirst.png' not found on input line 540.


d:/1.TUM courses/Masters Thesis/Report_Latex/Delete/Chapt_4.tex:540: Package pdftex.def Error: File `Figures/Compressed_Displacement_Vs_Force/Pitch/PhaseMx_vs_Amplitude_Case_RelativeToFirst.png' not found: using draft setting.

See the pdftex.def package documentation for explanation.
Type  H <return>  for immediate help.
 ...                                              
                                                  
l.540 ...Mx_vs_Amplitude_Case_RelativeToFirst.png}
                                                  
Try typing  <return>  to proceed.
If that doesn't work, type  X <return>  to quit.


LaTeX Warning: Float too large for page by 220.77711pt on input line 547.


Underfull \hbox (badness 10000) in paragraph at lines 552--558

 []

[7] [8] [9]
Underfull \hbox (badness 10000) in paragraph at lines 559--563

 []


Underfull \hbox (badness 10000) in paragraph at lines 564--567

 []


LaTeX Warning: Reference `tab:bridge_configs' on page 10 undefined on input line 574.


Overfull \hbox (14.1544pt too wide) in paragraph at lines 580--591
 [][] 
 []


LaTeX Warning: File `Figures/CriticalVelocity_vs_Number_of_Combinations.png' not found on input line 595.


d:/1.TUM courses/Masters Thesis/Report_Latex/Delete/Chapt_4.tex:595: Package pdftex.def Error: File `Figures/CriticalVelocity_vs_Number_of_Combinations.png' not found: using draft setting.

See the pdftex.def package documentation for explanation.
Type  H <return>  for immediate help.
 ...                                              
                                                  
l.595 ...alVelocity_vs_Number_of_Combinations.png}
                                                  
Try typing  <return>  to proceed.
If that doesn't work, type  X <return>  to quit.

[10] [11] (Chapt_4.aux)
 ***********
LaTeX2e <2023-11-01> patch level 1
L3 programming layer <2024-01-04>
 ***********


LaTeX Warning: There were undefined references.


LaTeX Warning: Label(s) may have changed. Rerun to get cross-references right.


Package rerunfilecheck Warning: File `Chapt_4.out' has changed.
(rerunfilecheck)                Rerun to get outlines right
(rerunfilecheck)                or use package `bookmark'.

Package rerunfilecheck Info: Checksums for `Chapt_4.out':
(rerunfilecheck)             Before: <no file>
(rerunfilecheck)             After:  5F087A5381AFC16748962E70AE361462;1884.
 ) 
Here is how much of TeX's memory you used:
 13174 strings out of 476402
 303169 string characters out of 5794312
 1944542 words of memory out of 5000000
 35054 multiletter control sequences out of 15000+600000
 565307 words of font info for 63 fonts, out of 8000000 for 9000
 14 hyphenation exceptions out of 8191
 75i,10n,79p,609b,541s stack positions out of 10000i,1000n,20000p,200000b,200000s
<C:/Users/aakas/AppData/Local/Programs/MiKTeX/fonts/type1/public/amsfonts/cm/cmbx12.pfb><C:/Users/aakas/AppData/Local/Programs/MiKTeX/fonts/type1/public/amsfonts/cm/cmmi12.pfb><C:/Users/aakas/AppData/Local/Programs/MiKTeX/fonts/type1/public/amsfonts/cm/cmmi8.pfb><C:/Users/aakas/AppData/Local/Programs/MiKTeX/fonts/type1/public/amsfonts/cm/cmr10.pfb><C:/Users/aakas/AppData/Local/Programs/MiKTeX/fonts/type1/public/amsfonts/cm/cmr12.pfb><C:/Users/aakas/AppData/Local/Programs/MiKTeX/fonts/type1/public/amsfonts/cm/cmr8.pfb><C:/Users/aakas/AppData/Local/Programs/MiKTeX/fonts/type1/public/amsfonts/cm/cmsy10.pfb><C:/Users/aakas/AppData/Local/Programs/MiKTeX/fonts/type1/public/amsfonts/cm/cmtt12.pfb>
Output written on Chapt_4.pdf (11 pages, 129786 bytes).
PDF statistics:
 122 PDF objects out of 1000 (max. 8388607)
 35 named destinations out of 1000 (max. 500000)
 1 words of extra memory for PDF output out of 10000 (max. 10000000)

