This is pdfTeX, Version 3.141592653-2.6-1.40.25 (MiKTeX 24.1) (preloaded format=pdflatex 2026.2.11)  16 MAR 2026 18:21
entering extended mode
 restricted \write18 enabled.
 file:line:error style messages enabled.
 %&-line parsing enabled.
**"d:/1.TUM courses/Masters Thesis/Report_Latex/Chap_5/Chapt_5.tex"
(d:/1.TUM courses/Masters Thesis/Report_Latex/Chap_5/Chapt_5.tex
LaTeX2e <2023-11-01> patch level 1
L3 programming layer <2024-01-04>
(C:\Users\aakas\AppData\Local\Programs\MiKTeX\tex/latex/subfiles\subfiles.cls
Document Class: subfiles 2020/11/14 v2.2 Multi-file projects (class)
Preamble taken from file `../main'
(C:\Users\aakas\AppData\Local\Programs\MiKTeX\tex/latex/import\import.sty
Package: import 2020/04/01  v 6.2
) (d:\1.TUM courses\Masters Thesis\Report_Latex\main.tex (C:\Users\aakas\AppData\Local\Programs\MiKTeX\tex/latex/base\report.cls
Document Class: report 2023/05/17 v1.4n Standard LaTeX document class
(C:\Users\aakas\AppData\Local\Programs\MiKTeX\tex/latex/base\size12.clo
File: size12.clo 2023/05/17 v1.4n Standard LaTeX file (size option)
)
\c@part=\count187
\c@chapter=\count188
\c@section=\count189
\c@subsection=\count190
\c@subsubsection=\count191
\c@paragraph=\count192
\c@subparagraph=\count193
\c@figure=\count194
\c@table=\count195
\abovecaptionskip=\skip48
\belowcaptionskip=\skip49
\bibindent=\dimen140
) (C:\Users\aakas\AppData\Local\Programs\MiKTeX\tex/latex/amsmath\amsmath.sty
Package: amsmath 2023/05/13 v2.17o AMS math features
\@mathmargin=\skip50

For additional information on amsmath, use the `?' option.
(C:\Users\aakas\AppData\Local\Programs\MiKTeX\tex/latex/amsmath\amstext.sty
Package: amstext 2021/08/26 v2.01 AMS text
 (C:\Users\aakas\AppData\Local\Programs\MiKTeX\tex/latex/amsmath\amsgen.sty
File: amsgen.sty 1999/11/30 v2.0 generic functions
\@emptytoks=\toks17
\ex@=\dimen141
)) (C:\Users\aakas\AppData\Local\Programs\MiKTeX\tex/latex/amsmath\amsbsy.sty
Package: amsbsy 1999/11/29 v1.2d Bold Symbols
\pmbraise@=\dimen142
) (C:\Users\aakas\AppData\Local\Programs\MiKTeX\tex/latex/amsmath\amsopn.sty
Package: amsopn 2022/04/08 v2.04 operator names
)
\inf@bad=\count196
LaTeX Info: Redefining \frac on input line 234.
\uproot@=\count197
\leftroot@=\count198
LaTeX Info: Redefining \overline on input line 399.
LaTeX Info: Redefining \colon on input line 410.
\classnum@=\count199
\DOTSCASE@=\count266
LaTeX Info: Redefining \ldots on input line 496.
LaTeX Info: Redefining \dots on input line 499.
LaTeX Info: Redefining \cdots on input line 620.
\Mathstrutbox@=\box51
\strutbox@=\box52
LaTeX Info: Redefining \big on input line 722.
LaTeX Info: Redefining \Big on input line 723.
LaTeX Info: Redefining \bigg on input line 724.
LaTeX Info: Redefining \Bigg on input line 725.
\big@size=\dimen143
LaTeX Font Info:    Redeclaring font encoding OML on input line 743.
LaTeX Font Info:    Redeclaring font encoding OMS on input line 744.
\macc@depth=\count267
LaTeX Info: Redefining \bmod on input line 905.
LaTeX Info: Redefining \pmod on input line 910.
LaTeX Info: Redefining \smash on input line 940.
LaTeX Info: Redefining \relbar on input line 970.
LaTeX Info: Redefining \Relbar on input line 971.
\c@MaxMatrixCols=\count268
\dotsspace@=\muskip16
\c@parentequation=\count269
\dspbrk@lvl=\count270
\tag@help=\toks18
\row@=\count271
\column@=\count272
\maxfields@=\count273
\andhelp@=\toks19
\eqnshift@=\dimen144
\alignsep@=\dimen145
\tagshift@=\dimen146
\tagwidth@=\dimen147
\totwidth@=\dimen148
\lineht@=\dimen149
\@envbody=\toks20
\multlinegap=\skip51
\multlinetaggap=\skip52
\mathdisplay@stack=\toks21
LaTeX Info: Redefining \[ on input line 2953.
LaTeX Info: Redefining \] on input line 2954.
) (C:\Users\aakas\AppData\Local\Programs\MiKTeX\tex/latex/amsfonts\amssymb.sty
Package: amssymb 2013/01/14 v3.01 AMS font symbols
 (C:\Users\aakas\AppData\Local\Programs\MiKTeX\tex/latex/amsfonts\amsfonts.sty
Package: amsfonts 2013/01/14 v3.01 Basic AMSFonts support
\symAMSa=\mathgroup4
\symAMSb=\mathgroup5
LaTeX Font Info:    Redeclaring math symbol \hbar on input line 98.
LaTeX Font Info:    Overwriting math alphabet `\mathfrak' in version `bold'
(Font)                  U/euf/m/n --> U/euf/b/n on input line 106.
)) (C:\Users\aakas\AppData\Local\Programs\MiKTeX\tex/latex/geometry\geometry.sty
Package: geometry 2020/01/02 v5.9 Page Geometry
 (C:\Users\aakas\AppData\Local\Programs\MiKTeX\tex/latex/graphics\keyval.sty
Package: keyval 2022/05/29 v1.15 key=value parser (DPC)
\KV@toks@=\toks22
) (C:\Users\aakas\AppData\Local\Programs\MiKTeX\tex/generic/iftex\ifvtex.sty
Package: ifvtex 2019/10/25 v1.7 ifvtex legacy package. Use iftex instead.
 (C:\Users\aakas\AppData\Local\Programs\MiKTeX\tex/generic/iftex\iftex.sty
Package: iftex 2022/02/03 v1.0f TeX engine tests
))
\Gm@cnth=\count274
\Gm@cntv=\count275
\c@Gm@tempcnt=\count276
\Gm@bindingoffset=\dimen150
\Gm@wd@mp=\dimen151
\Gm@odd@mp=\dimen152
\Gm@even@mp=\dimen153
\Gm@layoutwidth=\dimen154
\Gm@layoutheight=\dimen155
\Gm@layouthoffset=\dimen156
\Gm@layoutvoffset=\dimen157
\Gm@dimlist=\toks23
 (C:\Users\aakas\AppData\Local\Programs\MiKTeX\tex/latex/geometry\geometry.cfg)) (C:\Users\aakas\AppData\Local\Programs\MiKTeX\tex/latex/graphics\graphicx.sty
Package: graphicx 2021/09/16 v1.2d Enhanced LaTeX Graphics (DPC,SPQR)
 (C:\Users\aakas\AppData\Local\Programs\MiKTeX\tex/latex/graphics\graphics.sty
Package: graphics 2022/03/10 v1.4e Standard LaTeX Graphics (DPC,SPQR)
 (C:\Users\aakas\AppData\Local\Programs\MiKTeX\tex/latex/graphics\trig.sty
Package: trig 2021/08/11 v1.11 sin cos tan (DPC)
) (C:\Users\aakas\AppData\Local\Programs\MiKTeX\tex/latex/graphics-cfg\graphics.cfg
File: graphics.cfg 2016/06/04 v1.11 sample graphics configuration
)
Package graphics Info: Driver file: pdftex.def on input line 107.
 (C:\Users\aakas\AppData\Local\Programs\MiKTeX\tex/latex/graphics-def\pdftex.def
File: pdftex.def 2022/09/22 v1.2b Graphics/color driver for pdftex
))
\Gin@req@height=\dimen158
\Gin@req@width=\dimen159
) (C:\Users\aakas\AppData\Local\Programs\MiKTeX\tex/latex/caption\subcaption.sty
Package: subcaption 2023/07/28 v1.6b Sub-captions (AR)
 (C:\Users\aakas\AppData\Local\Programs\MiKTeX\tex/latex/caption\caption.sty
Package: caption 2023/08/05 v3.6o Customizing captions (AR)
 (C:\Users\aakas\AppData\Local\Programs\MiKTeX\tex/latex/caption\caption3.sty
Package: caption3 2023/07/31 v2.4d caption3 kernel (AR)
\caption@tempdima=\dimen160
\captionmargin=\dimen161
\caption@leftmargin=\dimen162
\caption@rightmargin=\dimen163
\caption@width=\dimen164
\caption@indent=\dimen165
\caption@parindent=\dimen166
\caption@hangindent=\dimen167
Package caption Info: Standard document class detected.
)
\c@caption@flags=\count277
\c@continuedfloat=\count278
)
Package caption Info: New subtype `subfigure' on input line 238.
\c@subfigure=\count279
Package caption Info: New subtype `subtable' on input line 238.
\c@subtable=\count280
) (C:\Users\aakas\AppData\Local\Programs\MiKTeX\tex/latex/float\float.sty
Package: float 2001/11/08 v1.3d Float enhancements (AL)
\c@float@type=\count281
\float@exts=\toks24
\float@box=\box53
\@float@everytoks=\toks25
\@floatcapt=\box54
) (C:\Users\aakas\AppData\Local\Programs\MiKTeX\tex/latex/tools\array.sty
Package: array 2023/10/16 v2.5g Tabular extension package (FMi)
\col@sep=\dimen168
\ar@mcellbox=\box55
\extrarowheight=\dimen169
\NC@list=\toks26
\extratabsurround=\skip53
\backup@length=\skip54
\ar@cellbox=\box56
) (C:\Users\aakas\AppData\Local\Programs\MiKTeX\tex/latex/booktabs\booktabs.sty
Package: booktabs 2020/01/12 v1.61803398 Publication quality tables
\heavyrulewidth=\dimen170
\lightrulewidth=\dimen171
\cmidrulewidth=\dimen172
\belowrulesep=\dimen173
\belowbottomsep=\dimen174
\aboverulesep=\dimen175
\abovetopsep=\dimen176
\cmidrulesep=\dimen177
\cmidrulekern=\dimen178
\defaultaddspace=\dimen179
\@cmidla=\count282
\@cmidlb=\count283
\@aboverulesep=\dimen180
\@belowrulesep=\dimen181
\@thisruleclass=\count284
\@lastruleclass=\count285
\@thisrulewidth=\dimen182
) (C:\Users\aakas\AppData\Local\Programs\MiKTeX\tex/latex/subfiles\subfiles.sty
Package: subfiles 2020/11/14 v2.2 Multi-file projects (package)
) (C:\Users\aakas\AppData\Local\Programs\MiKTeX\tex/latex/titlesec\titlesec.sty
Package: titlesec 2025/01/04 v2.17 Sectioning titles
\ttl@box=\box57
\beforetitleunit=\skip55
\aftertitleunit=\skip56
\ttl@plus=\dimen183
\ttl@minus=\dimen184
\ttl@toksa=\toks27
\titlewidth=\dimen185
\titlewidthlast=\dimen186
\titlewidthfirst=\dimen187
) (C:\Users\aakas\AppData\Local\Programs\MiKTeX\tex/latex/hyperref\hyperref.sty
Package: hyperref 2023-11-26 v7.01g Hypertext links for LaTeX
 (C:\Users\aakas\AppData\Local\Programs\MiKTeX\tex/generic/infwarerr\infwarerr.sty
Package: infwarerr 2019/12/03 v1.5 Providing info/warning/error messages (HO)
) (C:\Users\aakas\AppData\Local\Programs\MiKTeX\tex/latex/kvsetkeys\kvsetkeys.sty
Package: kvsetkeys 2022-10-05 v1.19 Key value parser (HO)
) (C:\Users\aakas\AppData\Local\Programs\MiKTeX\tex/generic/kvdefinekeys\kvdefinekeys.sty
Package: kvdefinekeys 2019-12-19 v1.6 Define keys (HO)
) (C:\Users\aakas\AppData\Local\Programs\MiKTeX\tex/generic/pdfescape\pdfescape.sty
Package: pdfescape 2019/12/09 v1.15 Implements pdfTeX's escape features (HO)
 (C:\Users\aakas\AppData\Local\Programs\MiKTeX\tex/generic/ltxcmds\ltxcmds.sty
Package: ltxcmds 2023-12-04 v1.26 LaTeX kernel commands for general use (HO)
) (C:\Users\aakas\AppData\Local\Programs\MiKTeX\tex/generic/pdftexcmds\pdftexcmds.sty
Package: pdftexcmds 2020-06-27 v0.33 Utility functions of pdfTeX for LuaTeX (HO)
Package pdftexcmds Info: \pdf@primitive is available.
Package pdftexcmds Info: \pdf@ifprimitive is available.
Package pdftexcmds Info: \pdfdraftmode found.
)) (C:\Users\aakas\AppData\Local\Programs\MiKTeX\tex/latex/hycolor\hycolor.sty
Package: hycolor 2020-01-27 v1.10 Color options for hyperref/bookmark (HO)
) (C:\Users\aakas\AppData\Local\Programs\MiKTeX\tex/latex/letltxmacro\letltxmacro.sty
Package: letltxmacro 2019/12/03 v1.6 Let assignment for LaTeX macros (HO)
) (C:\Users\aakas\AppData\Local\Programs\MiKTeX\tex/latex/auxhook\auxhook.sty
Package: auxhook 2019-12-17 v1.6 Hooks for auxiliary files (HO)
) (C:\Users\aakas\AppData\Local\Programs\MiKTeX\tex/latex/hyperref\nameref.sty
Package: nameref 2023-11-26 v2.56 Cross-referencing by name of section
 (C:\Users\aakas\AppData\Local\Programs\MiKTeX\tex/latex/refcount\refcount.sty
Package: refcount 2019/12/15 v3.6 Data extraction from label references (HO)
) (C:\Users\aakas\AppData\Local\Programs\MiKTeX\tex/generic/gettitlestring\gettitlestring.sty
Package: gettitlestring 2019/12/15 v1.6 Cleanup title references (HO)
 (C:\Users\aakas\AppData\Local\Programs\MiKTeX\tex/latex/kvoptions\kvoptions.sty
Package: kvoptions 2022-06-15 v3.15 Key value format for package options (HO)
))
\c@section@level=\count286
) (C:\Users\aakas\AppData\Local\Programs\MiKTeX\tex/latex/etoolbox\etoolbox.sty
Package: etoolbox 2020/10/05 v2.5k e-TeX tools for LaTeX (JAW)
\etb@tempcnta=\count287
)
\@linkdim=\dimen188
\Hy@linkcounter=\count288
\Hy@pagecounter=\count289
 (C:\Users\aakas\AppData\Local\Programs\MiKTeX\tex/latex/hyperref\pd1enc.def
File: pd1enc.def 2023-11-26 v7.01g Hyperref: PDFDocEncoding definition (HO)
Now handling font encoding PD1 ...
... no UTF-8 mapping file for font encoding PD1
) (C:\Users\aakas\AppData\Local\Programs\MiKTeX\tex/generic/intcalc\intcalc.sty
Package: intcalc 2019/12/15 v1.3 Expandable calculations with integers (HO)
)
\Hy@SavedSpaceFactor=\count290
 (C:\Users\aakas\AppData\Local\Programs\MiKTeX\tex/latex/hyperref\puenc.def
File: puenc.def 2023-11-26 v7.01g Hyperref: PDF Unicode definition (HO)
Now handling font encoding PU ...
... no UTF-8 mapping file for font encoding PU
)
Package hyperref Info: Hyper figures OFF on input line 4181.
Package hyperref Info: Link nesting OFF on input line 4186.
Package hyperref Info: Hyper index ON on input line 4189.
Package hyperref Info: Plain pages OFF on input line 4196.
Package hyperref Info: Backreferencing OFF on input line 4201.
Package hyperref Info: Implicit mode ON; LaTeX internals redefined.
Package hyperref Info: Bookmarks ON on input line 4448.
\c@Hy@tempcnt=\count291
 (C:\Users\aakas\AppData\Local\Programs\MiKTeX\tex/latex/url\url.sty
\Urlmuskip=\muskip17
Package: url 2013/09/16  ver 3.4  Verb mode for urls, etc.
)
LaTeX Info: Redefining \url on input line 4786.
\XeTeXLinkMargin=\dimen189
 (C:\Users\aakas\AppData\Local\Programs\MiKTeX\tex/generic/bitset\bitset.sty
Package: bitset 2019/12/09 v1.3 Handle bit-vector datatype (HO)
 (C:\Users\aakas\AppData\Local\Programs\MiKTeX\tex/generic/bigintcalc\bigintcalc.sty
Package: bigintcalc 2019/12/15 v1.5 Expandable calculations on big integers (HO)
))
\Fld@menulength=\count292
\Field@Width=\dimen190
\Fld@charsize=\dimen191
Package hyperref Info: Hyper figures OFF on input line 6065.
Package hyperref Info: Link nesting OFF on input line 6070.
Package hyperref Info: Hyper index ON on input line 6073.
Package hyperref Info: backreferencing OFF on input line 6080.
Package hyperref Info: Link coloring OFF on input line 6085.
Package hyperref Info: Link coloring with OCG OFF on input line 6090.
Package hyperref Info: PDF/A mode OFF on input line 6095.
 (C:\Users\aakas\AppData\Local\Programs\MiKTeX\tex/latex/base\atbegshi-ltx.sty
Package: atbegshi-ltx 2021/01/10 v1.0c Emulation of the original atbegshi
package with kernel methods
)
\Hy@abspage=\count293
\c@Item=\count294
\c@Hfootnote=\count295
)
Package hyperref Info: Driver (autodetected): hpdftex.
 (C:\Users\aakas\AppData\Local\Programs\MiKTeX\tex/latex/hyperref\hpdftex.def
File: hpdftex.def 2023-11-26 v7.01g Hyperref driver for pdfTeX
 (C:\Users\aakas\AppData\Local\Programs\MiKTeX\tex/latex/base\atveryend-ltx.sty
Package: atveryend-ltx 2020/08/19 v1.0a Emulation of the original atveryend package
with kernel methods
)
\Fld@listcount=\count296
\c@bookmark@seq@number=\count297
 (C:\Users\aakas\AppData\Local\Programs\MiKTeX\tex/latex/rerunfilecheck\rerunfilecheck.sty
Package: rerunfilecheck 2025-06-21 v1.11 Rerun checks for auxiliary files (HO)
 (C:\Users\aakas\AppData\Local\Programs\MiKTeX\tex/generic/uniquecounter\uniquecounter.sty
Package: uniquecounter 2019/12/15 v1.4 Provide unlimited unique counter (HO)
)
Package uniquecounter Info: New unique counter `rerunfilecheck' on input line 284.
)
\Hy@SectionHShift=\skip57
) (C:\Users\aakas\AppData\Local\Programs\MiKTeX\tex/latex/placeins\placeins.sty
Package: placeins 2005/04/18  v 2.2
) (C:\Users\aakas\AppData\Local\Programs\MiKTeX\tex/latex/multirow\multirow.sty
Package: multirow 2024/11/12 v2.9 Span multiple rows of a table
\multirow@colwidth=\skip58
\multirow@cntb=\count298
\multirow@dima=\skip59
\bigstrutjot=\dimen192
))) (C:\Users\aakas\AppData\Local\Programs\MiKTeX\tex/latex/l3backend\l3backend-pdftex.def
File: l3backend-pdftex.def 2024-01-04 L3 backend support: PDF output (pdfTeX)
\l__color_backend_stack_int=\count299
\l__pdf_internal_box=\box58
) (d:\1.TUM courses\Masters Thesis\Report_Latex\Chap_5\Chapt_5.aux)
\openout1 = `Chapt_5.aux'.

LaTeX Font Info:    Checking defaults for OML/cmm/m/it on input line 2.
LaTeX Font Info:    ... okay on input line 2.
LaTeX Font Info:    Checking defaults for OMS/cmsy/m/n on input line 2.
LaTeX Font Info:    ... okay on input line 2.
LaTeX Font Info:    Checking defaults for OT1/cmr/m/n on input line 2.
LaTeX Font Info:    ... okay on input line 2.
LaTeX Font Info:    Checking defaults for T1/cmr/m/n on input line 2.
LaTeX Font Info:    ... okay on input line 2.
LaTeX Font Info:    Checking defaults for TS1/cmr/m/n on input line 2.
LaTeX Font Info:    ... okay on input line 2.
LaTeX Font Info:    Checking defaults for OMX/cmex/m/n on input line 2.
LaTeX Font Info:    ... okay on input line 2.
LaTeX Font Info:    Checking defaults for U/cmr/m/n on input line 2.
LaTeX Font Info:    ... okay on input line 2.
LaTeX Font Info:    Checking defaults for PD1/pdf/m/n on input line 2.
LaTeX Font Info:    ... okay on input line 2.
LaTeX Font Info:    Checking defaults for PU/pdf/m/n on input line 2.
LaTeX Font Info:    ... okay on input line 2.

*geometry* driver: auto-detecting
*geometry* detected driver: pdftex
*geometry* verbose mode - [ preamble ] result:
* driver: pdftex
* paper: a4paper
* layout: <same size as paper>
* layoutoffset:(h,v)=(0.0pt,0.0pt)
* modes: 
* h-part:(L,W,R)=(72.26999pt, 452.9679pt, 72.26999pt)
* v-part:(T,H,B)=(72.26999pt, 700.50687pt, 72.26999pt)
* \paperwidth=597.50787pt
* \paperheight=845.04684pt
* \textwidth=452.9679pt
* \textheight=700.50687pt
* \oddsidemargin=0.0pt
* \evensidemargin=0.0pt
* \topmargin=-37.0pt
* \headheight=12.0pt
* \headsep=25.0pt
* \topskip=12.0pt
* \footskip=30.0pt
* \marginparwidth=35.0pt
* \marginparsep=10.0pt
* \columnsep=10.0pt
* \skip\footins=10.8pt plus 4.0pt minus 2.0pt
* \hoffset=0.0pt
* \voffset=0.0pt
* \mag=1000
* \@twocolumnfalse
* \@twosidefalse
* \@mparswitchfalse
* \@reversemarginfalse
* (1in=72.27pt=25.4mm, 1cm=28.453pt)

(C:\Users\aakas\AppData\Local\Programs\MiKTeX\tex/context/base/mkii\supp-pdf.mkii
[Loading MPS to PDF converter (version 2006.09.02).]
\scratchcounter=\count300
\scratchdimen=\dimen193
\scratchbox=\box59
\nofMPsegments=\count301
\nofMParguments=\count302
\everyMPshowfont=\toks28
\MPscratchCnt=\count303
\MPscratchDim=\dimen194
\MPnumerator=\count304
\makeMPintoPDFobject=\count305
\everyMPtoPDFconversion=\toks29
) (C:\Users\aakas\AppData\Local\Programs\MiKTeX\tex/latex/epstopdf-pkg\epstopdf-base.sty
Package: epstopdf-base 2020-01-24 v2.11 Base part for package epstopdf
Package epstopdf-base Info: Redefining graphics rule for `.eps' on input line 485.
 (C:\Users\aakas\AppData\Local\Programs\MiKTeX\tex/latex/00miktex\epstopdf-sys.cfg
File: epstopdf-sys.cfg 2021/03/18 v2.0 Configuration of epstopdf for MiKTeX
))
Package caption Info: Begin \AtBeginDocument code.
Package caption Info: float package is loaded.
Package caption Info: hyperref package is loaded.
Package caption Info: End \AtBeginDocument code.
Package hyperref Info: Link coloring OFF on input line 2.
 (d:\1.TUM courses\Masters Thesis\Report_Latex\Chap_5\Chapt_5.out) (d:\1.TUM courses\Masters Thesis\Report_Latex\Chap_5\Chapt_5.out)
\@outlinefile=\write3
\openout3 = `Chapt_5.out'.


Chapter 1.

Underfull \hbox (badness 10000) in paragraph at lines 45--46

 []


Underfull \hbox (badness 10000) in paragraph at lines 60--67

 []

[1


{C:/Users/aakas/AppData/Local/MiKTeX/fonts/map/pdftex/pdftex.map}]
Underfull \hbox (badness 10000) in paragraph at lines 68--73

 []

LaTeX Font Info:    Trying to load font information for U+msa on input line 74.
(C:\Users\aakas\AppData\Local\Programs\MiKTeX\tex/latex/amsfonts\umsa.fd
File: umsa.fd 2013/01/14 v3.01 AMS symbols A
)
LaTeX Font Info:    Trying to load font information for U+msb on input line 74.
 (C:\Users\aakas\AppData\Local\Programs\MiKTeX\tex/latex/amsfonts\umsb.fd
File: umsb.fd 2013/01/14 v3.01 AMS symbols B
)
Underfull \hbox (badness 10000) in paragraph at lines 89--90

 []


Underfull \hbox (badness 10000) in paragraph at lines 91--94

 []


Underfull \hbox (badness 10000) in paragraph at lines 95--100

 []

[2]
Overfull \hbox (27.6299pt too wide) in paragraph at lines 214--226
 [][] 
 []


Overfull \hbox (35.46579pt too wide) in paragraph at lines 232--244
 [][] 
 []

[3] [4]
<Chap_5/Figures/MultiFrequency_Study_1/Procedure_Explanation/2_Individual_Component_ForcedMotion.PNG, id=105, 3584.39125pt x 2396.955pt>
File: Chap_5/Figures/MultiFrequency_Study_1/Procedure_Explanation/2_Individual_Component_ForcedMotion.PNG Graphic file (type png)
<use Chap_5/Figures/MultiFrequency_Study_1/Procedure_Explanation/2_Individual_Component_ForcedMotion.PNG>
Package pdftex.def Info: Chap_5/Figures/MultiFrequency_Study_1/Procedure_Explanation/2_Individual_Component_ForcedMotion.PNG  used on input line 257.
(pdftex.def)             Requested size: 452.9679pt x 302.87378pt.
<Chap_5/Figures/MultiFrequency_Study_1/Procedure_Explanation/2_Superimposed_ForcedMotion.png, id=108, 3584.39125pt x 601.24625pt>
File: Chap_5/Figures/MultiFrequency_Study_1/Procedure_Explanation/2_Superimposed_ForcedMotion.png Graphic file (type png)
<use Chap_5/Figures/MultiFrequency_Study_1/Procedure_Explanation/2_Superimposed_ForcedMotion.png>
Package pdftex.def Info: Chap_5/Figures/MultiFrequency_Study_1/Procedure_Explanation/2_Superimposed_ForcedMotion.png  used on input line 266.
(pdftex.def)             Requested size: 452.9679pt x 75.97209pt.
<Chap_5/Figures/MultiFrequency_Study_1/Procedure_Explanation/3_Computed_Aerodynamic_Lift_Force.png, id=111, 3584.39125pt x 600.2425pt>
File: Chap_5/Figures/MultiFrequency_Study_1/Procedure_Explanation/3_Computed_Aerodynamic_Lift_Force.png Graphic file (type png)
<use Chap_5/Figures/MultiFrequency_Study_1/Procedure_Explanation/3_Computed_Aerodynamic_Lift_Force.png>
Package pdftex.def Info: Chap_5/Figures/MultiFrequency_Study_1/Procedure_Explanation/3_Computed_Aerodynamic_Lift_Force.png  used on input line 278.
(pdftex.def)             Requested size: 452.9679pt x 75.84526pt.
<Chap_5/Figures/MultiFrequency_Study_1/Procedure_Explanation/3_DFT_LiftForce_Superposition_Case_4.png, id=113, 660.5478pt x 338.9463pt>
File: Chap_5/Figures/MultiFrequency_Study_1/Procedure_Explanation/3_DFT_LiftForce_Superposition_Case_4.png Graphic file (type png)
<use Chap_5/Figures/MultiFrequency_Study_1/Procedure_Explanation/3_DFT_LiftForce_Superposition_Case_4.png>
Package pdftex.def Info: Chap_5/Figures/MultiFrequency_Study_1/Procedure_Explanation/3_DFT_LiftForce_Superposition_Case_4.png  used on input line 288.
(pdftex.def)             Requested size: 452.9679pt x 232.43541pt.
 [5 <d:/1.TUM courses/Masters Thesis/Report_Latex/Chap_5/Chap_5/Figures/MultiFrequency_Study_1/Procedure_Explanation/2_Individual_Component_ForcedMotion.PNG> <d:/1.TUM courses/Masters Thesis/Report_Latex/Chap_5/Chap_5/Figures/MultiFrequency_Study_1/Procedure_Explanation/2_Superimposed_ForcedMotion.png>] [6 <d:/1.TUM courses/Masters Thesis/Report_Latex/Chap_5/Chap_5/Figures/MultiFrequency_Study_1/Procedure_Explanation/3_Computed_Aerodynamic_Lift_Force.png> <d:/1.TUM courses/Masters Thesis/Report_Latex/Chap_5/Chap_5/Figures/MultiFrequency_Study_1/Procedure_Explanation/3_DFT_LiftForce_Superposition_Case_4.png>]
<Chap_5/Figures/MultiFrequency_Study_1/Procedure_Explanation/3_Individual_Harmonic_Lift_Force.png, id=136, 3584.39125pt x 2398.9625pt>
File: Chap_5/Figures/MultiFrequency_Study_1/Procedure_Explanation/3_Individual_Harmonic_Lift_Force.png Graphic file (type png)
<use Chap_5/Figures/MultiFrequency_Study_1/Procedure_Explanation/3_Individual_Harmonic_Lift_Force.png>
Package pdftex.def Info: Chap_5/Figures/MultiFrequency_Study_1/Procedure_Explanation/3_Individual_Harmonic_Lift_Force.png  used on input line 304.
(pdftex.def)             Requested size: 452.9679pt x 303.12744pt.
<Chap_5/Figures/MultiFrequency_Study_1/Procedure_Explanation/4_Computed_Aerodynamic_Moment.png, id=137, 3584.39125pt x 600.2425pt>
File: Chap_5/Figures/MultiFrequency_Study_1/Procedure_Explanation/4_Computed_Aerodynamic_Moment.png Graphic file (type png)
<use Chap_5/Figures/MultiFrequency_Study_1/Procedure_Explanation/4_Computed_Aerodynamic_Moment.png>
Package pdftex.def Info: Chap_5/Figures/MultiFrequency_Study_1/Procedure_Explanation/4_Computed_Aerodynamic_Moment.png  used on input line 311.
(pdftex.def)             Requested size: 452.9679pt x 75.84526pt.
<Chap_5/Figures/MultiFrequency_Study_1/Procedure_Explanation/4_DFT_Moment_Superposition_Case_4.png, id=138, 653.0799pt x 338.9463pt>
File: Chap_5/Figures/MultiFrequency_Study_1/Procedure_Explanation/4_DFT_Moment_Superposition_Case_4.png Graphic file (type png)
<use Chap_5/Figures/MultiFrequency_Study_1/Procedure_Explanation/4_DFT_Moment_Superposition_Case_4.png>
Package pdftex.def Info: Chap_5/Figures/MultiFrequency_Study_1/Procedure_Explanation/4_DFT_Moment_Superposition_Case_4.png  used on input line 318.
(pdftex.def)             Requested size: 452.9679pt x 235.09377pt.
<Chap_5/Figures/MultiFrequency_Study_1/Procedure_Explanation/4_Individual_Harmonic_Moment.png, id=139, 3584.39125pt x 2413.015pt>
File: Chap_5/Figures/MultiFrequency_Study_1/Procedure_Explanation/4_Individual_Harmonic_Moment.png Graphic file (type png)
<use Chap_5/Figures/MultiFrequency_Study_1/Procedure_Explanation/4_Individual_Harmonic_Moment.png>
Package pdftex.def Info: Chap_5/Figures/MultiFrequency_Study_1/Procedure_Explanation/4_Individual_Harmonic_Moment.png  used on input line 325.
(pdftex.def)             Requested size: 452.9679pt x 304.90308pt.

Overfull \hbox (19.97154pt too wide) in paragraph at lines 334--348
 [][] 
 []

[7 <d:/1.TUM courses/Masters Thesis/Report_Latex/Chap_5/Chap_5/Figures/MultiFrequency_Study_1/Procedure_Explanation/3_Individual_Harmonic_Lift_Force.png> <d:/1.TUM courses/Masters Thesis/Report_Latex/Chap_5/Chap_5/Figures/MultiFrequency_Study_1/Procedure_Explanation/4_Computed_Aerodynamic_Moment.png>] [8 <d:/1.TUM courses/Masters Thesis/Report_Latex/Chap_5/Chap_5/Figures/MultiFrequency_Study_1/Procedure_Explanation/4_DFT_Moment_Superposition_Case_4.png> <d:/1.TUM courses/Masters Thesis/Report_Latex/Chap_5/Chap_5/Figures/MultiFrequency_Study_1/Procedure_Explanation/4_Individual_Harmonic_Moment.png>]
<Chap_5/Figures/MultiFrequency_Study_1/Combined_Flutter_Derivative.png, id=157, 616.704pt x 713.3049pt>
File: Chap_5/Figures/MultiFrequency_Study_1/Combined_Flutter_Derivative.png Graphic file (type png)
<use Chap_5/Figures/MultiFrequency_Study_1/Combined_Flutter_Derivative.png>
Package pdftex.def Info: Chap_5/Figures/MultiFrequency_Study_1/Combined_Flutter_Derivative.png  used on input line 354.
(pdftex.def)             Requested size: 452.9679pt x 523.92996pt.
 [9] [10 <d:/1.TUM courses/Masters Thesis/Report_Latex/Chap_5/Chap_5/Figures/MultiFrequency_Study_1/Combined_Flutter_Derivative.png>]

LaTeX Warning: Reference `app:amp_phase_errors' on page 11 undefined on input line 388.


LaTeX Warning: Citation `' on page 11 undefined on input line 405.

<Chap_5/Figures/MultiFrequency_Study_1/Combined_Amplitude_Errors.png, id=172, 1003.1076pt x 569.4876pt>
File: Chap_5/Figures/MultiFrequency_Study_1/Combined_Amplitude_Errors.png Graphic file (type png)
<use Chap_5/Figures/MultiFrequency_Study_1/Combined_Amplitude_Errors.png>
Package pdftex.def Info: Chap_5/Figures/MultiFrequency_Study_1/Combined_Amplitude_Errors.png  used on input line 412.
(pdftex.def)             Requested size: 452.9679pt x 257.16208pt.
[11 <d:/1.TUM courses/Masters Thesis/Report_Latex/Chap_5/Chap_5/Figures/MultiFrequency_Study_1/Combined_Amplitude_Errors.png>]
<Chap_5/Figures/MultiFrequency_Study_1/Combined_Phase_Errors.png, id=180, 1003.1076pt x 569.4876pt>
File: Chap_5/Figures/MultiFrequency_Study_1/Combined_Phase_Errors.png Graphic file (type png)
<use Chap_5/Figures/MultiFrequency_Study_1/Combined_Phase_Errors.png>
Package pdftex.def Info: Chap_5/Figures/MultiFrequency_Study_1/Combined_Phase_Errors.png  used on input line 422.
(pdftex.def)             Requested size: 452.9679pt x 257.16208pt.


LaTeX Warning: Reference `fig:Compiled_Displacement_Vs_Force' on page 12 undefined on input line 428.

<Chap_5/Figures/MultiFrequency_Study_1/Compressed_Displacement_Vs_Force/Heave/NormalizedLiftForce_vs_Superpositions_RelativeToFirst.png, id=183, 722.7pt x 433.62pt>
File: Chap_5/Figures/MultiFrequency_Study_1/Compressed_Displacement_Vs_Force/Heave/NormalizedLiftForce_vs_Superpositions_RelativeToFirst.png Graphic file (type png)
<use Chap_5/Figures/MultiFrequency_Study_1/Compressed_Displacement_Vs_Force/Heave/NormalizedLiftForce_vs_Superpositions_RelativeToFirst.png>
Package pdftex.def Info: Chap_5/Figures/MultiFrequency_Study_1/Compressed_Displacement_Vs_Force/Heave/NormalizedLiftForce_vs_Superpositions_RelativeToFirst.png  used on input line 457.
(pdftex.def)             Requested size: 203.83417pt x 122.29938pt.
<Chap_5/Figures/MultiFrequency_Study_1/Compressed_Displacement_Vs_Force/Pitch/NormalizedLiftForce_vs_Superpositions_RelativeToFirst.png, id=184, 722.7pt x 433.62pt>
File: Chap_5/Figures/MultiFrequency_Study_1/Compressed_Displacement_Vs_Force/Pitch/NormalizedLiftForce_vs_Superpositions_RelativeToFirst.png Graphic file (type png)
<use Chap_5/Figures/MultiFrequency_Study_1/Compressed_Displacement_Vs_Force/Pitch/NormalizedLiftForce_vs_Superpositions_RelativeToFirst.png>
Package pdftex.def Info: Chap_5/Figures/MultiFrequency_Study_1/Compressed_Displacement_Vs_Force/Pitch/NormalizedLiftForce_vs_Superpositions_RelativeToFirst.png  used on input line 464.
(pdftex.def)             Requested size: 203.83417pt x 122.29938pt.
<Chap_5/Figures/MultiFrequency_Study_1/Compressed_Displacement_Vs_Force/Heave/PhaseLiftForce_vs_Superpositions_RelativeToFirst.png, id=185, 722.7pt x 433.62pt>
File: Chap_5/Figures/MultiFrequency_Study_1/Compressed_Displacement_Vs_Force/Heave/PhaseLiftForce_vs_Superpositions_RelativeToFirst.png Graphic file (type png)
<use Chap_5/Figures/MultiFrequency_Study_1/Compressed_Displacement_Vs_Force/Heave/PhaseLiftForce_vs_Superpositions_RelativeToFirst.png>
Package pdftex.def Info: Chap_5/Figures/MultiFrequency_Study_1/Compressed_Displacement_Vs_Force/Heave/PhaseLiftForce_vs_Superpositions_RelativeToFirst.png  used on input line 471.
(pdftex.def)             Requested size: 203.83417pt x 122.29938pt.
<Chap_5/Figures/MultiFrequency_Study_1/Compressed_Displacement_Vs_Force/Pitch/PhaseLiftForce_vs_Superpositions_RelativeToFirst.png, id=186, 722.7pt x 433.62pt>
File: Chap_5/Figures/MultiFrequency_Study_1/Compressed_Displacement_Vs_Force/Pitch/PhaseLiftForce_vs_Superpositions_RelativeToFirst.png Graphic file (type png)
<use Chap_5/Figures/MultiFrequency_Study_1/Compressed_Displacement_Vs_Force/Pitch/PhaseLiftForce_vs_Superpositions_RelativeToFirst.png>
Package pdftex.def Info: Chap_5/Figures/MultiFrequency_Study_1/Compressed_Displacement_Vs_Force/Pitch/PhaseLiftForce_vs_Superpositions_RelativeToFirst.png  used on input line 478.
(pdftex.def)             Requested size: 203.83417pt x 122.29938pt.
<Chap_5/Figures/MultiFrequency_Study_1/Compressed_Displacement_Vs_Force/Heave/NormalizedMoment_vs_Superpositions_RelativeToFirst.png, id=187, 722.7pt x 433.62pt>
File: Chap_5/Figures/MultiFrequency_Study_1/Compressed_Displacement_Vs_Force/Heave/NormalizedMoment_vs_Superpositions_RelativeToFirst.png Graphic file (type png)
<use Chap_5/Figures/MultiFrequency_Study_1/Compressed_Displacement_Vs_Force/Heave/NormalizedMoment_vs_Superpositions_RelativeToFirst.png>
Package pdftex.def Info: Chap_5/Figures/MultiFrequency_Study_1/Compressed_Displacement_Vs_Force/Heave/NormalizedMoment_vs_Superpositions_RelativeToFirst.png  used on input line 485.
(pdftex.def)             Requested size: 203.83417pt x 122.29938pt.
<Chap_5/Figures/MultiFrequency_Study_1/Compressed_Displacement_Vs_Force/Pitch/NormalizedMoment_vs_Superpositions_RelativeToFirst.png, id=188, 722.7pt x 433.62pt>
File: Chap_5/Figures/MultiFrequency_Study_1/Compressed_Displacement_Vs_Force/Pitch/NormalizedMoment_vs_Superpositions_RelativeToFirst.png Graphic file (type png)
<use Chap_5/Figures/MultiFrequency_Study_1/Compressed_Displacement_Vs_Force/Pitch/NormalizedMoment_vs_Superpositions_RelativeToFirst.png>
Package pdftex.def Info: Chap_5/Figures/MultiFrequency_Study_1/Compressed_Displacement_Vs_Force/Pitch/NormalizedMoment_vs_Superpositions_RelativeToFirst.png  used on input line 492.
(pdftex.def)             Requested size: 203.83417pt x 122.29938pt.
<Chap_5/Figures/MultiFrequency_Study_1/Compressed_Displacement_Vs_Force/Heave/PhaseMoment_vs_Superpositions_RelativeToFirst.png, id=189, 722.7pt x 433.62pt>
File: Chap_5/Figures/MultiFrequency_Study_1/Compressed_Displacement_Vs_Force/Heave/PhaseMoment_vs_Superpositions_RelativeToFirst.png Graphic file (type png)
<use Chap_5/Figures/MultiFrequency_Study_1/Compressed_Displacement_Vs_Force/Heave/PhaseMoment_vs_Superpositions_RelativeToFirst.png>
Package pdftex.def Info: Chap_5/Figures/MultiFrequency_Study_1/Compressed_Displacement_Vs_Force/Heave/PhaseMoment_vs_Superpositions_RelativeToFirst.png  used on input line 499.
(pdftex.def)             Requested size: 203.83417pt x 122.29938pt.
<Chap_5/Figures/MultiFrequency_Study_1/Compressed_Displacement_Vs_Force/Pitch/PhaseMoment_vs_Superpositions_RelativeToFirst.png, id=190, 722.7pt x 433.62pt>
File: Chap_5/Figures/MultiFrequency_Study_1/Compressed_Displacement_Vs_Force/Pitch/PhaseMoment_vs_Superpositions_RelativeToFirst.png Graphic file (type png)
<use Chap_5/Figures/MultiFrequency_Study_1/Compressed_Displacement_Vs_Force/Pitch/PhaseMoment_vs_Superpositions_RelativeToFirst.png>
Package pdftex.def Info: Chap_5/Figures/MultiFrequency_Study_1/Compressed_Displacement_Vs_Force/Pitch/PhaseMoment_vs_Superpositions_RelativeToFirst.png  used on input line 506.
(pdftex.def)             Requested size: 203.83417pt x 122.29938pt.
[12 <d:/1.TUM courses/Masters Thesis/Report_Latex/Chap_5/Chap_5/Figures/MultiFrequency_Study_1/Combined_Phase_Errors.png>] [13 <d:/1.TUM courses/Masters Thesis/Report_Latex/Chap_5/Chap_5/Figures/MultiFrequency_Study_1/Compressed_Displacement_Vs_Force/Heave/NormalizedLiftForce_vs_Superpositions_RelativeToFirst.png> <d:/1.TUM courses/Masters Thesis/Report_Latex/Chap_5/Chap_5/Figures/MultiFrequency_Study_1/Compressed_Displacement_Vs_Force/Pitch/NormalizedLiftForce_vs_Superpositions_RelativeToFirst.png> <d:/1.TUM courses/Masters Thesis/Report_Latex/Chap_5/Chap_5/Figures/MultiFrequency_Study_1/Compressed_Displacement_Vs_Force/Heave/PhaseLiftForce_vs_Superpositions_RelativeToFirst.png> <d:/1.TUM courses/Masters Thesis/Report_Latex/Chap_5/Chap_5/Figures/MultiFrequency_Study_1/Compressed_Displacement_Vs_Force/Pitch/PhaseLiftForce_vs_Superpositions_RelativeToFirst.png> <d:/1.TUM courses/Masters Thesis/Report_Latex/Chap_5/Chap_5/Figures/MultiFrequency_Study_1/Compressed_Displacement_Vs_Force/Heave/NormalizedMoment_vs_Superpositions_RelativeToFirst.png> <d:/1.TUM courses/Masters Thesis/Report_Latex/Chap_5/Chap_5/Figures/MultiFrequency_Study_1/Compressed_Displacement_Vs_Force/Pitch/NormalizedMoment_vs_Superpositions_RelativeToFirst.png> <d:/1.TUM courses/Masters Thesis/Report_Latex/Chap_5/Chap_5/Figures/MultiFrequency_Study_1/Compressed_Displacement_Vs_Force/Heave/PhaseMoment_vs_Superpositions_RelativeToFirst.png> <d:/1.TUM courses/Masters Thesis/Report_Latex/Chap_5/Chap_5/Figures/MultiFrequency_Study_1/Compressed_Displacement_Vs_Force/Pitch/PhaseMoment_vs_Superpositions_RelativeToFirst.png>]
<Chap_5/Figures/MultiFrequency_Study_1/Frequency_Domain_Analysis/Heave/DFT_LiftForce_Superposition_Case_1.png, id=212, 637.1805pt x 338.9463pt>
File: Chap_5/Figures/MultiFrequency_Study_1/Frequency_Domain_Analysis/Heave/DFT_LiftForce_Superposition_Case_1.png Graphic file (type png)
<use Chap_5/Figures/MultiFrequency_Study_1/Frequency_Domain_Analysis/Heave/DFT_LiftForce_Superposition_Case_1.png>
Package pdftex.def Info: Chap_5/Figures/MultiFrequency_Study_1/Frequency_Domain_Analysis/Heave/DFT_LiftForce_Superposition_Case_1.png  used on input line 540.
(pdftex.def)             Requested size: 203.83417pt x 108.42882pt.
<Chap_5/Figures/MultiFrequency_Study_1/Frequency_Domain_Analysis/Heave/DFT_Moment_Superposition_Case_1.png, id=213, 630.6762pt x 338.9463pt>
File: Chap_5/Figures/MultiFrequency_Study_1/Frequency_Domain_Analysis/Heave/DFT_Moment_Superposition_Case_1.png Graphic file (type png)
<use Chap_5/Figures/MultiFrequency_Study_1/Frequency_Domain_Analysis/Heave/DFT_Moment_Superposition_Case_1.png>
Package pdftex.def Info: Chap_5/Figures/MultiFrequency_Study_1/Frequency_Domain_Analysis/Heave/DFT_Moment_Superposition_Case_1.png  used on input line 547.
(pdftex.def)             Requested size: 203.83417pt x 109.54596pt.
<Chap_5/Figures/MultiFrequency_Study_1/Frequency_Domain_Analysis/Heave/DFT_LiftForce_Superposition_Case_2.png, id=214, 637.1805pt x 338.9463pt>
File: Chap_5/Figures/MultiFrequency_Study_1/Frequency_Domain_Analysis/Heave/DFT_LiftForce_Superposition_Case_2.png Graphic file (type png)
<use Chap_5/Figures/MultiFrequency_Study_1/Frequency_Domain_Analysis/Heave/DFT_LiftForce_Superposition_Case_2.png>
Package pdftex.def Info: Chap_5/Figures/MultiFrequency_Study_1/Frequency_Domain_Analysis/Heave/DFT_LiftForce_Superposition_Case_2.png  used on input line 554.
(pdftex.def)             Requested size: 203.83417pt x 108.42882pt.
<Chap_5/Figures/MultiFrequency_Study_1/Frequency_Domain_Analysis/Heave/DFT_Moment_Superposition_Case_2.png, id=215, 630.6762pt x 338.9463pt>
File: Chap_5/Figures/MultiFrequency_Study_1/Frequency_Domain_Analysis/Heave/DFT_Moment_Superposition_Case_2.png Graphic file (type png)
<use Chap_5/Figures/MultiFrequency_Study_1/Frequency_Domain_Analysis/Heave/DFT_Moment_Superposition_Case_2.png>
Package pdftex.def Info: Chap_5/Figures/MultiFrequency_Study_1/Frequency_Domain_Analysis/Heave/DFT_Moment_Superposition_Case_2.png  used on input line 561.
(pdftex.def)             Requested size: 203.83417pt x 109.54596pt.
<Chap_5/Figures/MultiFrequency_Study_1/Frequency_Domain_Analysis/Heave/DFT_LiftForce_Superposition_Case_3.png, id=216, 639.5895pt x 338.9463pt>
File: Chap_5/Figures/MultiFrequency_Study_1/Frequency_Domain_Analysis/Heave/DFT_LiftForce_Superposition_Case_3.png Graphic file (type png)
<use Chap_5/Figures/MultiFrequency_Study_1/Frequency_Domain_Analysis/Heave/DFT_LiftForce_Superposition_Case_3.png>
Package pdftex.def Info: Chap_5/Figures/MultiFrequency_Study_1/Frequency_Domain_Analysis/Heave/DFT_LiftForce_Superposition_Case_3.png  used on input line 568.
(pdftex.def)             Requested size: 203.83417pt x 108.02025pt.
<Chap_5/Figures/MultiFrequency_Study_1/Frequency_Domain_Analysis/Heave/DFT_Moment_Superposition_Case_3.png, id=217, 632.1216pt x 338.9463pt>
File: Chap_5/Figures/MultiFrequency_Study_1/Frequency_Domain_Analysis/Heave/DFT_Moment_Superposition_Case_3.png Graphic file (type png)
<use Chap_5/Figures/MultiFrequency_Study_1/Frequency_Domain_Analysis/Heave/DFT_Moment_Superposition_Case_3.png>
Package pdftex.def Info: Chap_5/Figures/MultiFrequency_Study_1/Frequency_Domain_Analysis/Heave/DFT_Moment_Superposition_Case_3.png  used on input line 575.
(pdftex.def)             Requested size: 203.83417pt x 109.2977pt.
<Chap_5/Figures/MultiFrequency_Study_1/Frequency_Domain_Analysis/Heave/DFT_LiftForce_Superposition_Case_4.png, id=218, 660.5478pt x 338.9463pt>
File: Chap_5/Figures/MultiFrequency_Study_1/Frequency_Domain_Analysis/Heave/DFT_LiftForce_Superposition_Case_4.png Graphic file (type png)
<use Chap_5/Figures/MultiFrequency_Study_1/Frequency_Domain_Analysis/Heave/DFT_LiftForce_Superposition_Case_4.png>
Package pdftex.def Info: Chap_5/Figures/MultiFrequency_Study_1/Frequency_Domain_Analysis/Heave/DFT_LiftForce_Superposition_Case_4.png  used on input line 582.
(pdftex.def)             Requested size: 203.83417pt x 104.59128pt.
<Chap_5/Figures/MultiFrequency_Study_1/Frequency_Domain_Analysis/Heave/DFT_Moment_Superposition_Case_4.png, id=219, 653.0799pt x 338.9463pt>
File: Chap_5/Figures/MultiFrequency_Study_1/Frequency_Domain_Analysis/Heave/DFT_Moment_Superposition_Case_4.png Graphic file (type png)
<use Chap_5/Figures/MultiFrequency_Study_1/Frequency_Domain_Analysis/Heave/DFT_Moment_Superposition_Case_4.png>
Package pdftex.def Info: Chap_5/Figures/MultiFrequency_Study_1/Frequency_Domain_Analysis/Heave/DFT_Moment_Superposition_Case_4.png  used on input line 589.
(pdftex.def)             Requested size: 203.83417pt x 105.78598pt.
<Chap_5/Figures/MultiFrequency_Study_1/Frequency_Domain_Analysis/Pitch/DFT_LiftForce_Superposition_Case_1.png, id=220, 624.4128pt x 338.9463pt>
File: Chap_5/Figures/MultiFrequency_Study_1/Frequency_Domain_Analysis/Pitch/DFT_LiftForce_Superposition_Case_1.png Graphic file (type png)
<use Chap_5/Figures/MultiFrequency_Study_1/Frequency_Domain_Analysis/Pitch/DFT_LiftForce_Superposition_Case_1.png>
Package pdftex.def Info: Chap_5/Figures/MultiFrequency_Study_1/Frequency_Domain_Analysis/Pitch/DFT_LiftForce_Superposition_Case_1.png  used on input line 603.
(pdftex.def)             Requested size: 203.83417pt x 110.6424pt.
<Chap_5/Figures/MultiFrequency_Study_1/Frequency_Domain_Analysis/Pitch/DFT_Moment_Superposition_Case_1.png, id=221, 637.1805pt x 338.9463pt>
File: Chap_5/Figures/MultiFrequency_Study_1/Frequency_Domain_Analysis/Pitch/DFT_Moment_Superposition_Case_1.png Graphic file (type png)
<use Chap_5/Figures/MultiFrequency_Study_1/Frequency_Domain_Analysis/Pitch/DFT_Moment_Superposition_Case_1.png>
Package pdftex.def Info: Chap_5/Figures/MultiFrequency_Study_1/Frequency_Domain_Analysis/Pitch/DFT_Moment_Superposition_Case_1.png  used on input line 610.
(pdftex.def)             Requested size: 203.83417pt x 108.42882pt.
<Chap_5/Figures/MultiFrequency_Study_1/Frequency_Domain_Analysis/Pitch/DFT_LiftForce_Superposition_Case_2.png, id=222, 630.6762pt x 338.9463pt>
File: Chap_5/Figures/MultiFrequency_Study_1/Frequency_Domain_Analysis/Pitch/DFT_LiftForce_Superposition_Case_2.png Graphic file (type png)
<use Chap_5/Figures/MultiFrequency_Study_1/Frequency_Domain_Analysis/Pitch/DFT_LiftForce_Superposition_Case_2.png>
Package pdftex.def Info: Chap_5/Figures/MultiFrequency_Study_1/Frequency_Domain_Analysis/Pitch/DFT_LiftForce_Superposition_Case_2.png  used on input line 617.
(pdftex.def)             Requested size: 203.83417pt x 109.54596pt.
<Chap_5/Figures/MultiFrequency_Study_1/Frequency_Domain_Analysis/Pitch/DFT_Moment_Superposition_Case_2.png, id=223, 630.6762pt x 338.9463pt>
File: Chap_5/Figures/MultiFrequency_Study_1/Frequency_Domain_Analysis/Pitch/DFT_Moment_Superposition_Case_2.png Graphic file (type png)
<use Chap_5/Figures/MultiFrequency_Study_1/Frequency_Domain_Analysis/Pitch/DFT_Moment_Superposition_Case_2.png>
Package pdftex.def Info: Chap_5/Figures/MultiFrequency_Study_1/Frequency_Domain_Analysis/Pitch/DFT_Moment_Superposition_Case_2.png  used on input line 624.
(pdftex.def)             Requested size: 203.83417pt x 109.54596pt.
<Chap_5/Figures/MultiFrequency_Study_1/Frequency_Domain_Analysis/Pitch/DFT_LiftForce_Superposition_Case_3.png, id=224, 630.6762pt x 338.9463pt>
File: Chap_5/Figures/MultiFrequency_Study_1/Frequency_Domain_Analysis/Pitch/DFT_LiftForce_Superposition_Case_3.png Graphic file (type png)
<use Chap_5/Figures/MultiFrequency_Study_1/Frequency_Domain_Analysis/Pitch/DFT_LiftForce_Superposition_Case_3.png>
Package pdftex.def Info: Chap_5/Figures/MultiFrequency_Study_1/Frequency_Domain_Analysis/Pitch/DFT_LiftForce_Superposition_Case_3.png  used on input line 631.
(pdftex.def)             Requested size: 203.83417pt x 109.54596pt.
<Chap_5/Figures/MultiFrequency_Study_1/Frequency_Domain_Analysis/Pitch/DFT_Moment_Superposition_Case_3.png, id=225, 630.6762pt x 338.9463pt>
File: Chap_5/Figures/MultiFrequency_Study_1/Frequency_Domain_Analysis/Pitch/DFT_Moment_Superposition_Case_3.png Graphic file (type png)
<use Chap_5/Figures/MultiFrequency_Study_1/Frequency_Domain_Analysis/Pitch/DFT_Moment_Superposition_Case_3.png>
Package pdftex.def Info: Chap_5/Figures/MultiFrequency_Study_1/Frequency_Domain_Analysis/Pitch/DFT_Moment_Superposition_Case_3.png  used on input line 638.
(pdftex.def)             Requested size: 203.83417pt x 109.54596pt.
<Chap_5/Figures/MultiFrequency_Study_1/Frequency_Domain_Analysis/Pitch/DFT_LiftForce_Superposition_Case_4.png, id=226, 655.9707pt x 338.9463pt>
File: Chap_5/Figures/MultiFrequency_Study_1/Frequency_Domain_Analysis/Pitch/DFT_LiftForce_Superposition_Case_4.png Graphic file (type png)
<use Chap_5/Figures/MultiFrequency_Study_1/Frequency_Domain_Analysis/Pitch/DFT_LiftForce_Superposition_Case_4.png>
Package pdftex.def Info: Chap_5/Figures/MultiFrequency_Study_1/Frequency_Domain_Analysis/Pitch/DFT_LiftForce_Superposition_Case_4.png  used on input line 645.
(pdftex.def)             Requested size: 203.83417pt x 105.32051pt.
<Chap_5/Figures/MultiFrequency_Study_1/Frequency_Domain_Analysis/Pitch/DFT_Moment_Superposition_Case_4.png, id=227, 648.5028pt x 338.9463pt>
File: Chap_5/Figures/MultiFrequency_Study_1/Frequency_Domain_Analysis/Pitch/DFT_Moment_Superposition_Case_4.png Graphic file (type png)
<use Chap_5/Figures/MultiFrequency_Study_1/Frequency_Domain_Analysis/Pitch/DFT_Moment_Superposition_Case_4.png>
Package pdftex.def Info: Chap_5/Figures/MultiFrequency_Study_1/Frequency_Domain_Analysis/Pitch/DFT_Moment_Superposition_Case_4.png  used on input line 652.
(pdftex.def)             Requested size: 203.83417pt x 106.5359pt.
<Chap_5/Figures/MultiFrequency_Study_1/Heave_Pitch_Amplitude_Plots.png, id=229, 895.1844pt x 769.4346pt>
File: Chap_5/Figures/MultiFrequency_Study_1/Heave_Pitch_Amplitude_Plots.png Graphic file (type png)
<use Chap_5/Figures/MultiFrequency_Study_1/Heave_Pitch_Amplitude_Plots.png>
Package pdftex.def Info: Chap_5/Figures/MultiFrequency_Study_1/Heave_Pitch_Amplitude_Plots.png  used on input line 683.
(pdftex.def)             Requested size: 452.9679pt x 389.34215pt.
 [14] [15 <d:/1.TUM courses/Masters Thesis/Report_Latex/Chap_5/Chap_5/Figures/MultiFrequency_Study_1/Frequency_Domain_Analysis/Heave/DFT_LiftForce_Superposition_Case_1.png> <d:/1.TUM courses/Masters Thesis/Report_Latex/Chap_5/Chap_5/Figures/MultiFrequency_Study_1/Frequency_Domain_Analysis/Heave/DFT_Moment_Superposition_Case_1.png> <d:/1.TUM courses/Masters Thesis/Report_Latex/Chap_5/Chap_5/Figures/MultiFrequency_Study_1/Frequency_Domain_Analysis/Heave/DFT_LiftForce_Superposition_Case_2.png> <d:/1.TUM courses/Masters Thesis/Report_Latex/Chap_5/Chap_5/Figures/MultiFrequency_Study_1/Frequency_Domain_Analysis/Heave/DFT_Moment_Superposition_Case_2.png> <d:/1.TUM courses/Masters Thesis/Report_Latex/Chap_5/Chap_5/Figures/MultiFrequency_Study_1/Frequency_Domain_Analysis/Heave/DFT_LiftForce_Superposition_Case_3.png> <d:/1.TUM courses/Masters Thesis/Report_Latex/Chap_5/Chap_5/Figures/MultiFrequency_Study_1/Frequency_Domain_Analysis/Heave/DFT_Moment_Superposition_Case_3.png> <d:/1.TUM courses/Masters Thesis/Report_Latex/Chap_5/Chap_5/Figures/MultiFrequency_Study_1/Frequency_Domain_Analysis/Heave/DFT_LiftForce_Superposition_Case_4.png> <d:/1.TUM courses/Masters Thesis/Report_Latex/Chap_5/Chap_5/Figures/MultiFrequency_Study_1/Frequency_Domain_Analysis/Heave/DFT_Moment_Superposition_Case_4.png>] [16 <d:/1.TUM courses/Masters Thesis/Report_Latex/Chap_5/Chap_5/Figures/MultiFrequency_Study_1/Frequency_Domain_Analysis/Pitch/DFT_LiftForce_Superposition_Case_1.png> <d:/1.TUM courses/Masters Thesis/Report_Latex/Chap_5/Chap_5/Figures/MultiFrequency_Study_1/Frequency_Domain_Analysis/Pitch/DFT_Moment_Superposition_Case_1.png> <d:/1.TUM courses/Masters Thesis/Report_Latex/Chap_5/Chap_5/Figures/MultiFrequency_Study_1/Frequency_Domain_Analysis/Pitch/DFT_LiftForce_Superposition_Case_2.png> <d:/1.TUM courses/Masters Thesis/Report_Latex/Chap_5/Chap_5/Figures/MultiFrequency_Study_1/Frequency_Domain_Analysis/Pitch/DFT_Moment_Superposition_Case_2.png> <d:/1.TUM courses/Masters Thesis/Report_Latex/Chap_5/Chap_5/Figures/MultiFrequency_Study_1/Frequency_Domain_Analysis/Pitch/DFT_LiftForce_Superposition_Case_3.png> <d:/1.TUM courses/Masters Thesis/Report_Latex/Chap_5/Chap_5/Figures/MultiFrequency_Study_1/Frequency_Domain_Analysis/Pitch/DFT_Moment_Superposition_Case_3.png> <d:/1.TUM courses/Masters Thesis/Report_Latex/Chap_5/Chap_5/Figures/MultiFrequency_Study_1/Frequency_Domain_Analysis/Pitch/DFT_LiftForce_Superposition_Case_4.png> <d:/1.TUM courses/Masters Thesis/Report_Latex/Chap_5/Chap_5/Figures/MultiFrequency_Study_1/Frequency_Domain_Analysis/Pitch/DFT_Moment_Superposition_Case_4.png>] [17 <./Chap_5/Figures/MultiFrequency_Study_1/Heave_Pitch_Amplitude_Plots.png>]

LaTeX Warning: Reference `tab:bridge_configs' on page 18 undefined on input line 696.

<Chap_5/Figures/MultiFrequency_Study_1/CriticalVelocity_vs_Number_of_Superpositions.png, id=268, 722.7pt x 433.62pt>
File: Chap_5/Figures/MultiFrequency_Study_1/CriticalVelocity_vs_Number_of_Superpositions.png Graphic file (type png)
<use Chap_5/Figures/MultiFrequency_Study_1/CriticalVelocity_vs_Number_of_Superpositions.png>
Package pdftex.def Info: Chap_5/Figures/MultiFrequency_Study_1/CriticalVelocity_vs_Number_of_Superpositions.png  used on input line 710.
(pdftex.def)             Requested size: 339.72592pt x 203.8345pt.
<Chap_5/Figures/MultiFrequency_Study_1/ReducedVelocity_vs_Number_of_Superpositions.png, id=269, 722.7pt x 433.62pt>
File: Chap_5/Figures/MultiFrequency_Study_1/ReducedVelocity_vs_Number_of_Superpositions.png Graphic file (type png)
<use Chap_5/Figures/MultiFrequency_Study_1/ReducedVelocity_vs_Number_of_Superpositions.png>
Package pdftex.def Info: Chap_5/Figures/MultiFrequency_Study_1/ReducedVelocity_vs_Number_of_Superpositions.png  used on input line 717.
(pdftex.def)             Requested size: 339.72592pt x 203.8345pt.
[18 <d:/1.TUM courses/Masters Thesis/Report_Latex/Chap_5/Chap_5/Figures/MultiFrequency_Study_1/CriticalVelocity_vs_Number_of_Superpositions.png> <d:/1.TUM courses/Masters Thesis/Report_Latex/Chap_5/Chap_5/Figures/MultiFrequency_Study_1/ReducedVelocity_vs_Number_of_Superpositions.png>]

LaTeX Warning: Reference `sec:freq_selection' on page 19 undefined on input line 744.


Overfull \hbox (35.0658pt too wide) in paragraph at lines 750--760
 [][] 
 []

<Chap_5/Figures/MultiFrequency_Study_2/Combined_Flutter_Derivative.png, id=279, 616.704pt x 716.4366pt>
File: Chap_5/Figures/MultiFrequency_Study_2/Combined_Flutter_Derivative.png Graphic file (type png)
<use Chap_5/Figures/MultiFrequency_Study_2/Combined_Flutter_Derivative.png>
Package pdftex.def Info: Chap_5/Figures/MultiFrequency_Study_2/Combined_Flutter_Derivative.png  used on input line 766.
(pdftex.def)             Requested size: 452.9679pt x 526.23022pt.
[19] [20 <d:/1.TUM courses/Masters Thesis/Report_Latex/Chap_5/Chap_5/Figures/MultiFrequency_Study_2/Combined_Flutter_Derivative.png>]
<Chap_5/Figures/MultiFrequency_Study_2/Combined_Amplitude_Errors.png, id=294, 1003.1076pt x 569.4876pt>
File: Chap_5/Figures/MultiFrequency_Study_2/Combined_Amplitude_Errors.png Graphic file (type png)
<use Chap_5/Figures/MultiFrequency_Study_2/Combined_Amplitude_Errors.png>
Package pdftex.def Info: Chap_5/Figures/MultiFrequency_Study_2/Combined_Amplitude_Errors.png  used on input line 788.
(pdftex.def)             Requested size: 452.9679pt x 257.16208pt.
<Chap_5/Figures/MultiFrequency_Study_2/Combined_Phase_Errors.png, id=295, 1003.1076pt x 569.4876pt>
File: Chap_5/Figures/MultiFrequency_Study_2/Combined_Phase_Errors.png Graphic file (type png)
<use Chap_5/Figures/MultiFrequency_Study_2/Combined_Phase_Errors.png>
Package pdftex.def Info: Chap_5/Figures/MultiFrequency_Study_2/Combined_Phase_Errors.png  used on input line 795.
(pdftex.def)             Requested size: 452.9679pt x 257.16208pt.
 [21 <./Chap_5/Figures/MultiFrequency_Study_2/Combined_Amplitude_Errors.png>]
<Chap_5/Figures/MultiFrequency_Study_2/Frequency_Domain_Analysis/Heave/DFT_LiftForce_Superposition_Case_1.png, id=303, 637.1805pt x 338.9463pt>
File: Chap_5/Figures/MultiFrequency_Study_2/Frequency_Domain_Analysis/Heave/DFT_LiftForce_Superposition_Case_1.png Graphic file (type png)
<use Chap_5/Figures/MultiFrequency_Study_2/Frequency_Domain_Analysis/Heave/DFT_LiftForce_Superposition_Case_1.png>
Package pdftex.def Info: Chap_5/Figures/MultiFrequency_Study_2/Frequency_Domain_Analysis/Heave/DFT_LiftForce_Superposition_Case_1.png  used on input line 812.
(pdftex.def)             Requested size: 203.83417pt x 108.42882pt.
<Chap_5/Figures/MultiFrequency_Study_2/Frequency_Domain_Analysis/Heave/DFT_Moment_Superposition_Case_1.png, id=304, 630.6762pt x 338.9463pt>
File: Chap_5/Figures/MultiFrequency_Study_2/Frequency_Domain_Analysis/Heave/DFT_Moment_Superposition_Case_1.png Graphic file (type png)
<use Chap_5/Figures/MultiFrequency_Study_2/Frequency_Domain_Analysis/Heave/DFT_Moment_Superposition_Case_1.png>
Package pdftex.def Info: Chap_5/Figures/MultiFrequency_Study_2/Frequency_Domain_Analysis/Heave/DFT_Moment_Superposition_Case_1.png  used on input line 819.
(pdftex.def)             Requested size: 203.83417pt x 109.54596pt.
<Chap_5/Figures/MultiFrequency_Study_2/Frequency_Domain_Analysis/Heave/DFT_LiftForce_Superposition_Case_2.png, id=305, 630.6762pt x 338.9463pt>
File: Chap_5/Figures/MultiFrequency_Study_2/Frequency_Domain_Analysis/Heave/DFT_LiftForce_Superposition_Case_2.png Graphic file (type png)
<use Chap_5/Figures/MultiFrequency_Study_2/Frequency_Domain_Analysis/Heave/DFT_LiftForce_Superposition_Case_2.png>
Package pdftex.def Info: Chap_5/Figures/MultiFrequency_Study_2/Frequency_Domain_Analysis/Heave/DFT_LiftForce_Superposition_Case_2.png  used on input line 826.
(pdftex.def)             Requested size: 203.83417pt x 109.54596pt.
<Chap_5/Figures/MultiFrequency_Study_2/Frequency_Domain_Analysis/Heave/DFT_Moment_Superposition_Case_2.png, id=306, 630.6762pt x 338.9463pt>
File: Chap_5/Figures/MultiFrequency_Study_2/Frequency_Domain_Analysis/Heave/DFT_Moment_Superposition_Case_2.png Graphic file (type png)
<use Chap_5/Figures/MultiFrequency_Study_2/Frequency_Domain_Analysis/Heave/DFT_Moment_Superposition_Case_2.png>
Package pdftex.def Info: Chap_5/Figures/MultiFrequency_Study_2/Frequency_Domain_Analysis/Heave/DFT_Moment_Superposition_Case_2.png  used on input line 833.
(pdftex.def)             Requested size: 203.83417pt x 109.54596pt.
<Chap_5/Figures/MultiFrequency_Study_2/Frequency_Domain_Analysis/Heave/DFT_LiftForce_Superposition_Case_3.png, id=307, 633.0852pt x 338.9463pt>
File: Chap_5/Figures/MultiFrequency_Study_2/Frequency_Domain_Analysis/Heave/DFT_LiftForce_Superposition_Case_3.png Graphic file (type png)
<use Chap_5/Figures/MultiFrequency_Study_2/Frequency_Domain_Analysis/Heave/DFT_LiftForce_Superposition_Case_3.png>
Package pdftex.def Info: Chap_5/Figures/MultiFrequency_Study_2/Frequency_Domain_Analysis/Heave/DFT_LiftForce_Superposition_Case_3.png  used on input line 840.
(pdftex.def)             Requested size: 203.83417pt x 109.12703pt.
<Chap_5/Figures/MultiFrequency_Study_2/Frequency_Domain_Analysis/Heave/DFT_Moment_Superposition_Case_3.png, id=308, 632.1216pt x 338.9463pt>
File: Chap_5/Figures/MultiFrequency_Study_2/Frequency_Domain_Analysis/Heave/DFT_Moment_Superposition_Case_3.png Graphic file (type png)
<use Chap_5/Figures/MultiFrequency_Study_2/Frequency_Domain_Analysis/Heave/DFT_Moment_Superposition_Case_3.png>
Package pdftex.def Info: Chap_5/Figures/MultiFrequency_Study_2/Frequency_Domain_Analysis/Heave/DFT_Moment_Superposition_Case_3.png  used on input line 847.
(pdftex.def)             Requested size: 203.83417pt x 109.2977pt.
<Chap_5/Figures/MultiFrequency_Study_2/Frequency_Domain_Analysis/Heave/DFT_LiftForce_Superposition_Case_4.png, id=309, 654.2844pt x 338.9463pt>
File: Chap_5/Figures/MultiFrequency_Study_2/Frequency_Domain_Analysis/Heave/DFT_LiftForce_Superposition_Case_4.png Graphic file (type png)
<use Chap_5/Figures/MultiFrequency_Study_2/Frequency_Domain_Analysis/Heave/DFT_LiftForce_Superposition_Case_4.png>
Package pdftex.def Info: Chap_5/Figures/MultiFrequency_Study_2/Frequency_Domain_Analysis/Heave/DFT_LiftForce_Superposition_Case_4.png  used on input line 854.
(pdftex.def)             Requested size: 203.83417pt x 105.59462pt.
<Chap_5/Figures/MultiFrequency_Study_2/Frequency_Domain_Analysis/Heave/DFT_Moment_Superposition_Case_4.png, id=310, 653.0799pt x 338.9463pt>
File: Chap_5/Figures/MultiFrequency_Study_2/Frequency_Domain_Analysis/Heave/DFT_Moment_Superposition_Case_4.png Graphic file (type png)
<use Chap_5/Figures/MultiFrequency_Study_2/Frequency_Domain_Analysis/Heave/DFT_Moment_Superposition_Case_4.png>
Package pdftex.def Info: Chap_5/Figures/MultiFrequency_Study_2/Frequency_Domain_Analysis/Heave/DFT_Moment_Superposition_Case_4.png  used on input line 861.
(pdftex.def)             Requested size: 203.83417pt x 105.78598pt.
<Chap_5/Figures/MultiFrequency_Study_2/Frequency_Domain_Analysis/Pitch/DFT_LiftForce_Superposition_Case_1.png, id=312, 624.4128pt x 338.9463pt>
File: Chap_5/Figures/MultiFrequency_Study_2/Frequency_Domain_Analysis/Pitch/DFT_LiftForce_Superposition_Case_1.png Graphic file (type png)
<use Chap_5/Figures/MultiFrequency_Study_2/Frequency_Domain_Analysis/Pitch/DFT_LiftForce_Superposition_Case_1.png>
Package pdftex.def Info: Chap_5/Figures/MultiFrequency_Study_2/Frequency_Domain_Analysis/Pitch/DFT_LiftForce_Superposition_Case_1.png  used on input line 882.
(pdftex.def)             Requested size: 203.83417pt x 110.6424pt.
<Chap_5/Figures/MultiFrequency_Study_2/Frequency_Domain_Analysis/Pitch/DFT_Moment_Superposition_Case_1.png, id=313, 630.6762pt x 338.9463pt>
File: Chap_5/Figures/MultiFrequency_Study_2/Frequency_Domain_Analysis/Pitch/DFT_Moment_Superposition_Case_1.png Graphic file (type png)
<use Chap_5/Figures/MultiFrequency_Study_2/Frequency_Domain_Analysis/Pitch/DFT_Moment_Superposition_Case_1.png>
Package pdftex.def Info: Chap_5/Figures/MultiFrequency_Study_2/Frequency_Domain_Analysis/Pitch/DFT_Moment_Superposition_Case_1.png  used on input line 889.
(pdftex.def)             Requested size: 203.83417pt x 109.54596pt.
<Chap_5/Figures/MultiFrequency_Study_2/Frequency_Domain_Analysis/Pitch/DFT_LiftForce_Superposition_Case_2.png, id=314, 624.4128pt x 338.9463pt>
File: Chap_5/Figures/MultiFrequency_Study_2/Frequency_Domain_Analysis/Pitch/DFT_LiftForce_Superposition_Case_2.png Graphic file (type png)
<use Chap_5/Figures/MultiFrequency_Study_2/Frequency_Domain_Analysis/Pitch/DFT_LiftForce_Superposition_Case_2.png>
Package pdftex.def Info: Chap_5/Figures/MultiFrequency_Study_2/Frequency_Domain_Analysis/Pitch/DFT_LiftForce_Superposition_Case_2.png  used on input line 896.
(pdftex.def)             Requested size: 203.83417pt x 110.6424pt.
<Chap_5/Figures/MultiFrequency_Study_2/Frequency_Domain_Analysis/Pitch/DFT_Moment_Superposition_Case_2.png, id=315, 630.6762pt x 338.9463pt>
File: Chap_5/Figures/MultiFrequency_Study_2/Frequency_Domain_Analysis/Pitch/DFT_Moment_Superposition_Case_2.png Graphic file (type png)
<use Chap_5/Figures/MultiFrequency_Study_2/Frequency_Domain_Analysis/Pitch/DFT_Moment_Superposition_Case_2.png>
Package pdftex.def Info: Chap_5/Figures/MultiFrequency_Study_2/Frequency_Domain_Analysis/Pitch/DFT_Moment_Superposition_Case_2.png  used on input line 903.
(pdftex.def)             Requested size: 203.83417pt x 109.54596pt.
<Chap_5/Figures/MultiFrequency_Study_2/Frequency_Domain_Analysis/Pitch/DFT_LiftForce_Superposition_Case_3.png, id=316, 624.4128pt x 338.9463pt>
File: Chap_5/Figures/MultiFrequency_Study_2/Frequency_Domain_Analysis/Pitch/DFT_LiftForce_Superposition_Case_3.png Graphic file (type png)
<use Chap_5/Figures/MultiFrequency_Study_2/Frequency_Domain_Analysis/Pitch/DFT_LiftForce_Superposition_Case_3.png>
Package pdftex.def Info: Chap_5/Figures/MultiFrequency_Study_2/Frequency_Domain_Analysis/Pitch/DFT_LiftForce_Superposition_Case_3.png  used on input line 910.
(pdftex.def)             Requested size: 203.83417pt x 110.6424pt.
<Chap_5/Figures/MultiFrequency_Study_2/Frequency_Domain_Analysis/Pitch/DFT_Moment_Superposition_Case_3.png, id=317, 630.6762pt x 338.9463pt>
File: Chap_5/Figures/MultiFrequency_Study_2/Frequency_Domain_Analysis/Pitch/DFT_Moment_Superposition_Case_3.png Graphic file (type png)
<use Chap_5/Figures/MultiFrequency_Study_2/Frequency_Domain_Analysis/Pitch/DFT_Moment_Superposition_Case_3.png>
Package pdftex.def Info: Chap_5/Figures/MultiFrequency_Study_2/Frequency_Domain_Analysis/Pitch/DFT_Moment_Superposition_Case_3.png  used on input line 917.
(pdftex.def)             Requested size: 203.83417pt x 109.54596pt.
<Chap_5/Figures/MultiFrequency_Study_2/Frequency_Domain_Analysis/Pitch/DFT_LiftForce_Superposition_Case_4.png, id=318, 643.4439pt x 338.9463pt>
File: Chap_5/Figures/MultiFrequency_Study_2/Frequency_Domain_Analysis/Pitch/DFT_LiftForce_Superposition_Case_4.png Graphic file (type png)
<use Chap_5/Figures/MultiFrequency_Study_2/Frequency_Domain_Analysis/Pitch/DFT_LiftForce_Superposition_Case_4.png>
Package pdftex.def Info: Chap_5/Figures/MultiFrequency_Study_2/Frequency_Domain_Analysis/Pitch/DFT_LiftForce_Superposition_Case_4.png  used on input line 924.
(pdftex.def)             Requested size: 203.83417pt x 107.37376pt.
<Chap_5/Figures/MultiFrequency_Study_2/Frequency_Domain_Analysis/Pitch/DFT_Moment_Superposition_Case_4.png, id=319, 648.5028pt x 338.9463pt>
File: Chap_5/Figures/MultiFrequency_Study_2/Frequency_Domain_Analysis/Pitch/DFT_Moment_Superposition_Case_4.png Graphic file (type png)
<use Chap_5/Figures/MultiFrequency_Study_2/Frequency_Domain_Analysis/Pitch/DFT_Moment_Superposition_Case_4.png>
Package pdftex.def Info: Chap_5/Figures/MultiFrequency_Study_2/Frequency_Domain_Analysis/Pitch/DFT_Moment_Superposition_Case_4.png  used on input line 931.
(pdftex.def)             Requested size: 203.83417pt x 106.5359pt.
 [22 <./Chap_5/Figures/MultiFrequency_Study_2/Combined_Phase_Errors.png>] [23 <d:/1.TUM courses/Masters Thesis/Report_Latex/Chap_5/Chap_5/Figures/MultiFrequency_Study_2/Frequency_Domain_Analysis/Heave/DFT_LiftForce_Superposition_Case_1.png> <d:/1.TUM courses/Masters Thesis/Report_Latex/Chap_5/Chap_5/Figures/MultiFrequency_Study_2/Frequency_Domain_Analysis/Heave/DFT_Moment_Superposition_Case_1.png> <d:/1.TUM courses/Masters Thesis/Report_Latex/Chap_5/Chap_5/Figures/MultiFrequency_Study_2/Frequency_Domain_Analysis/Heave/DFT_LiftForce_Superposition_Case_2.png> <d:/1.TUM courses/Masters Thesis/Report_Latex/Chap_5/Chap_5/Figures/MultiFrequency_Study_2/Frequency_Domain_Analysis/Heave/DFT_Moment_Superposition_Case_2.png> <d:/1.TUM courses/Masters Thesis/Report_Latex/Chap_5/Chap_5/Figures/MultiFrequency_Study_2/Frequency_Domain_Analysis/Heave/DFT_LiftForce_Superposition_Case_3.png> <d:/1.TUM courses/Masters Thesis/Report_Latex/Chap_5/Chap_5/Figures/MultiFrequency_Study_2/Frequency_Domain_Analysis/Heave/DFT_Moment_Superposition_Case_3.png> <d:/1.TUM courses/Masters Thesis/Report_Latex/Chap_5/Chap_5/Figures/MultiFrequency_Study_2/Frequency_Domain_Analysis/Heave/DFT_LiftForce_Superposition_Case_4.png> <d:/1.TUM courses/Masters Thesis/Report_Latex/Chap_5/Chap_5/Figures/MultiFrequency_Study_2/Frequency_Domain_Analysis/Heave/DFT_Moment_Superposition_Case_4.png>] [24 <d:/1.TUM courses/Masters Thesis/Report_Latex/Chap_5/Chap_5/Figures/MultiFrequency_Study_2/Frequency_Domain_Analysis/Pitch/DFT_LiftForce_Superposition_Case_1.png> <d:/1.TUM courses/Masters Thesis/Report_Latex/Chap_5/Chap_5/Figures/MultiFrequency_Study_2/Frequency_Domain_Analysis/Pitch/DFT_Moment_Superposition_Case_1.png> <d:/1.TUM courses/Masters Thesis/Report_Latex/Chap_5/Chap_5/Figures/MultiFrequency_Study_2/Frequency_Domain_Analysis/Pitch/DFT_LiftForce_Superposition_Case_2.png> <d:/1.TUM courses/Masters Thesis/Report_Latex/Chap_5/Chap_5/Figures/MultiFrequency_Study_2/Frequency_Domain_Analysis/Pitch/DFT_Moment_Superposition_Case_2.png> <d:/1.TUM courses/Masters Thesis/Report_Latex/Chap_5/Chap_5/Figures/MultiFrequency_Study_2/Frequency_Domain_Analysis/Pitch/DFT_LiftForce_Superposition_Case_3.png> <d:/1.TUM courses/Masters Thesis/Report_Latex/Chap_5/Chap_5/Figures/MultiFrequency_Study_2/Frequency_Domain_Analysis/Pitch/DFT_Moment_Superposition_Case_3.png> <d:/1.TUM courses/Masters Thesis/Report_Latex/Chap_5/Chap_5/Figures/MultiFrequency_Study_2/Frequency_Domain_Analysis/Pitch/DFT_LiftForce_Superposition_Case_4.png> <d:/1.TUM courses/Masters Thesis/Report_Latex/Chap_5/Chap_5/Figures/MultiFrequency_Study_2/Frequency_Domain_Analysis/Pitch/DFT_Moment_Superposition_Case_4.png>]
<Chap_5/Figures/MultiFrequency_Study_2/CriticalVelocity_vs_Number_of_Superpositions.png, id=354, 722.7pt x 433.62pt>
File: Chap_5/Figures/MultiFrequency_Study_2/CriticalVelocity_vs_Number_of_Superpositions.png Graphic file (type png)
<use Chap_5/Figures/MultiFrequency_Study_2/CriticalVelocity_vs_Number_of_Superpositions.png>
Package pdftex.def Info: Chap_5/Figures/MultiFrequency_Study_2/CriticalVelocity_vs_Number_of_Superpositions.png  used on input line 958.
(pdftex.def)             Requested size: 339.72592pt x 203.8345pt.
<Chap_5/Figures/MultiFrequency_Study_2/ReducedVelocity_vs_Number_of_Superpositions.png, id=355, 722.7pt x 433.62pt>
File: Chap_5/Figures/MultiFrequency_Study_2/ReducedVelocity_vs_Number_of_Superpositions.png Graphic file (type png)
<use Chap_5/Figures/MultiFrequency_Study_2/ReducedVelocity_vs_Number_of_Superpositions.png>
Package pdftex.def Info: Chap_5/Figures/MultiFrequency_Study_2/ReducedVelocity_vs_Number_of_Superpositions.png  used on input line 965.
(pdftex.def)             Requested size: 339.72592pt x 203.8345pt.
 [25 <./Chap_5/Figures/MultiFrequency_Study_2/CriticalVelocity_vs_Number_of_Superpositions.png> <./Chap_5/Figures/MultiFrequency_Study_2/ReducedVelocity_vs_Number_of_Superpositions.png>]
<Chap_5/Figures/Simulation_Time.png, id=365, 409.311pt x 266.961pt>
File: Chap_5/Figures/Simulation_Time.png Graphic file (type png)
<use Chap_5/Figures/Simulation_Time.png>
Package pdftex.def Info: Chap_5/Figures/Simulation_Time.png  used on input line 990.
(pdftex.def)             Requested size: 452.9679pt x 295.4544pt.
 [26 <d:/1.TUM courses/Masters Thesis/Report_Latex/Chap_5/Chap_5/Figures/Simulation_Time.png>] [27] (d:\1.TUM courses\Masters Thesis\Report_Latex\Chap_5\Chapt_5.aux)
 ***********
LaTeX2e <2023-11-01> patch level 1
L3 programming layer <2024-01-04>
 ***********


LaTeX Warning: There were undefined references.

Package rerunfilecheck Info: File `Chapt_5.out' has not changed.
(rerunfilecheck)             Checksum: 1B886282155D3E3039BAE96F2551D177;4047.
 ) 
Here is how much of TeX's memory you used:
 12844 strings out of 476402
 246119 string characters out of 5794312
 1951542 words of memory out of 5000000
 34639 multiletter control sequences out of 15000+600000
 565216 words of font info for 62 fonts, out of 8000000 for 9000
 14 hyphenation exceptions out of 8191
 95i,9n,99p,415b,543s stack positions out of 10000i,1000n,20000p,200000b,200000s
 <C:\Users\aakas\AppData\Local\MiKTeX\fonts/pk/ljfour/jknappen/ec/dpi600\tcrm1200.pk><C:/Users/aakas/AppData/Local/Programs/MiKTeX/fonts/type1/public/amsfonts/cm/cmbx12.pfb><C:/Users/aakas/AppData/Local/Programs/MiKTeX/fonts/type1/public/amsfonts/cm/cmmi12.pfb><C:/Users/aakas/AppData/Local/Programs/MiKTeX/fonts/type1/public/amsfonts/cm/cmmi8.pfb><C:/Users/aakas/AppData/Local/Programs/MiKTeX/fonts/type1/public/amsfonts/cm/cmr10.pfb><C:/Users/aakas/AppData/Local/Programs/MiKTeX/fonts/type1/public/amsfonts/cm/cmr12.pfb><C:/Users/aakas/AppData/Local/Programs/MiKTeX/fonts/type1/public/amsfonts/cm/cmr8.pfb><C:/Users/aakas/AppData/Local/Programs/MiKTeX/fonts/type1/public/amsfonts/cm/cmsy10.pfb><C:/Users/aakas/AppData/Local/Programs/MiKTeX/fonts/type1/public/amsfonts/cm/cmti12.pfb>
Output written on "d:\1.TUM courses\Masters Thesis\Report_Latex\Chap_5\Chapt_5.pdf" (27 pages, 11776674 bytes).
PDF statistics:
 443 PDF objects out of 1000 (max. 8388607)
 87 named destinations out of 1000 (max. 500000)
 437 words of extra memory for PDF output out of 10000 (max. 10000000)

