This is pdfTeX, Version 3.141592653-2.6-1.40.25 (MiKTeX 24.1) (preloaded format=pdflatex 2026.2.11)  25 APR 2026 13:16
entering extended mode
 restricted \write18 enabled.
 file:line:error style messages enabled.
 %&-line parsing enabled.
**"d:/1.TUM courses/Masters Thesis/Report_Latex/Chap_4/Chapt_4.tex"
(d:/1.TUM courses/Masters Thesis/Report_Latex/Chap_4/Chapt_4.tex
LaTeX2e <2023-11-01> patch level 1
L3 programming layer <2024-01-04>
(C:\Users\aakas\AppData\Local\Programs\MiKTeX\tex/latex/subfiles\subfiles.cls
Document Class: subfiles 2020/11/14 v2.2 Multi-file projects (class)
Preamble taken from file `../main'
(C:\Users\aakas\AppData\Local\Programs\MiKTeX\tex/latex/import\import.sty
Package: import 2020/04/01  v 6.2
) (d:\1.TUM courses\Masters Thesis\Report_Latex\main.tex (C:\Users\aakas\AppData\Local\Programs\MiKTeX\tex/latex/base\report.cls
Document Class: report 2023/05/17 v1.4n Standard LaTeX document class
(C:\Users\aakas\AppData\Local\Programs\MiKTeX\tex/latex/base\size12.clo
File: size12.clo 2023/05/17 v1.4n Standard LaTeX file (size option)
)
\c@part=\count187
\c@chapter=\count188
\c@section=\count189
\c@subsection=\count190
\c@subsubsection=\count191
\c@paragraph=\count192
\c@subparagraph=\count193
\c@figure=\count194
\c@table=\count195
\abovecaptionskip=\skip48
\belowcaptionskip=\skip49
\bibindent=\dimen140
) (C:\Users\aakas\AppData\Local\Programs\MiKTeX\tex/latex/amsmath\amsmath.sty
Package: amsmath 2023/05/13 v2.17o AMS math features
\@mathmargin=\skip50

For additional information on amsmath, use the `?' option.
(C:\Users\aakas\AppData\Local\Programs\MiKTeX\tex/latex/amsmath\amstext.sty
Package: amstext 2021/08/26 v2.01 AMS text
 (C:\Users\aakas\AppData\Local\Programs\MiKTeX\tex/latex/amsmath\amsgen.sty
File: amsgen.sty 1999/11/30 v2.0 generic functions
\@emptytoks=\toks17
\ex@=\dimen141
)) (C:\Users\aakas\AppData\Local\Programs\MiKTeX\tex/latex/amsmath\amsbsy.sty
Package: amsbsy 1999/11/29 v1.2d Bold Symbols
\pmbraise@=\dimen142
) (C:\Users\aakas\AppData\Local\Programs\MiKTeX\tex/latex/amsmath\amsopn.sty
Package: amsopn 2022/04/08 v2.04 operator names
)
\inf@bad=\count196
LaTeX Info: Redefining \frac on input line 234.
\uproot@=\count197
\leftroot@=\count198
LaTeX Info: Redefining \overline on input line 399.
LaTeX Info: Redefining \colon on input line 410.
\classnum@=\count199
\DOTSCASE@=\count266
LaTeX Info: Redefining \ldots on input line 496.
LaTeX Info: Redefining \dots on input line 499.
LaTeX Info: Redefining \cdots on input line 620.
\Mathstrutbox@=\box51
\strutbox@=\box52
LaTeX Info: Redefining \big on input line 722.
LaTeX Info: Redefining \Big on input line 723.
LaTeX Info: Redefining \bigg on input line 724.
LaTeX Info: Redefining \Bigg on input line 725.
\big@size=\dimen143
LaTeX Font Info:    Redeclaring font encoding OML on input line 743.
LaTeX Font Info:    Redeclaring font encoding OMS on input line 744.
\macc@depth=\count267
LaTeX Info: Redefining \bmod on input line 905.
LaTeX Info: Redefining \pmod on input line 910.
LaTeX Info: Redefining \smash on input line 940.
LaTeX Info: Redefining \relbar on input line 970.
LaTeX Info: Redefining \Relbar on input line 971.
\c@MaxMatrixCols=\count268
\dotsspace@=\muskip16
\c@parentequation=\count269
\dspbrk@lvl=\count270
\tag@help=\toks18
\row@=\count271
\column@=\count272
\maxfields@=\count273
\andhelp@=\toks19
\eqnshift@=\dimen144
\alignsep@=\dimen145
\tagshift@=\dimen146
\tagwidth@=\dimen147
\totwidth@=\dimen148
\lineht@=\dimen149
\@envbody=\toks20
\multlinegap=\skip51
\multlinetaggap=\skip52
\mathdisplay@stack=\toks21
LaTeX Info: Redefining \[ on input line 2953.
LaTeX Info: Redefining \] on input line 2954.
) (C:\Users\aakas\AppData\Local\Programs\MiKTeX\tex/latex/amsfonts\amssymb.sty
Package: amssymb 2013/01/14 v3.01 AMS font symbols
 (C:\Users\aakas\AppData\Local\Programs\MiKTeX\tex/latex/amsfonts\amsfonts.sty
Package: amsfonts 2013/01/14 v3.01 Basic AMSFonts support
\symAMSa=\mathgroup4
\symAMSb=\mathgroup5
LaTeX Font Info:    Redeclaring math symbol \hbar on input line 98.
LaTeX Font Info:    Overwriting math alphabet `\mathfrak' in version `bold'
(Font)                  U/euf/m/n --> U/euf/b/n on input line 106.
)) (C:\Users\aakas\AppData\Local\Programs\MiKTeX\tex/latex/geometry\geometry.sty
Package: geometry 2020/01/02 v5.9 Page Geometry
 (C:\Users\aakas\AppData\Local\Programs\MiKTeX\tex/latex/graphics\keyval.sty
Package: keyval 2022/05/29 v1.15 key=value parser (DPC)
\KV@toks@=\toks22
) (C:\Users\aakas\AppData\Local\Programs\MiKTeX\tex/generic/iftex\ifvtex.sty
Package: ifvtex 2019/10/25 v1.7 ifvtex legacy package. Use iftex instead.
 (C:\Users\aakas\AppData\Local\Programs\MiKTeX\tex/generic/iftex\iftex.sty
Package: iftex 2022/02/03 v1.0f TeX engine tests
))
\Gm@cnth=\count274
\Gm@cntv=\count275
\c@Gm@tempcnt=\count276
\Gm@bindingoffset=\dimen150
\Gm@wd@mp=\dimen151
\Gm@odd@mp=\dimen152
\Gm@even@mp=\dimen153
\Gm@layoutwidth=\dimen154
\Gm@layoutheight=\dimen155
\Gm@layouthoffset=\dimen156
\Gm@layoutvoffset=\dimen157
\Gm@dimlist=\toks23
 (C:\Users\aakas\AppData\Local\Programs\MiKTeX\tex/latex/geometry\geometry.cfg)) (C:\Users\aakas\AppData\Local\Programs\MiKTeX\tex/latex/graphics\graphicx.sty
Package: graphicx 2021/09/16 v1.2d Enhanced LaTeX Graphics (DPC,SPQR)
 (C:\Users\aakas\AppData\Local\Programs\MiKTeX\tex/latex/graphics\graphics.sty
Package: graphics 2022/03/10 v1.4e Standard LaTeX Graphics (DPC,SPQR)
 (C:\Users\aakas\AppData\Local\Programs\MiKTeX\tex/latex/graphics\trig.sty
Package: trig 2021/08/11 v1.11 sin cos tan (DPC)
) (C:\Users\aakas\AppData\Local\Programs\MiKTeX\tex/latex/graphics-cfg\graphics.cfg
File: graphics.cfg 2016/06/04 v1.11 sample graphics configuration
)
Package graphics Info: Driver file: pdftex.def on input line 107.
 (C:\Users\aakas\AppData\Local\Programs\MiKTeX\tex/latex/graphics-def\pdftex.def
File: pdftex.def 2022/09/22 v1.2b Graphics/color driver for pdftex
))
\Gin@req@height=\dimen158
\Gin@req@width=\dimen159
) (C:\Users\aakas\AppData\Local\Programs\MiKTeX\tex/latex/caption\subcaption.sty
Package: subcaption 2023/07/28 v1.6b Sub-captions (AR)
 (C:\Users\aakas\AppData\Local\Programs\MiKTeX\tex/latex/caption\caption.sty
Package: caption 2023/08/05 v3.6o Customizing captions (AR)
 (C:\Users\aakas\AppData\Local\Programs\MiKTeX\tex/latex/caption\caption3.sty
Package: caption3 2023/07/31 v2.4d caption3 kernel (AR)
\caption@tempdima=\dimen160
\captionmargin=\dimen161
\caption@leftmargin=\dimen162
\caption@rightmargin=\dimen163
\caption@width=\dimen164
\caption@indent=\dimen165
\caption@parindent=\dimen166
\caption@hangindent=\dimen167
Package caption Info: Standard document class detected.
)
\c@caption@flags=\count277
\c@continuedfloat=\count278
)
Package caption Info: New subtype `subfigure' on input line 238.
\c@subfigure=\count279
Package caption Info: New subtype `subtable' on input line 238.
\c@subtable=\count280
) (C:\Users\aakas\AppData\Local\Programs\MiKTeX\tex/latex/float\float.sty
Package: float 2001/11/08 v1.3d Float enhancements (AL)
\c@float@type=\count281
\float@exts=\toks24
\float@box=\box53
\@float@everytoks=\toks25
\@floatcapt=\box54
) (C:\Users\aakas\AppData\Local\Programs\MiKTeX\tex/latex/tools\array.sty
Package: array 2023/10/16 v2.5g Tabular extension package (FMi)
\col@sep=\dimen168
\ar@mcellbox=\box55
\extrarowheight=\dimen169
\NC@list=\toks26
\extratabsurround=\skip53
\backup@length=\skip54
\ar@cellbox=\box56
) (C:\Users\aakas\AppData\Local\Programs\MiKTeX\tex/latex/booktabs\booktabs.sty
Package: booktabs 2020/01/12 v1.61803398 Publication quality tables
\heavyrulewidth=\dimen170
\lightrulewidth=\dimen171
\cmidrulewidth=\dimen172
\belowrulesep=\dimen173
\belowbottomsep=\dimen174
\aboverulesep=\dimen175
\abovetopsep=\dimen176
\cmidrulesep=\dimen177
\cmidrulekern=\dimen178
\defaultaddspace=\dimen179
\@cmidla=\count282
\@cmidlb=\count283
\@aboverulesep=\dimen180
\@belowrulesep=\dimen181
\@thisruleclass=\count284
\@lastruleclass=\count285
\@thisrulewidth=\dimen182
) (C:\Users\aakas\AppData\Local\Programs\MiKTeX\tex/latex/subfiles\subfiles.sty
Package: subfiles 2020/11/14 v2.2 Multi-file projects (package)
) (C:\Users\aakas\AppData\Local\Programs\MiKTeX\tex/latex/titlesec\titlesec.sty
Package: titlesec 2025/01/04 v2.17 Sectioning titles
\ttl@box=\box57
\beforetitleunit=\skip55
\aftertitleunit=\skip56
\ttl@plus=\dimen183
\ttl@minus=\dimen184
\ttl@toksa=\toks27
\titlewidth=\dimen185
\titlewidthlast=\dimen186
\titlewidthfirst=\dimen187
) (C:\Users\aakas\AppData\Local\Programs\MiKTeX\tex/latex/hyperref\hyperref.sty
Package: hyperref 2023-11-26 v7.01g Hypertext links for LaTeX
 (C:\Users\aakas\AppData\Local\Programs\MiKTeX\tex/generic/infwarerr\infwarerr.sty
Package: infwarerr 2019/12/03 v1.5 Providing info/warning/error messages (HO)
) (C:\Users\aakas\AppData\Local\Programs\MiKTeX\tex/latex/kvsetkeys\kvsetkeys.sty
Package: kvsetkeys 2022-10-05 v1.19 Key value parser (HO)
) (C:\Users\aakas\AppData\Local\Programs\MiKTeX\tex/generic/kvdefinekeys\kvdefinekeys.sty
Package: kvdefinekeys 2019-12-19 v1.6 Define keys (HO)
) (C:\Users\aakas\AppData\Local\Programs\MiKTeX\tex/generic/pdfescape\pdfescape.sty
Package: pdfescape 2019/12/09 v1.15 Implements pdfTeX's escape features (HO)
 (C:\Users\aakas\AppData\Local\Programs\MiKTeX\tex/generic/ltxcmds\ltxcmds.sty
Package: ltxcmds 2023-12-04 v1.26 LaTeX kernel commands for general use (HO)
) (C:\Users\aakas\AppData\Local\Programs\MiKTeX\tex/generic/pdftexcmds\pdftexcmds.sty
Package: pdftexcmds 2020-06-27 v0.33 Utility functions of pdfTeX for LuaTeX (HO)
Package pdftexcmds Info: \pdf@primitive is available.
Package pdftexcmds Info: \pdf@ifprimitive is available.
Package pdftexcmds Info: \pdfdraftmode found.
)) (C:\Users\aakas\AppData\Local\Programs\MiKTeX\tex/latex/hycolor\hycolor.sty
Package: hycolor 2020-01-27 v1.10 Color options for hyperref/bookmark (HO)
) (C:\Users\aakas\AppData\Local\Programs\MiKTeX\tex/latex/letltxmacro\letltxmacro.sty
Package: letltxmacro 2019/12/03 v1.6 Let assignment for LaTeX macros (HO)
) (C:\Users\aakas\AppData\Local\Programs\MiKTeX\tex/latex/auxhook\auxhook.sty
Package: auxhook 2019-12-17 v1.6 Hooks for auxiliary files (HO)
) (C:\Users\aakas\AppData\Local\Programs\MiKTeX\tex/latex/hyperref\nameref.sty
Package: nameref 2023-11-26 v2.56 Cross-referencing by name of section
 (C:\Users\aakas\AppData\Local\Programs\MiKTeX\tex/latex/refcount\refcount.sty
Package: refcount 2019/12/15 v3.6 Data extraction from label references (HO)
) (C:\Users\aakas\AppData\Local\Programs\MiKTeX\tex/generic/gettitlestring\gettitlestring.sty
Package: gettitlestring 2019/12/15 v1.6 Cleanup title references (HO)
 (C:\Users\aakas\AppData\Local\Programs\MiKTeX\tex/latex/kvoptions\kvoptions.sty
Package: kvoptions 2022-06-15 v3.15 Key value format for package options (HO)
))
\c@section@level=\count286
) (C:\Users\aakas\AppData\Local\Programs\MiKTeX\tex/latex/etoolbox\etoolbox.sty
Package: etoolbox 2020/10/05 v2.5k e-TeX tools for LaTeX (JAW)
\etb@tempcnta=\count287
)
\@linkdim=\dimen188
\Hy@linkcounter=\count288
\Hy@pagecounter=\count289
 (C:\Users\aakas\AppData\Local\Programs\MiKTeX\tex/latex/hyperref\pd1enc.def
File: pd1enc.def 2023-11-26 v7.01g Hyperref: PDFDocEncoding definition (HO)
Now handling font encoding PD1 ...
... no UTF-8 mapping file for font encoding PD1
) (C:\Users\aakas\AppData\Local\Programs\MiKTeX\tex/generic/intcalc\intcalc.sty
Package: intcalc 2019/12/15 v1.3 Expandable calculations with integers (HO)
)
\Hy@SavedSpaceFactor=\count290
 (C:\Users\aakas\AppData\Local\Programs\MiKTeX\tex/latex/hyperref\puenc.def
File: puenc.def 2023-11-26 v7.01g Hyperref: PDF Unicode definition (HO)
Now handling font encoding PU ...
... no UTF-8 mapping file for font encoding PU
)
Package hyperref Info: Hyper figures OFF on input line 4181.
Package hyperref Info: Link nesting OFF on input line 4186.
Package hyperref Info: Hyper index ON on input line 4189.
Package hyperref Info: Plain pages OFF on input line 4196.
Package hyperref Info: Backreferencing OFF on input line 4201.
Package hyperref Info: Implicit mode ON; LaTeX internals redefined.
Package hyperref Info: Bookmarks ON on input line 4448.
\c@Hy@tempcnt=\count291
 (C:\Users\aakas\AppData\Local\Programs\MiKTeX\tex/latex/url\url.sty
\Urlmuskip=\muskip17
Package: url 2013/09/16  ver 3.4  Verb mode for urls, etc.
)
LaTeX Info: Redefining \url on input line 4786.
\XeTeXLinkMargin=\dimen189
 (C:\Users\aakas\AppData\Local\Programs\MiKTeX\tex/generic/bitset\bitset.sty
Package: bitset 2019/12/09 v1.3 Handle bit-vector datatype (HO)
 (C:\Users\aakas\AppData\Local\Programs\MiKTeX\tex/generic/bigintcalc\bigintcalc.sty
Package: bigintcalc 2019/12/15 v1.5 Expandable calculations on big integers (HO)
))
\Fld@menulength=\count292
\Field@Width=\dimen190
\Fld@charsize=\dimen191
Package hyperref Info: Hyper figures OFF on input line 6065.
Package hyperref Info: Link nesting OFF on input line 6070.
Package hyperref Info: Hyper index ON on input line 6073.
Package hyperref Info: backreferencing OFF on input line 6080.
Package hyperref Info: Link coloring OFF on input line 6085.
Package hyperref Info: Link coloring with OCG OFF on input line 6090.
Package hyperref Info: PDF/A mode OFF on input line 6095.
 (C:\Users\aakas\AppData\Local\Programs\MiKTeX\tex/latex/base\atbegshi-ltx.sty
Package: atbegshi-ltx 2021/01/10 v1.0c Emulation of the original atbegshi
package with kernel methods
)
\Hy@abspage=\count293
\c@Item=\count294
\c@Hfootnote=\count295
)
Package hyperref Info: Driver (autodetected): hpdftex.
 (C:\Users\aakas\AppData\Local\Programs\MiKTeX\tex/latex/hyperref\hpdftex.def
File: hpdftex.def 2023-11-26 v7.01g Hyperref driver for pdfTeX
 (C:\Users\aakas\AppData\Local\Programs\MiKTeX\tex/latex/base\atveryend-ltx.sty
Package: atveryend-ltx 2020/08/19 v1.0a Emulation of the original atveryend package
with kernel methods
)
\Fld@listcount=\count296
\c@bookmark@seq@number=\count297
 (C:\Users\aakas\AppData\Local\Programs\MiKTeX\tex/latex/rerunfilecheck\rerunfilecheck.sty
Package: rerunfilecheck 2025-06-21 v1.11 Rerun checks for auxiliary files (HO)
 (C:\Users\aakas\AppData\Local\Programs\MiKTeX\tex/generic/uniquecounter\uniquecounter.sty
Package: uniquecounter 2019/12/15 v1.4 Provide unlimited unique counter (HO)
)
Package uniquecounter Info: New unique counter `rerunfilecheck' on input line 284.
)
\Hy@SectionHShift=\skip57
) (C:\Users\aakas\AppData\Local\Programs\MiKTeX\tex/latex/placeins\placeins.sty
Package: placeins 2005/04/18  v 2.2
) (C:\Users\aakas\AppData\Local\Programs\MiKTeX\tex/latex/multirow\multirow.sty
Package: multirow 2024/11/12 v2.9 Span multiple rows of a table
\multirow@colwidth=\skip58
\multirow@cntb=\count298
\multirow@dima=\skip59
\bigstrutjot=\dimen192
) (C:\Users\aakas\AppData\Local\Programs\MiKTeX\tex/latex/doi\doi.sty
Package: doi 2018/09/09 handle doi numbers
) (C:\Users\aakas\AppData\Local\Programs\MiKTeX\tex/latex/pgf/frontendlayer\tikz.sty (C:\Users\aakas\AppData\Local\Programs\MiKTeX\tex/latex/pgf/basiclayer\pgf.sty (C:\Users\aakas\AppData\Local\Programs\MiKTeX\tex/latex/pgf/utilities\pgfrcs.sty (C:\Users\aakas\AppData\Local\Programs\MiKTeX\tex/generic/pgf/utilities\pgfutil-common.tex
\pgfutil@everybye=\toks28
\pgfutil@tempdima=\dimen193
\pgfutil@tempdimb=\dimen194
) (C:\Users\aakas\AppData\Local\Programs\MiKTeX\tex/generic/pgf/utilities\pgfutil-latex.def
\pgfutil@abb=\box58
) (C:\Users\aakas\AppData\Local\Programs\MiKTeX\tex/generic/pgf/utilities\pgfrcs.code.tex (C:\Users\aakas\AppData\Local\Programs\MiKTeX\tex/generic/pgf\pgf.revision.tex)
Package: pgfrcs 2023-01-15 v3.1.10 (3.1.10)
))
Package: pgf 2023-01-15 v3.1.10 (3.1.10)
 (C:\Users\aakas\AppData\Local\Programs\MiKTeX\tex/latex/pgf/basiclayer\pgfcore.sty (C:\Users\aakas\AppData\Local\Programs\MiKTeX\tex/latex/pgf/systemlayer\pgfsys.sty (C:\Users\aakas\AppData\Local\Programs\MiKTeX\tex/generic/pgf/systemlayer\pgfsys.code.tex
Package: pgfsys 2023-01-15 v3.1.10 (3.1.10)
 (C:\Users\aakas\AppData\Local\Programs\MiKTeX\tex/generic/pgf/utilities\pgfkeys.code.tex
\pgfkeys@pathtoks=\toks29
\pgfkeys@temptoks=\toks30
 (C:\Users\aakas\AppData\Local\Programs\MiKTeX\tex/generic/pgf/utilities\pgfkeyslibraryfiltered.code.tex
\pgfkeys@tmptoks=\toks31
))
\pgf@x=\dimen195
\pgf@y=\dimen196
\pgf@xa=\dimen197
\pgf@ya=\dimen198
\pgf@xb=\dimen199
\pgf@yb=\dimen256
\pgf@xc=\dimen257
\pgf@yc=\dimen258
\pgf@xd=\dimen259
\pgf@yd=\dimen260
\w@pgf@writea=\write3
\r@pgf@reada=\read2
\c@pgf@counta=\count299
\c@pgf@countb=\count300
\c@pgf@countc=\count301
\c@pgf@countd=\count302
\t@pgf@toka=\toks32
\t@pgf@tokb=\toks33
\t@pgf@tokc=\toks34
\pgf@sys@id@count=\count303
 (C:\Users\aakas\AppData\Local\Programs\MiKTeX\tex/generic/pgf/systemlayer\pgf.cfg
File: pgf.cfg 2023-01-15 v3.1.10 (3.1.10)
)
Driver file for pgf: pgfsys-pdftex.def
 (C:\Users\aakas\AppData\Local\Programs\MiKTeX\tex/generic/pgf/systemlayer\pgfsys-pdftex.def
File: pgfsys-pdftex.def 2023-01-15 v3.1.10 (3.1.10)
 (C:\Users\aakas\AppData\Local\Programs\MiKTeX\tex/generic/pgf/systemlayer\pgfsys-common-pdf.def
File: pgfsys-common-pdf.def 2023-01-15 v3.1.10 (3.1.10)
))) (C:\Users\aakas\AppData\Local\Programs\MiKTeX\tex/generic/pgf/systemlayer\pgfsyssoftpath.code.tex
File: pgfsyssoftpath.code.tex 2023-01-15 v3.1.10 (3.1.10)
\pgfsyssoftpath@smallbuffer@items=\count304
\pgfsyssoftpath@bigbuffer@items=\count305
) (C:\Users\aakas\AppData\Local\Programs\MiKTeX\tex/generic/pgf/systemlayer\pgfsysprotocol.code.tex
File: pgfsysprotocol.code.tex 2023-01-15 v3.1.10 (3.1.10)
)) (C:\Users\aakas\AppData\Local\Programs\MiKTeX\tex/latex/xcolor\xcolor.sty
Package: xcolor 2023/11/15 v3.01 LaTeX color extensions (UK)
 (C:\Users\aakas\AppData\Local\Programs\MiKTeX\tex/latex/graphics-cfg\color.cfg
File: color.cfg 2016/01/02 v1.6 sample color configuration
)
Package xcolor Info: Driver file: pdftex.def on input line 274.
 (C:\Users\aakas\AppData\Local\Programs\MiKTeX\tex/latex/graphics\mathcolor.ltx)
Package xcolor Info: Model `cmy' substituted by `cmy0' on input line 1350.
Package xcolor Info: Model `hsb' substituted by `rgb' on input line 1354.
Package xcolor Info: Model `RGB' extended on input line 1366.
Package xcolor Info: Model `HTML' substituted by `rgb' on input line 1368.
Package xcolor Info: Model `Hsb' substituted by `hsb' on input line 1369.
Package xcolor Info: Model `tHsb' substituted by `hsb' on input line 1370.
Package xcolor Info: Model `HSB' substituted by `hsb' on input line 1371.
Package xcolor Info: Model `Gray' substituted by `gray' on input line 1372.
Package xcolor Info: Model `wave' substituted by `hsb' on input line 1373.
) (C:\Users\aakas\AppData\Local\Programs\MiKTeX\tex/generic/pgf/basiclayer\pgfcore.code.tex
Package: pgfcore 2023-01-15 v3.1.10 (3.1.10)
 (C:\Users\aakas\AppData\Local\Programs\MiKTeX\tex/generic/pgf/math\pgfmath.code.tex (C:\Users\aakas\AppData\Local\Programs\MiKTeX\tex/generic/pgf/math\pgfmathutil.code.tex) (C:\Users\aakas\AppData\Local\Programs\MiKTeX\tex/generic/pgf/math\pgfmathparser.code.tex
\pgfmath@dimen=\dimen261
\pgfmath@count=\count306
\pgfmath@box=\box59
\pgfmath@toks=\toks35
\pgfmath@stack@operand=\toks36
\pgfmath@stack@operation=\toks37
) (C:\Users\aakas\AppData\Local\Programs\MiKTeX\tex/generic/pgf/math\pgfmathfunctions.code.tex) (C:\Users\aakas\AppData\Local\Programs\MiKTeX\tex/generic/pgf/math\pgfmathfunctions.basic.code.tex) (C:\Users\aakas\AppData\Local\Programs\MiKTeX\tex/generic/pgf/math\pgfmathfunctions.trigonometric.code.tex) (C:\Users\aakas\AppData\Local\Programs\MiKTeX\tex/generic/pgf/math\pgfmathfunctions.random.code.tex) (C:\Users\aakas\AppData\Local\Programs\MiKTeX\tex/generic/pgf/math\pgfmathfunctions.comparison.code.tex) (C:\Users\aakas\AppData\Local\Programs\MiKTeX\tex/generic/pgf/math\pgfmathfunctions.base.code.tex) (C:\Users\aakas\AppData\Local\Programs\MiKTeX\tex/generic/pgf/math\pgfmathfunctions.round.code.tex) (C:\Users\aakas\AppData\Local\Programs\MiKTeX\tex/generic/pgf/math\pgfmathfunctions.misc.code.tex) (C:\Users\aakas\AppData\Local\Programs\MiKTeX\tex/generic/pgf/math\pgfmathfunctions.integerarithmetics.code.tex) (C:\Users\aakas\AppData\Local\Programs\MiKTeX\tex/generic/pgf/math\pgfmathcalc.code.tex) (C:\Users\aakas\AppData\Local\Programs\MiKTeX\tex/generic/pgf/math\pgfmathfloat.code.tex
\c@pgfmathroundto@lastzeros=\count307
)) (C:\Users\aakas\AppData\Local\Programs\MiKTeX\tex/generic/pgf/math\pgfint.code.tex) (C:\Users\aakas\AppData\Local\Programs\MiKTeX\tex/generic/pgf/basiclayer\pgfcorepoints.code.tex
File: pgfcorepoints.code.tex 2023-01-15 v3.1.10 (3.1.10)
\pgf@picminx=\dimen262
\pgf@picmaxx=\dimen263
\pgf@picminy=\dimen264
\pgf@picmaxy=\dimen265
\pgf@pathminx=\dimen266
\pgf@pathmaxx=\dimen267
\pgf@pathminy=\dimen268
\pgf@pathmaxy=\dimen269
\pgf@xx=\dimen270
\pgf@xy=\dimen271
\pgf@yx=\dimen272
\pgf@yy=\dimen273
\pgf@zx=\dimen274
\pgf@zy=\dimen275
) (C:\Users\aakas\AppData\Local\Programs\MiKTeX\tex/generic/pgf/basiclayer\pgfcorepathconstruct.code.tex
File: pgfcorepathconstruct.code.tex 2023-01-15 v3.1.10 (3.1.10)
\pgf@path@lastx=\dimen276
\pgf@path@lasty=\dimen277
) (C:\Users\aakas\AppData\Local\Programs\MiKTeX\tex/generic/pgf/basiclayer\pgfcorepathusage.code.tex
File: pgfcorepathusage.code.tex 2023-01-15 v3.1.10 (3.1.10)
\pgf@shorten@end@additional=\dimen278
\pgf@shorten@start@additional=\dimen279
) (C:\Users\aakas\AppData\Local\Programs\MiKTeX\tex/generic/pgf/basiclayer\pgfcorescopes.code.tex
File: pgfcorescopes.code.tex 2023-01-15 v3.1.10 (3.1.10)
\pgfpic=\box60
\pgf@hbox=\box61
\pgf@layerbox@main=\box62
\pgf@picture@serial@count=\count308
) (C:\Users\aakas\AppData\Local\Programs\MiKTeX\tex/generic/pgf/basiclayer\pgfcoregraphicstate.code.tex
File: pgfcoregraphicstate.code.tex 2023-01-15 v3.1.10 (3.1.10)
\pgflinewidth=\dimen280
) (C:\Users\aakas\AppData\Local\Programs\MiKTeX\tex/generic/pgf/basiclayer\pgfcoretransformations.code.tex
File: pgfcoretransformations.code.tex 2023-01-15 v3.1.10 (3.1.10)
\pgf@pt@x=\dimen281
\pgf@pt@y=\dimen282
\pgf@pt@temp=\dimen283
) (C:\Users\aakas\AppData\Local\Programs\MiKTeX\tex/generic/pgf/basiclayer\pgfcorequick.code.tex
File: pgfcorequick.code.tex 2023-01-15 v3.1.10 (3.1.10)
) (C:\Users\aakas\AppData\Local\Programs\MiKTeX\tex/generic/pgf/basiclayer\pgfcoreobjects.code.tex
File: pgfcoreobjects.code.tex 2023-01-15 v3.1.10 (3.1.10)
) (C:\Users\aakas\AppData\Local\Programs\MiKTeX\tex/generic/pgf/basiclayer\pgfcorepathprocessing.code.tex
File: pgfcorepathprocessing.code.tex 2023-01-15 v3.1.10 (3.1.10)
) (C:\Users\aakas\AppData\Local\Programs\MiKTeX\tex/generic/pgf/basiclayer\pgfcorearrows.code.tex
File: pgfcorearrows.code.tex 2023-01-15 v3.1.10 (3.1.10)
\pgfarrowsep=\dimen284
) (C:\Users\aakas\AppData\Local\Programs\MiKTeX\tex/generic/pgf/basiclayer\pgfcoreshade.code.tex
File: pgfcoreshade.code.tex 2023-01-15 v3.1.10 (3.1.10)
\pgf@max=\dimen285
\pgf@sys@shading@range@num=\count309
\pgf@shadingcount=\count310
) (C:\Users\aakas\AppData\Local\Programs\MiKTeX\tex/generic/pgf/basiclayer\pgfcoreimage.code.tex
File: pgfcoreimage.code.tex 2023-01-15 v3.1.10 (3.1.10)
) (C:\Users\aakas\AppData\Local\Programs\MiKTeX\tex/generic/pgf/basiclayer\pgfcoreexternal.code.tex
File: pgfcoreexternal.code.tex 2023-01-15 v3.1.10 (3.1.10)
\pgfexternal@startupbox=\box63
) (C:\Users\aakas\AppData\Local\Programs\MiKTeX\tex/generic/pgf/basiclayer\pgfcorelayers.code.tex
File: pgfcorelayers.code.tex 2023-01-15 v3.1.10 (3.1.10)
) (C:\Users\aakas\AppData\Local\Programs\MiKTeX\tex/generic/pgf/basiclayer\pgfcoretransparency.code.tex
File: pgfcoretransparency.code.tex 2023-01-15 v3.1.10 (3.1.10)
) (C:\Users\aakas\AppData\Local\Programs\MiKTeX\tex/generic/pgf/basiclayer\pgfcorepatterns.code.tex
File: pgfcorepatterns.code.tex 2023-01-15 v3.1.10 (3.1.10)
) (C:\Users\aakas\AppData\Local\Programs\MiKTeX\tex/generic/pgf/basiclayer\pgfcorerdf.code.tex
File: pgfcorerdf.code.tex 2023-01-15 v3.1.10 (3.1.10)
))) (C:\Users\aakas\AppData\Local\Programs\MiKTeX\tex/generic/pgf/modules\pgfmoduleshapes.code.tex
File: pgfmoduleshapes.code.tex 2023-01-15 v3.1.10 (3.1.10)
\pgfnodeparttextbox=\box64
) (C:\Users\aakas\AppData\Local\Programs\MiKTeX\tex/generic/pgf/modules\pgfmoduleplot.code.tex
File: pgfmoduleplot.code.tex 2023-01-15 v3.1.10 (3.1.10)
) (C:\Users\aakas\AppData\Local\Programs\MiKTeX\tex/latex/pgf/compatibility\pgfcomp-version-0-65.sty
Package: pgfcomp-version-0-65 2023-01-15 v3.1.10 (3.1.10)
\pgf@nodesepstart=\dimen286
\pgf@nodesepend=\dimen287
) (C:\Users\aakas\AppData\Local\Programs\MiKTeX\tex/latex/pgf/compatibility\pgfcomp-version-1-18.sty
Package: pgfcomp-version-1-18 2023-01-15 v3.1.10 (3.1.10)
)) (C:\Users\aakas\AppData\Local\Programs\MiKTeX\tex/latex/pgf/utilities\pgffor.sty (C:\Users\aakas\AppData\Local\Programs\MiKTeX\tex/latex/pgf/utilities\pgfkeys.sty (C:\Users\aakas\AppData\Local\Programs\MiKTeX\tex/generic/pgf/utilities\pgfkeys.code.tex)) (C:\Users\aakas\AppData\Local\Programs\MiKTeX\tex/latex/pgf/math\pgfmath.sty (C:\Users\aakas\AppData\Local\Programs\MiKTeX\tex/generic/pgf/math\pgfmath.code.tex))
(C:\Users\aakas\AppData\Local\Programs\MiKTeX\tex/generic/pgf/utilities\pgffor.code.tex
Package: pgffor 2023-01-15 v3.1.10 (3.1.10)
\pgffor@iter=\dimen288
\pgffor@skip=\dimen289
\pgffor@stack=\toks38
\pgffor@toks=\toks39
)) (C:\Users\aakas\AppData\Local\Programs\MiKTeX\tex/generic/pgf/frontendlayer/tikz\tikz.code.tex
Package: tikz 2023-01-15 v3.1.10 (3.1.10)
 (C:\Users\aakas\AppData\Local\Programs\MiKTeX\tex/generic/pgf/libraries\pgflibraryplothandlers.code.tex
File: pgflibraryplothandlers.code.tex 2023-01-15 v3.1.10 (3.1.10)
\pgf@plot@mark@count=\count311
\pgfplotmarksize=\dimen290
)
\tikz@lastx=\dimen291
\tikz@lasty=\dimen292
\tikz@lastxsaved=\dimen293
\tikz@lastysaved=\dimen294
\tikz@lastmovetox=\dimen295
\tikz@lastmovetoy=\dimen296
\tikzleveldistance=\dimen297
\tikzsiblingdistance=\dimen298
\tikz@figbox=\box65
\tikz@figbox@bg=\box66
\tikz@tempbox=\box67
\tikz@tempbox@bg=\box68
\tikztreelevel=\count312
\tikznumberofchildren=\count313
\tikznumberofcurrentchild=\count314
\tikz@fig@count=\count315
 (C:\Users\aakas\AppData\Local\Programs\MiKTeX\tex/generic/pgf/modules\pgfmodulematrix.code.tex
File: pgfmodulematrix.code.tex 2023-01-15 v3.1.10 (3.1.10)
\pgfmatrixcurrentrow=\count316
\pgfmatrixcurrentcolumn=\count317
\pgf@matrix@numberofcolumns=\count318
)
\tikz@expandcount=\count319
 (C:\Users\aakas\AppData\Local\Programs\MiKTeX\tex/generic/pgf/frontendlayer/tikz/libraries\tikzlibrarytopaths.code.tex
File: tikzlibrarytopaths.code.tex 2023-01-15 v3.1.10 (3.1.10)
))) (C:\Users\aakas\AppData\Local\Programs\MiKTeX\tex/generic/pgf/libraries\pgflibraryarrows.meta.code.tex
File: pgflibraryarrows.meta.code.tex 2023-01-15 v3.1.10 (3.1.10)
\pgfarrowinset=\dimen299
\pgfarrowlength=\dimen300
\pgfarrowwidth=\dimen301
\pgfarrowlinewidth=\dimen302
) (C:\Users\aakas\AppData\Local\Programs\MiKTeX\tex/generic/pgf/frontendlayer/tikz/libraries\tikzlibrarypositioning.code.tex
File: tikzlibrarypositioning.code.tex 2023-01-15 v3.1.10 (3.1.10)
))) (C:\Users\aakas\AppData\Local\Programs\MiKTeX\tex/latex/l3backend\l3backend-pdftex.def
File: l3backend-pdftex.def 2024-01-04 L3 backend support: PDF output (pdfTeX)
\l__color_backend_stack_int=\count320
\l__pdf_internal_box=\box69
) (d:\1.TUM courses\Masters Thesis\Report_Latex\Chap_4\Chapt_4.aux

LaTeX Warning: Label `fig:Heave' multiply defined.


LaTeX Warning: Label `fig:Pitch' multiply defined.


LaTeX Warning: Label `fig:Model_3_CFD_Output' multiply defined.


LaTeX Warning: Label `fig:Pitch_PhaseMx_vs_Amplitude' multiply defined.


LaTeX Warning: Label `sub@fig:Pitch_PhaseMx_vs_Amplitude' multiply defined.

)
\openout1 = `Chapt_4.aux'.

LaTeX Font Info:    Checking defaults for OML/cmm/m/it on input line 2.
LaTeX Font Info:    ... okay on input line 2.
LaTeX Font Info:    Checking defaults for OMS/cmsy/m/n on input line 2.
LaTeX Font Info:    ... okay on input line 2.
LaTeX Font Info:    Checking defaults for OT1/cmr/m/n on input line 2.
LaTeX Font Info:    ... okay on input line 2.
LaTeX Font Info:    Checking defaults for T1/cmr/m/n on input line 2.
LaTeX Font Info:    ... okay on input line 2.
LaTeX Font Info:    Checking defaults for TS1/cmr/m/n on input line 2.
LaTeX Font Info:    ... okay on input line 2.
LaTeX Font Info:    Checking defaults for OMX/cmex/m/n on input line 2.
LaTeX Font Info:    ... okay on input line 2.
LaTeX Font Info:    Checking defaults for U/cmr/m/n on input line 2.
LaTeX Font Info:    ... okay on input line 2.
LaTeX Font Info:    Checking defaults for PD1/pdf/m/n on input line 2.
LaTeX Font Info:    ... okay on input line 2.
LaTeX Font Info:    Checking defaults for PU/pdf/m/n on input line 2.
LaTeX Font Info:    ... okay on input line 2.

*geometry* driver: auto-detecting
*geometry* detected driver: pdftex
*geometry* verbose mode - [ preamble ] result:
* driver: pdftex
* paper: a4paper
* layout: <same size as paper>
* layoutoffset:(h,v)=(0.0pt,0.0pt)
* modes: 
* h-part:(L,W,R)=(72.26999pt, 452.9679pt, 72.26999pt)
* v-part:(T,H,B)=(72.26999pt, 700.50687pt, 72.26999pt)
* \paperwidth=597.50787pt
* \paperheight=845.04684pt
* \textwidth=452.9679pt
* \textheight=700.50687pt
* \oddsidemargin=0.0pt
* \evensidemargin=0.0pt
* \topmargin=-37.0pt
* \headheight=12.0pt
* \headsep=25.0pt
* \topskip=12.0pt
* \footskip=30.0pt
* \marginparwidth=35.0pt
* \marginparsep=10.0pt
* \columnsep=10.0pt
* \skip\footins=10.8pt plus 4.0pt minus 2.0pt
* \hoffset=0.0pt
* \voffset=0.0pt
* \mag=1000
* \@twocolumnfalse
* \@twosidefalse
* \@mparswitchfalse
* \@reversemarginfalse
* (1in=72.27pt=25.4mm, 1cm=28.453pt)

(C:\Users\aakas\AppData\Local\Programs\MiKTeX\tex/context/base/mkii\supp-pdf.mkii
[Loading MPS to PDF converter (version 2006.09.02).]
\scratchcounter=\count321
\scratchdimen=\dimen303
\scratchbox=\box70
\nofMPsegments=\count322
\nofMParguments=\count323
\everyMPshowfont=\toks40
\MPscratchCnt=\count324
\MPscratchDim=\dimen304
\MPnumerator=\count325
\makeMPintoPDFobject=\count326
\everyMPtoPDFconversion=\toks41
) (C:\Users\aakas\AppData\Local\Programs\MiKTeX\tex/latex/epstopdf-pkg\epstopdf-base.sty
Package: epstopdf-base 2020-01-24 v2.11 Base part for package epstopdf
Package epstopdf-base Info: Redefining graphics rule for `.eps' on input line 485.
 (C:\Users\aakas\AppData\Local\Programs\MiKTeX\tex/latex/00miktex\epstopdf-sys.cfg
File: epstopdf-sys.cfg 2021/03/18 v2.0 Configuration of epstopdf for MiKTeX
))
Package caption Info: Begin \AtBeginDocument code.
Package caption Info: float package is loaded.
Package caption Info: hyperref package is loaded.
Package caption Info: End \AtBeginDocument code.
Package hyperref Info: Link coloring OFF on input line 2.
 (d:\1.TUM courses\Masters Thesis\Report_Latex\Chap_4\Chapt_4.out) (d:\1.TUM courses\Masters Thesis\Report_Latex\Chap_4\Chapt_4.out)
\@outlinefile=\write4
\openout4 = `Chapt_4.out'.


Chapter 1.
LaTeX Font Info:    Trying to load font information for U+msa on input line 43.
(C:\Users\aakas\AppData\Local\Programs\MiKTeX\tex/latex/amsfonts\umsa.fd
File: umsa.fd 2013/01/14 v3.01 AMS symbols A
)
LaTeX Font Info:    Trying to load font information for U+msb on input line 43.
 (C:\Users\aakas\AppData\Local\Programs\MiKTeX\tex/latex/amsfonts\umsb.fd
File: umsb.fd 2013/01/14 v3.01 AMS symbols B
) [1


{C:/Users/aakas/AppData/Local/MiKTeX/fonts/map/pdftex/pdftex.map}]
<Figures/CFD/Energy_Casacade.png, id=78, 416.15475pt x 127.677pt>
File: Figures/CFD/Energy_Casacade.png Graphic file (type png)
<use Figures/CFD/Energy_Casacade.png>
Package pdftex.def Info: Figures/CFD/Energy_Casacade.png  used on input line 87.
(pdftex.def)             Requested size: 226.48395pt x 69.48615pt.
<Figures/CFD/Energy_vs_wave_number.png, id=80, 374.5995pt x 443.85825pt>
File: Figures/CFD/Energy_vs_wave_number.png Graphic file (type png)
<use Figures/CFD/Energy_vs_wave_number.png>
Package pdftex.def Info: Figures/CFD/Energy_vs_wave_number.png  used on input line 96.
(pdftex.def)             Requested size: 226.48395pt x 268.35558pt.


LaTeX Warning: Citation `wolfdynamics2021' on page 2 undefined on input line 97.


LaTeX Warning: Citation `wolfdynamics2021' on page 2 undefined on input line 97.

<Figures/CFD/DNS_LES_URANS.png, id=81, 346.29375pt x 368.577pt>
File: Figures/CFD/DNS_LES_URANS.png Graphic file (type png)
<use Figures/CFD/DNS_LES_URANS.png>
Package pdftex.def Info: Figures/CFD/DNS_LES_URANS.png  used on input line 106.
(pdftex.def)             Requested size: 271.7835pt x 289.27733pt.

LaTeX Warning: Float too large for page by 29.37442pt on input line 112.

[2] [3 <d:/1.TUM courses/Masters Thesis/Report_Latex/Chap_4/Figures/CFD/Energy_Casacade.png> <d:/1.TUM courses/Masters Thesis/Report_Latex/Chap_4/Figures/CFD/Energy_vs_wave_number.png> <d:/1.TUM courses/Masters Thesis/Report_Latex/Chap_4/Figures/CFD/DNS_LES_URANS.png>]

LaTeX Warning: Citation `sarkic2012' on page 4 undefined on input line 131.


LaTeX Warning: Reference `add the references some book or paper where you studied on how to dimesolinse fluid domain' on page 4 undefined on input line 142.


LaTeX Warning: `!h' float specifier changed to `!ht'.

[4]
<Figures/Mesh_Convergence_Study/Virtual_Wind_Tunnel_Dimensions.png, id=119, 2698.08pt x 1606.0pt>
File: Figures/Mesh_Convergence_Study/Virtual_Wind_Tunnel_Dimensions.png Graphic file (type png)
<use Figures/Mesh_Convergence_Study/Virtual_Wind_Tunnel_Dimensions.png>
Package pdftex.def Info: Figures/Mesh_Convergence_Study/Virtual_Wind_Tunnel_Dimensions.png  used on input line 202.
(pdftex.def)             Requested size: 294.42636pt x 175.23923pt.
<Figures/Mesh_Convergence_Study/Sarkic_Section.png, id=120, 385.44pt x 196.93575pt>
File: Figures/Mesh_Convergence_Study/Sarkic_Section.png Graphic file (type png)
<use Figures/Mesh_Convergence_Study/Sarkic_Section.png>
Package pdftex.def Info: Figures/Mesh_Convergence_Study/Sarkic_Section.png  used on input line 210.
(pdftex.def)             Requested size: 226.48395pt x 115.71928pt.


LaTeX Warning: Citation `dadvand2010' on page 5 undefined on input line 220.

[5 <d:/1.TUM courses/Masters Thesis/Report_Latex/Chap_4/Figures/Mesh_Convergence_Study/Virtual_Wind_Tunnel_Dimensions.png>]

LaTeX Warning: Reference `' on page 6 undefined on input line 231.


LaTeX Warning: Reference `section' on page 6 undefined on input line 247.

[6 <d:/1.TUM courses/Masters Thesis/Report_Latex/Chap_4/Figures/Mesh_Convergence_Study/Sarkic_Section.png>]
<Figures/Mesh_Convergence_Study/GiD_Model_2.png, id=133, 677.53125pt x 344.487pt>
File: Figures/Mesh_Convergence_Study/GiD_Model_2.png Graphic file (type png)
<use Figures/Mesh_Convergence_Study/GiD_Model_2.png>
Package pdftex.def Info: Figures/Mesh_Convergence_Study/GiD_Model_2.png  used on input line 267.
(pdftex.def)             Requested size: 294.42636pt x 149.70345pt.
<Figures/Mesh_Convergence_Study/CFD_Result.png, id=137, 3854.4pt x 2168.1pt>
File: Figures/Mesh_Convergence_Study/CFD_Result.png Graphic file (type png)
<use Figures/Mesh_Convergence_Study/CFD_Result.png>
Package pdftex.def Info: Figures/Mesh_Convergence_Study/CFD_Result.png  used on input line 315.
(pdftex.def)             Requested size: 452.9679pt x 254.76833pt.
<Figures/Mesh_Convergence_Study/Model_3_Heave.png, id=138, 1443.9546pt x 215.3646pt>
File: Figures/Mesh_Convergence_Study/Model_3_Heave.png Graphic file (type png)
<use Figures/Mesh_Convergence_Study/Model_3_Heave.png>
Package pdftex.def Info: Figures/Mesh_Convergence_Study/Model_3_Heave.png  used on input line 326.
(pdftex.def)             Requested size: 452.9679pt x 67.55759pt.
<Figures/Mesh_Convergence_Study/Model_3_Pitch.png, id=139, 1437.6912pt x 215.3646pt>
File: Figures/Mesh_Convergence_Study/Model_3_Pitch.png Graphic file (type png)
<use Figures/Mesh_Convergence_Study/Model_3_Pitch.png>
Package pdftex.def Info: Figures/Mesh_Convergence_Study/Model_3_Pitch.png  used on input line 333.
(pdftex.def)             Requested size: 452.9679pt x 67.85335pt.
 [7 <d:/1.TUM courses/Masters Thesis/Report_Latex/Chap_4/Figures/Mesh_Convergence_Study/GiD_Model_2.png>] [8 <d:/1.TUM courses/Masters Thesis/Report_Latex/Chap_4/Figures/Mesh_Convergence_Study/CFD_Result.png (PNG copy)>]
<Figures/Mesh_Convergence_Study/Convergence_Study_H1.png, id=154, 502.386pt x 229.95pt>
File: Figures/Mesh_Convergence_Study/Convergence_Study_H1.png Graphic file (type png)
<use Figures/Mesh_Convergence_Study/Convergence_Study_H1.png>
Package pdftex.def Info: Figures/Mesh_Convergence_Study/Convergence_Study_H1.png  used on input line 352.
(pdftex.def)             Requested size: 203.83417pt x 93.29765pt.
<Figures/Mesh_Convergence_Study/Convergence_Study_A1.png, id=155, 502.386pt x 230.169pt>
File: Figures/Mesh_Convergence_Study/Convergence_Study_A1.png Graphic file (type png)
<use Figures/Mesh_Convergence_Study/Convergence_Study_A1.png>
Package pdftex.def Info: Figures/Mesh_Convergence_Study/Convergence_Study_A1.png  used on input line 359.
(pdftex.def)             Requested size: 203.83417pt x 93.3865pt.
<Figures/Mesh_Convergence_Study/Convergence_Study_H2.png, id=156, 502.386pt x 229.95pt>
File: Figures/Mesh_Convergence_Study/Convergence_Study_H2.png Graphic file (type png)
<use Figures/Mesh_Convergence_Study/Convergence_Study_H2.png>
Package pdftex.def Info: Figures/Mesh_Convergence_Study/Convergence_Study_H2.png  used on input line 366.
(pdftex.def)             Requested size: 203.83417pt x 93.29765pt.
<Figures/Mesh_Convergence_Study/Convergence_Study_A2.png, id=157, 502.605pt x 230.826pt>
File: Figures/Mesh_Convergence_Study/Convergence_Study_A2.png Graphic file (type png)
<use Figures/Mesh_Convergence_Study/Convergence_Study_A2.png>
Package pdftex.def Info: Figures/Mesh_Convergence_Study/Convergence_Study_A2.png  used on input line 373.
(pdftex.def)             Requested size: 203.83417pt x 93.61432pt.
<Figures/Mesh_Convergence_Study/Convergence_Study_H3.png, id=158, 502.386pt x 230.169pt>
File: Figures/Mesh_Convergence_Study/Convergence_Study_H3.png Graphic file (type png)
<use Figures/Mesh_Convergence_Study/Convergence_Study_H3.png>
Package pdftex.def Info: Figures/Mesh_Convergence_Study/Convergence_Study_H3.png  used on input line 380.
(pdftex.def)             Requested size: 203.83417pt x 93.3865pt.
<Figures/Mesh_Convergence_Study/Convergence_Study_A3.png, id=159, 502.605pt x 229.95pt>
File: Figures/Mesh_Convergence_Study/Convergence_Study_A3.png Graphic file (type png)
<use Figures/Mesh_Convergence_Study/Convergence_Study_A3.png>
Package pdftex.def Info: Figures/Mesh_Convergence_Study/Convergence_Study_A3.png  used on input line 387.
(pdftex.def)             Requested size: 203.83417pt x 93.25905pt.
<Figures/Mesh_Convergence_Study/Convergence_Study_H4.png, id=160, 501.948pt x 231.264pt>
File: Figures/Mesh_Convergence_Study/Convergence_Study_H4.png Graphic file (type png)
<use Figures/Mesh_Convergence_Study/Convergence_Study_H4.png>
Package pdftex.def Info: Figures/Mesh_Convergence_Study/Convergence_Study_H4.png  used on input line 394.
(pdftex.def)             Requested size: 203.83417pt x 93.91194pt.
<Figures/Mesh_Convergence_Study/Convergence_Study_A4.png, id=161, 502.605pt x 230.826pt>
File: Figures/Mesh_Convergence_Study/Convergence_Study_A4.png Graphic file (type png)
<use Figures/Mesh_Convergence_Study/Convergence_Study_A4.png>
Package pdftex.def Info: Figures/Mesh_Convergence_Study/Convergence_Study_A4.png  used on input line 401.
(pdftex.def)             Requested size: 203.83417pt x 93.61432pt.

Underfull \hbox (badness 10000) in paragraph at lines 413--419

 []


Underfull \hbox (badness 10000) in paragraph at lines 420--425

 []

[9 <d:/1.TUM courses/Masters Thesis/Report_Latex/Chap_4/Figures/Mesh_Convergence_Study/Model_3_Heave.png> <d:/1.TUM courses/Masters Thesis/Report_Latex/Chap_4/Figures/Mesh_Convergence_Study/Model_3_Pitch.png>] [10 <d:/1.TUM courses/Masters Thesis/Report_Latex/Chap_4/Figures/Mesh_Convergence_Study/Convergence_Study_H1.png> <d:/1.TUM courses/Masters Thesis/Report_Latex/Chap_4/Figures/Mesh_Convergence_Study/Convergence_Study_A1.png> <d:/1.TUM courses/Masters Thesis/Report_Latex/Chap_4/Figures/Mesh_Convergence_Study/Convergence_Study_H2.png> <d:/1.TUM courses/Masters Thesis/Report_Latex/Chap_4/Figures/Mesh_Convergence_Study/Convergence_Study_A2.png> <d:/1.TUM courses/Masters Thesis/Report_Latex/Chap_4/Figures/Mesh_Convergence_Study/Convergence_Study_H3.png> <d:/1.TUM courses/Masters Thesis/Report_Latex/Chap_4/Figures/Mesh_Convergence_Study/Convergence_Study_A3.png> <d:/1.TUM courses/Masters Thesis/Report_Latex/Chap_4/Figures/Mesh_Convergence_Study/Convergence_Study_H4.png> <d:/1.TUM courses/Masters Thesis/Report_Latex/Chap_4/Figures/Mesh_Convergence_Study/Convergence_Study_A4.png>]
Underfull \hbox (badness 10000) in paragraph at lines 441--445

 []


Overfull \hbox (7.5204pt too wide) in paragraph at lines 479--485
 [][] 
 []


Underfull \hbox (badness 10000) in paragraph at lines 490--495

 []

[11]
<Figures/Influence_of_Amplitude/Combined_Flutter_Derivative.png, id=193, 616.704pt x 717.1593pt>
File: Figures/Influence_of_Amplitude/Combined_Flutter_Derivative.png Graphic file (type png)
<use Figures/Influence_of_Amplitude/Combined_Flutter_Derivative.png>
Package pdftex.def Info: Figures/Influence_of_Amplitude/Combined_Flutter_Derivative.png  used on input line 501.
(pdftex.def)             Requested size: 452.9679pt x 526.76105pt.

Underfull \hbox (badness 10000) in paragraph at lines 508--514

 []


LaTeX Warning: Reference `fig:Frequency_Domain_Analysis_Heave_scheme_0_to_3_U_21_86' on page 12 undefined on input line 518.


LaTeX Warning: Reference `fig:Frequency_Domain_Analysis_Heave_scheme_4_to_6_U_21_86' on page 12 undefined on input line 518.


Underfull \hbox (badness 10000) in paragraph at lines 515--519

 []


LaTeX Warning: Reference `fig:Frequency_Domain_Analysis_Pitch_scheme_0_to_3_U_21_86' on page 12 undefined on input line 524.


LaTeX Warning: Reference `fig:Frequency_Domain_Analysis_Pitch_scheme_4_to_6_U_21_86' on page 12 undefined on input line 524.


Underfull \hbox (badness 10000) in paragraph at lines 520--526

 []


Underfull \hbox (badness 10000) in paragraph at lines 527--533

 []

[12] [13 <d:/1.TUM courses/Masters Thesis/Report_Latex/Chap_4/Figures/Influence_of_Amplitude/Combined_Flutter_Derivative.png>]
<Figures/Influence_of_Amplitude/Frequency_Domain_Analysis/Heave/DFT_LiftForce_Amplitude_Scheme_6.png, id=210, 785.5749pt x 388.27057pt>
File: Figures/Influence_of_Amplitude/Frequency_Domain_Analysis/Heave/DFT_LiftForce_Amplitude_Scheme_6.png Graphic file (type png)
<use Figures/Influence_of_Amplitude/Frequency_Domain_Analysis/Heave/DFT_LiftForce_Amplitude_Scheme_6.png>
Package pdftex.def Info: Figures/Influence_of_Amplitude/Frequency_Domain_Analysis/Heave/DFT_LiftForce_Amplitude_Scheme_6.png  used on input line 539.
(pdftex.def)             Requested size: 203.83417pt x 100.7406pt.
<Figures/Influence_of_Amplitude/Frequency_Domain_Analysis/Heave/DFT_Moment_Amplitude_Scheme_6.png, id=211, 785.5749pt x 388.27057pt>
File: Figures/Influence_of_Amplitude/Frequency_Domain_Analysis/Heave/DFT_Moment_Amplitude_Scheme_6.png Graphic file (type png)
<use Figures/Influence_of_Amplitude/Frequency_Domain_Analysis/Heave/DFT_Moment_Amplitude_Scheme_6.png>
Package pdftex.def Info: Figures/Influence_of_Amplitude/Frequency_Domain_Analysis/Heave/DFT_Moment_Amplitude_Scheme_6.png  used on input line 546.
(pdftex.def)             Requested size: 203.83417pt x 100.7406pt.
<Figures/Influence_of_Amplitude/Frequency_Domain_Analysis/Pitch/DFT_LiftForce_Amplitude_Scheme_3.png, id=212, 785.5749pt x 388.27057pt>
File: Figures/Influence_of_Amplitude/Frequency_Domain_Analysis/Pitch/DFT_LiftForce_Amplitude_Scheme_3.png Graphic file (type png)
<use Figures/Influence_of_Amplitude/Frequency_Domain_Analysis/Pitch/DFT_LiftForce_Amplitude_Scheme_3.png>
Package pdftex.def Info: Figures/Influence_of_Amplitude/Frequency_Domain_Analysis/Pitch/DFT_LiftForce_Amplitude_Scheme_3.png  used on input line 559.
(pdftex.def)             Requested size: 203.83417pt x 100.7406pt.
<Figures/Influence_of_Amplitude/Frequency_Domain_Analysis/Pitch/DFT_Moment_Amplitude_Scheme_3.png, id=213, 785.5749pt x 388.27057pt>
File: Figures/Influence_of_Amplitude/Frequency_Domain_Analysis/Pitch/DFT_Moment_Amplitude_Scheme_3.png Graphic file (type png)
<use Figures/Influence_of_Amplitude/Frequency_Domain_Analysis/Pitch/DFT_Moment_Amplitude_Scheme_3.png>
Package pdftex.def Info: Figures/Influence_of_Amplitude/Frequency_Domain_Analysis/Pitch/DFT_Moment_Amplitude_Scheme_3.png  used on input line 566.
(pdftex.def)             Requested size: 203.83417pt x 100.7406pt.
<Figures/Influence_of_Amplitude/Frequency_Domain_Analysis/Pitch/DFT_LiftForce_Amplitude_Scheme_4.png, id=214, 785.5749pt x 388.27057pt>
File: Figures/Influence_of_Amplitude/Frequency_Domain_Analysis/Pitch/DFT_LiftForce_Amplitude_Scheme_4.png Graphic file (type png)
<use Figures/Influence_of_Amplitude/Frequency_Domain_Analysis/Pitch/DFT_LiftForce_Amplitude_Scheme_4.png>
Package pdftex.def Info: Figures/Influence_of_Amplitude/Frequency_Domain_Analysis/Pitch/DFT_LiftForce_Amplitude_Scheme_4.png  used on input line 572.
(pdftex.def)             Requested size: 203.83417pt x 100.7406pt.
<Figures/Influence_of_Amplitude/Frequency_Domain_Analysis/Pitch/DFT_Moment_Amplitude_Scheme_4.png, id=215, 785.5749pt x 388.27057pt>
File: Figures/Influence_of_Amplitude/Frequency_Domain_Analysis/Pitch/DFT_Moment_Amplitude_Scheme_4.png Graphic file (type png)
<use Figures/Influence_of_Amplitude/Frequency_Domain_Analysis/Pitch/DFT_Moment_Amplitude_Scheme_4.png>
Package pdftex.def Info: Figures/Influence_of_Amplitude/Frequency_Domain_Analysis/Pitch/DFT_Moment_Amplitude_Scheme_4.png  used on input line 579.
(pdftex.def)             Requested size: 203.83417pt x 100.7406pt.

Underfull \hbox (badness 10000) in paragraph at lines 590--593

 []


Underfull \hbox (badness 10000) in paragraph at lines 594--601

 []

[14 <d:/1.TUM courses/Masters Thesis/Report_Latex/Chap_4/Figures/Influence_of_Amplitude/Frequency_Domain_Analysis/Heave/DFT_LiftForce_Amplitude_Scheme_6.png> <d:/1.TUM courses/Masters Thesis/Report_Latex/Chap_4/Figures/Influence_of_Amplitude/Frequency_Domain_Analysis/Heave/DFT_Moment_Amplitude_Scheme_6.png> <d:/1.TUM courses/Masters Thesis/Report_Latex/Chap_4/Figures/Influence_of_Amplitude/Frequency_Domain_Analysis/Pitch/DFT_LiftForce_Amplitude_Scheme_3.png> <d:/1.TUM courses/Masters Thesis/Report_Latex/Chap_4/Figures/Influence_of_Amplitude/Frequency_Domain_Analysis/Pitch/DFT_Moment_Amplitude_Scheme_3.png> <d:/1.TUM courses/Masters Thesis/Report_Latex/Chap_4/Figures/Influence_of_Amplitude/Frequency_Domain_Analysis/Pitch/DFT_LiftForce_Amplitude_Scheme_4.png> <d:/1.TUM courses/Masters Thesis/Report_Latex/Chap_4/Figures/Influence_of_Amplitude/Frequency_Domain_Analysis/Pitch/DFT_Moment_Amplitude_Scheme_4.png>]
Underfull \hbox (badness 10000) in paragraph at lines 602--607

 []


LaTeX Warning: Citation `noda2003' on page 15 undefined on input line 614.


LaTeX Warning: Citation `lin2019' on page 15 undefined on input line 614.


Underfull \hbox (badness 10000) in paragraph at lines 608--617

 []


Underfull \hbox (badness 10000) in paragraph at lines 618--620

 []


Underfull \hbox (badness 10000) in paragraph at lines 621--623

 []


Underfull \hbox (badness 10000) in paragraph at lines 624--632

 []


LaTeX Warning: Reference `fig:Appendix_Complete_Compiled_Displacement_Vs_Force' on page 15 undefined on input line 636.


Underfull \hbox (badness 10000) in paragraph at lines 633--637

 []

[15]
Underfull \hbox (badness 10000) in paragraph at lines 638--642

 []

<Figures/Influence_of_Amplitude/Displacement_Vs_Force/Heave/Heave_LiftForce_and_Moment_vs_Amplitude.png, id=244, 650.43pt x 433.62pt>
File: Figures/Influence_of_Amplitude/Displacement_Vs_Force/Heave/Heave_LiftForce_and_Moment_vs_Amplitude.png Graphic file (type png)
<use Figures/Influence_of_Amplitude/Displacement_Vs_Force/Heave/Heave_LiftForce_and_Moment_vs_Amplitude.png>
Package pdftex.def Info: Figures/Influence_of_Amplitude/Displacement_Vs_Force/Heave/Heave_LiftForce_and_Moment_vs_Amplitude.png  used on input line 652.
(pdftex.def)             Requested size: 203.83417pt x 135.88966pt.
<Figures/Influence_of_Amplitude/Displacement_Vs_Force/Heave/Heave_Phases_vs_Amplitude.png, id=245, 722.7pt x 433.62pt>
File: Figures/Influence_of_Amplitude/Displacement_Vs_Force/Heave/Heave_Phases_vs_Amplitude.png Graphic file (type png)
<use Figures/Influence_of_Amplitude/Displacement_Vs_Force/Heave/Heave_Phases_vs_Amplitude.png>
Package pdftex.def Info: Figures/Influence_of_Amplitude/Displacement_Vs_Force/Heave/Heave_Phases_vs_Amplitude.png  used on input line 659.
(pdftex.def)             Requested size: 203.83417pt x 122.29938pt.
<Figures/Influence_of_Amplitude/Displacement_Vs_Force/Pitch/Pitch_LiftForce_and_Moment_vs_Amplitude.png, id=246, 650.43pt x 433.62pt>
File: Figures/Influence_of_Amplitude/Displacement_Vs_Force/Pitch/Pitch_LiftForce_and_Moment_vs_Amplitude.png Graphic file (type png)
<use Figures/Influence_of_Amplitude/Displacement_Vs_Force/Pitch/Pitch_LiftForce_and_Moment_vs_Amplitude.png>
Package pdftex.def Info: Figures/Influence_of_Amplitude/Displacement_Vs_Force/Pitch/Pitch_LiftForce_and_Moment_vs_Amplitude.png  used on input line 666.
(pdftex.def)             Requested size: 203.83417pt x 135.88966pt.
<Figures/Influence_of_Amplitude/Displacement_Vs_Force/Pitch/Pitch_Phases_vs_Amplitude.png, id=247, 722.7pt x 433.62pt>
File: Figures/Influence_of_Amplitude/Displacement_Vs_Force/Pitch/Pitch_Phases_vs_Amplitude.png Graphic file (type png)
<use Figures/Influence_of_Amplitude/Displacement_Vs_Force/Pitch/Pitch_Phases_vs_Amplitude.png>
Package pdftex.def Info: Figures/Influence_of_Amplitude/Displacement_Vs_Force/Pitch/Pitch_Phases_vs_Amplitude.png  used on input line 673.
(pdftex.def)             Requested size: 203.83417pt x 122.29938pt.
<Figures/Influence_of_Amplitude/Compressed_Displacement_Vs_Force/Heave/NormalizedMoment_vs_Amplitude_Schemes_RelativeToFirst.png, id=248, 722.7pt x 433.62pt>
File: Figures/Influence_of_Amplitude/Compressed_Displacement_Vs_Force/Heave/NormalizedMoment_vs_Amplitude_Schemes_RelativeToFirst.png Graphic file (type png)
<use Figures/Influence_of_Amplitude/Compressed_Displacement_Vs_Force/Heave/NormalizedMoment_vs_Amplitude_Schemes_RelativeToFirst.png>
Package pdftex.def Info: Figures/Influence_of_Amplitude/Compressed_Displacement_Vs_Force/Heave/NormalizedMoment_vs_Amplitude_Schemes_RelativeToFirst.png  used on input line 687.
(pdftex.def)             Requested size: 203.83417pt x 122.29938pt.
<Figures/Influence_of_Amplitude/Compressed_Displacement_Vs_Force/Pitch/NormalizedMoment_vs_Amplitude_Schemes_RelativeToFirst.png, id=249, 722.7pt x 433.62pt>
File: Figures/Influence_of_Amplitude/Compressed_Displacement_Vs_Force/Pitch/NormalizedMoment_vs_Amplitude_Schemes_RelativeToFirst.png Graphic file (type png)
<use Figures/Influence_of_Amplitude/Compressed_Displacement_Vs_Force/Pitch/NormalizedMoment_vs_Amplitude_Schemes_RelativeToFirst.png>
Package pdftex.def Info: Figures/Influence_of_Amplitude/Compressed_Displacement_Vs_Force/Pitch/NormalizedMoment_vs_Amplitude_Schemes_RelativeToFirst.png  used on input line 694.
(pdftex.def)             Requested size: 203.83417pt x 122.29938pt.
<Figures/Influence_of_Amplitude/Compressed_Displacement_Vs_Force/Heave/PhaseMx_Error_vs_Amplitude_Schemes.png, id=250, 722.7pt x 433.62pt>
File: Figures/Influence_of_Amplitude/Compressed_Displacement_Vs_Force/Heave/PhaseMx_Error_vs_Amplitude_Schemes.png Graphic file (type png)
<use Figures/Influence_of_Amplitude/Compressed_Displacement_Vs_Force/Heave/PhaseMx_Error_vs_Amplitude_Schemes.png>
Package pdftex.def Info: Figures/Influence_of_Amplitude/Compressed_Displacement_Vs_Force/Heave/PhaseMx_Error_vs_Amplitude_Schemes.png  used on input line 701.
(pdftex.def)             Requested size: 203.83417pt x 122.29938pt.
<Figures/Influence_of_Amplitude/Compressed_Displacement_Vs_Force/Pitch/PhaseMx_Error_vs_Amplitude_Schemes.png, id=251, 722.7pt x 433.62pt>
File: Figures/Influence_of_Amplitude/Compressed_Displacement_Vs_Force/Pitch/PhaseMx_Error_vs_Amplitude_Schemes.png Graphic file (type png)
<use Figures/Influence_of_Amplitude/Compressed_Displacement_Vs_Force/Pitch/PhaseMx_Error_vs_Amplitude_Schemes.png>
Package pdftex.def Info: Figures/Influence_of_Amplitude/Compressed_Displacement_Vs_Force/Pitch/PhaseMx_Error_vs_Amplitude_Schemes.png  used on input line 708.
(pdftex.def)             Requested size: 203.83417pt x 122.29938pt.

LaTeX Warning: Citation `noda2003' on page 16 undefined on input line 720.


LaTeX Warning: Citation `lin2019' on page 16 undefined on input line 720.


Underfull \hbox (badness 10000) in paragraph at lines 720--725

 []

[16 <d:/1.TUM courses/Masters Thesis/Report_Latex/Chap_4/Figures/Influence_of_Amplitude/Displacement_Vs_Force/Heave/Heave_LiftForce_and_Moment_vs_Amplitude.png> <d:/1.TUM courses/Masters Thesis/Report_Latex/Chap_4/Figures/Influence_of_Amplitude/Displacement_Vs_Force/Heave/Heave_Phases_vs_Amplitude.png> <d:/1.TUM courses/Masters Thesis/Report_Latex/Chap_4/Figures/Influence_of_Amplitude/Displacement_Vs_Force/Pitch/Pitch_LiftForce_and_Moment_vs_Amplitude.png> <d:/1.TUM courses/Masters Thesis/Report_Latex/Chap_4/Figures/Influence_of_Amplitude/Displacement_Vs_Force/Pitch/Pitch_Phases_vs_Amplitude.png>]
Underfull \hbox (badness 10000) in paragraph at lines 726--732

 []


Underfull \hbox (badness 10000) in paragraph at lines 733--736

 []

[17 <d:/1.TUM courses/Masters Thesis/Report_Latex/Chap_4/Figures/Influence_of_Amplitude/Compressed_Displacement_Vs_Force/Heave/NormalizedMoment_vs_Amplitude_Schemes_RelativeToFirst.png> <d:/1.TUM courses/Masters Thesis/Report_Latex/Chap_4/Figures/Influence_of_Amplitude/Compressed_Displacement_Vs_Force/Pitch/NormalizedMoment_vs_Amplitude_Schemes_RelativeToFirst.png> <d:/1.TUM courses/Masters Thesis/Report_Latex/Chap_4/Figures/Influence_of_Amplitude/Compressed_Displacement_Vs_Force/Heave/PhaseMx_Error_vs_Amplitude_Schemes.png> <d:/1.TUM courses/Masters Thesis/Report_Latex/Chap_4/Figures/Influence_of_Amplitude/Compressed_Displacement_Vs_Force/Pitch/PhaseMx_Error_vs_Amplitude_Schemes.png>]
Underfull \hbox (badness 10000) in paragraph at lines 746--754

 []

<Figures/Influence_of_Amplitude/Pitch_Study/Prescribed Displacement_marked.png, id=272, 1076.823pt x 206.2104pt>
File: Figures/Influence_of_Amplitude/Pitch_Study/Prescribed Displacement_marked.png Graphic file (type png)
<use Figures/Influence_of_Amplitude/Pitch_Study/Prescribed Displacement_marked.png>
Package pdftex.def Info: Figures/Influence_of_Amplitude/Pitch_Study/Prescribed Displacement_marked.png  used on input line 761.
(pdftex.def)             Requested size: 452.9679pt x 86.74307pt.
<Figures/Influence_of_Amplitude/Pitch_Study/Amp_0/Comparative_Amp0_vs_Amp6_Pitch_ComparativePressure_Amp0_vs_Amp6_t32.000.png, id=273, 932.5239pt x 245.718pt>
File: Figures/Influence_of_Amplitude/Pitch_Study/Amp_0/Comparative_Amp0_vs_Amp6_Pitch_ComparativePressure_Amp0_vs_Amp6_t32.000.png Graphic file (type png)
<use Figures/Influence_of_Amplitude/Pitch_Study/Amp_0/Comparative_Amp0_vs_Amp6_Pitch_ComparativePressure_Amp0_vs_Amp6_t32.000.png>
Package pdftex.def Info: Figures/Influence_of_Amplitude/Pitch_Study/Amp_0/Comparative_Amp0_vs_Amp6_Pitch_ComparativePressure_Amp0_vs_Amp6_t32.000.png  used on input line 770.
(pdftex.def)             Requested size: 217.42265pt x 57.29005pt.
<Figures/Influence_of_Amplitude/Pitch_Study/Amp_0/Comparative_Amp0_vs_Amp6_Pitch_ComparativePressure_Amp0_vs_Amp6_t34.000.png, id=274, 932.5239pt x 245.718pt>
File: Figures/Influence_of_Amplitude/Pitch_Study/Amp_0/Comparative_Amp0_vs_Amp6_Pitch_ComparativePressure_Amp0_vs_Amp6_t34.000.png Graphic file (type png)
<use Figures/Influence_of_Amplitude/Pitch_Study/Amp_0/Comparative_Amp0_vs_Amp6_Pitch_ComparativePressure_Amp0_vs_Amp6_t34.000.png>
Package pdftex.def Info: Figures/Influence_of_Amplitude/Pitch_Study/Amp_0/Comparative_Amp0_vs_Amp6_Pitch_ComparativePressure_Amp0_vs_Amp6_t34.000.png  used on input line 777.
(pdftex.def)             Requested size: 217.42265pt x 57.29005pt.
<Figures/Influence_of_Amplitude/Pitch_Study/Amp_0/Comparative_Amp0_vs_Amp6_Pitch_ComparativePressure_Amp0_vs_Amp6_t36.000.png, id=275, 932.5239pt x 245.718pt>
File: Figures/Influence_of_Amplitude/Pitch_Study/Amp_0/Comparative_Amp0_vs_Amp6_Pitch_ComparativePressure_Amp0_vs_Amp6_t36.000.png Graphic file (type png)
<use Figures/Influence_of_Amplitude/Pitch_Study/Amp_0/Comparative_Amp0_vs_Amp6_Pitch_ComparativePressure_Amp0_vs_Amp6_t36.000.png>
Package pdftex.def Info: Figures/Influence_of_Amplitude/Pitch_Study/Amp_0/Comparative_Amp0_vs_Amp6_Pitch_ComparativePressure_Amp0_vs_Amp6_t36.000.png  used on input line 784.
(pdftex.def)             Requested size: 217.42265pt x 57.29005pt.
<Figures/Influence_of_Amplitude/Pitch_Study/Amp_0/Comparative_Amp0_vs_Amp6_Pitch_ComparativePressure_Amp0_vs_Amp6_t38.000.png, id=276, 932.5239pt x 245.718pt>
File: Figures/Influence_of_Amplitude/Pitch_Study/Amp_0/Comparative_Amp0_vs_Amp6_Pitch_ComparativePressure_Amp0_vs_Amp6_t38.000.png Graphic file (type png)
<use Figures/Influence_of_Amplitude/Pitch_Study/Amp_0/Comparative_Amp0_vs_Amp6_Pitch_ComparativePressure_Amp0_vs_Amp6_t38.000.png>
Package pdftex.def Info: Figures/Influence_of_Amplitude/Pitch_Study/Amp_0/Comparative_Amp0_vs_Amp6_Pitch_ComparativePressure_Amp0_vs_Amp6_t38.000.png  used on input line 791.
(pdftex.def)             Requested size: 217.42265pt x 57.29005pt.

LaTeX Warning: Citation `diana2020' on page 18 undefined on input line 875.


LaTeX Warning: Citation `xin2007' on page 18 undefined on input line 875.


LaTeX Warning: Citation `zhan2012_Tacoma_Narrows' on page 18 undefined on input line 875.


Underfull \hbox (badness 10000) in paragraph at lines 873--877

 []

[18 <d:/1.TUM courses/Masters Thesis/Report_Latex/Chap_4/Figures/Influence_of_Amplitude/Pitch_Study/Prescribed Displacement_marked.png> <d:/1.TUM courses/Masters Thesis/Report_Latex/Chap_4/Figures/Influence_of_Amplitude/Pitch_Study/Amp_0/Comparative_Amp0_vs_Amp6_Pitch_ComparativePressure_Amp0_vs_Amp6_t32.000.png> <d:/1.TUM courses/Masters Thesis/Report_Latex/Chap_4/Figures/Influence_of_Amplitude/Pitch_Study/Amp_0/Comparative_Amp0_vs_Amp6_Pitch_ComparativePressure_Amp0_vs_Amp6_t34.000.png> <d:/1.TUM courses/Masters Thesis/Report_Latex/Chap_4/Figures/Influence_of_Amplitude/Pitch_Study/Amp_0/Comparative_Amp0_vs_Amp6_Pitch_ComparativePressure_Amp0_vs_Amp6_t36.000.png> <d:/1.TUM courses/Masters Thesis/Report_Latex/Chap_4/Figures/Influence_of_Amplitude/Pitch_Study/Amp_0/Comparative_Amp0_vs_Amp6_Pitch_ComparativePressure_Amp0_vs_Amp6_t38.000.png>]
Underfull \hbox (badness 10000) in paragraph at lines 878--886

 []


Overfull \hbox (15.35439pt too wide) in paragraph at lines 899--910
 [][] 
 []

<Figures/Influence_of_Amplitude/CriticalVelocity_vs__Amplitude_Scheme.png, id=289, 722.7pt x 433.62pt>
File: Figures/Influence_of_Amplitude/CriticalVelocity_vs__Amplitude_Scheme.png Graphic file (type png)
<use Figures/Influence_of_Amplitude/CriticalVelocity_vs__Amplitude_Scheme.png>
Package pdftex.def Info: Figures/Influence_of_Amplitude/CriticalVelocity_vs__Amplitude_Scheme.png  used on input line 917.
(pdftex.def)             Requested size: 217.42265pt x 130.45091pt.
<Figures/Influence_of_Amplitude/ReducedVelocity_Vs__Amplitude_Scheme.png, id=290, 722.7pt x 433.62pt>
File: Figures/Influence_of_Amplitude/ReducedVelocity_Vs__Amplitude_Scheme.png Graphic file (type png)
<use Figures/Influence_of_Amplitude/ReducedVelocity_Vs__Amplitude_Scheme.png>
Package pdftex.def Info: Figures/Influence_of_Amplitude/ReducedVelocity_Vs__Amplitude_Scheme.png  used on input line 924.
(pdftex.def)             Requested size: 217.42265pt x 130.45091pt.
[19 <d:/1.TUM courses/Masters Thesis/Report_Latex/Chap_4/Figures/Influence_of_Amplitude/CriticalVelocity_vs__Amplitude_Scheme.png> <d:/1.TUM courses/Masters Thesis/Report_Latex/Chap_4/Figures/Influence_of_Amplitude/ReducedVelocity_Vs__Amplitude_Scheme.png>] [20] (d:\1.TUM courses\Masters Thesis\Report_Latex\Chap_4\Chapt_4.aux)
 ***********
LaTeX2e <2023-11-01> patch level 1
L3 programming layer <2024-01-04>
 ***********


LaTeX Warning: There were undefined references.


LaTeX Warning: There were multiply-defined labels.

Package rerunfilecheck Info: File `Chapt_4.out' has not changed.
(rerunfilecheck)             Checksum: F50EBCF31F4C322D00C0E51188661D41;3317.
 ) 
Here is how much of TeX's memory you used:
 23471 strings out of 476402
 460955 string characters out of 5794312
 1944542 words of memory out of 5000000
 45068 multiletter control sequences out of 15000+600000
 565490 words of font info for 63 fonts, out of 8000000 for 9000
 14 hyphenation exceptions out of 8191
 104i,11n,110p,523b,537s stack positions out of 10000i,1000n,20000p,200000b,200000s
 <C:\Users\aakas\AppData\Local\MiKTeX\fonts/pk/ljfour/jknappen/ec/dpi600\tcrm1200.pk><C:/Users/aakas/AppData/Local/Programs/MiKTeX/fonts/type1/public/amsfonts/cm/cmbx12.pfb><C:/Users/aakas/AppData/Local/Programs/MiKTeX/fonts/type1/public/amsfonts/cm/cmex10.pfb><C:/Users/aakas/AppData/Local/Programs/MiKTeX/fonts/type1/public/amsfonts/cm/cmmi12.pfb><C:/Users/aakas/AppData/Local/Programs/MiKTeX/fonts/type1/public/amsfonts/cm/cmmi8.pfb><C:/Users/aakas/AppData/Local/Programs/MiKTeX/fonts/type1/public/amsfonts/cm/cmr10.pfb><C:/Users/aakas/AppData/Local/Programs/MiKTeX/fonts/type1/public/amsfonts/cm/cmr12.pfb><C:/Users/aakas/AppData/Local/Programs/MiKTeX/fonts/type1/public/amsfonts/cm/cmr8.pfb><C:/Users/aakas/AppData/Local/Programs/MiKTeX/fonts/type1/public/amsfonts/cm/cmsy10.pfb><C:/Users/aakas/AppData/Local/Programs/MiKTeX/fonts/type1/public/amsfonts/cm/cmsy8.pfb>
Output written on "d:\1.TUM courses\Masters Thesis\Report_Latex\Chap_4\Chapt_4.pdf" (20 pages, 10698026 bytes).
PDF statistics:
 362 PDF objects out of 1000 (max. 8388607)
 61 named destinations out of 1000 (max. 500000)
 336 words of extra memory for PDF output out of 10000 (max. 10000000)

